{"/Users/mohdashraf/Desktop/reactivesearch/packages/vue/src/components/Provider.js": {"path":"/Users/mohdashraf/Desktop/reactivesearch/packages/vue/src/components/Provider.js","statementMap":{"0":{"start":{"line":8,"column":4},"end":{"line":12,"column":5}},"1":{"start":{"line":9,"column":5},"end":{"line":11,"column":7}},"2":{"start":{"line":13,"column":4},"end":{"line":13,"column":16}},"3":{"start":{"line":18,"column":2},"end":{"line":20,"column":4}},"4":{"start":{"line":23,"column":2},"end":{"line":25,"column":3}},"5":{"start":{"line":24,"column":3},"end":{"line":24,"column":40}},"6":{"start":{"line":26,"column":2},"end":{"line":26,"column":32}}},"fnMap":{"0":{"name":"(anonymous_0)","decl":{"start":{"line":7,"column":3},"end":{"line":7,"column":4}},"loc":{"start":{"line":7,"column":20},"end":{"line":14,"column":4}},"line":7},"1":{"name":"(anonymous_1)","decl":{"start":{"line":17,"column":1},"end":{"line":17,"column":2}},"loc":{"start":{"line":17,"column":11},"end":{"line":21,"column":2}},"line":17},"2":{"name":"(anonymous_2)","decl":{"start":{"line":22,"column":1},"end":{"line":22,"column":2}},"loc":{"start":{"line":22,"column":11},"end":{"line":27,"column":2}},"line":22}},"branchMap":{"0":{"loc":{"start":{"line":8,"column":4},"end":{"line":12,"column":5}},"type":"if","locations":[{"start":{"line":8,"column":4},"end":{"line":12,"column":5}},{"start":{"line":8,"column":4},"end":{"line":12,"column":5}}],"line":8},"1":{"loc":{"start":{"line":8,"column":8},"end":{"line":8,"column":62}},"type":"binary-expr","locations":[{"start":{"line":8,"column":8},"end":{"line":8,"column":23}},{"start":{"line":8,"column":27},"end":{"line":8,"column":43}},{"start":{"line":8,"column":47},"end":{"line":8,"column":62}}],"line":8},"2":{"loc":{"start":{"line":23,"column":2},"end":{"line":25,"column":3}},"type":"if","locations":[{"start":{"line":23,"column":2},"end":{"line":25,"column":3}},{"start":{"line":23,"column":2},"end":{"line":25,"column":3}}],"line":23}},"s":{"0":53,"1":0,"2":53,"3":53,"4":53,"5":0,"6":53},"f":{"0":53,"1":53,"2":53},"b":{"0":[0,53],"1":[53,0,0],"2":[0,53]},"_coverageSchema":"43e27e138ebf9cfc5966b082cf9a028302ed4184","hash":"f288f49a5d6ac2a6130f0d30fba6c4253249c15f"}
,"/Users/mohdashraf/Desktop/reactivesearch/packages/vue/src/components/URLParamsProvider.jsx": {"path":"/Users/mohdashraf/Desktop/reactivesearch/packages/vue/src/components/URLParamsProvider.jsx","statementMap":{"0":{"start":{"line":7,"column":33},"end":{"line":7,"column":40}},"1":{"start":{"line":8,"column":20},"end":{"line":8,"column":26}},"2":{"start":{"line":10,"column":26},"end":{"line":213,"column":1}},"3":{"start":{"line":20,"column":2},"end":{"line":20,"column":14}},"4":{"start":{"line":22,"column":2},"end":{"line":46,"column":4}},"5":{"start":{"line":23,"column":3},"end":{"line":23,"column":15}},"6":{"start":{"line":24,"column":28},"end":{"line":24,"column":58}},"7":{"start":{"line":27,"column":3},"end":{"line":31,"column":7}},"8":{"start":{"line":28,"column":20},"end":{"line":28,"column":52}},"9":{"start":{"line":30,"column":5},"end":{"line":30,"column":36}},"10":{"start":{"line":34,"column":3},"end":{"line":45,"column":6}},"11":{"start":{"line":35,"column":4},"end":{"line":44,"column":5}},"12":{"start":{"line":36,"column":32},"end":{"line":36,"column":36}},"13":{"start":{"line":37,"column":46},"end":{"line":39,"column":6}},"14":{"start":{"line":40,"column":5},"end":{"line":40,"column":79}},"15":{"start":{"line":43,"column":5},"end":{"line":43,"column":22}},"16":{"start":{"line":53,"column":3},"end":{"line":53,"column":34}},"17":{"start":{"line":56,"column":3},"end":{"line":56,"column":38}},"18":{"start":{"line":57,"column":3},"end":{"line":116,"column":4}},"19":{"start":{"line":58,"column":4},"end":{"line":60,"column":30}},"20":{"start":{"line":61,"column":4},"end":{"line":61,"column":57}},"21":{"start":{"line":62,"column":30},"end":{"line":62,"column":49}},"22":{"start":{"line":63,"column":26},"end":{"line":63,"column":56}},"23":{"start":{"line":65,"column":4},"end":{"line":98,"column":8}},"24":{"start":{"line":66,"column":26},"end":{"line":66,"column":53}},"25":{"start":{"line":69,"column":6},"end":{"line":97,"column":7}},"26":{"start":{"line":73,"column":30},"end":{"line":73,"column":47}},"27":{"start":{"line":74,"column":7},"end":{"line":89,"column":8}},"28":{"start":{"line":75,"column":8},"end":{"line":85,"column":9}},"29":{"start":{"line":76,"column":9},"end":{"line":82,"column":11}},"30":{"start":{"line":84,"column":9},"end":{"line":84,"column":69}},"31":{"start":{"line":87,"column":8},"end":{"line":87,"column":38}},"32":{"start":{"line":88,"column":8},"end":{"line":88,"column":29}},"33":{"start":{"line":90,"column":13},"end":{"line":97,"column":7}},"34":{"start":{"line":95,"column":7},"end":{"line":95,"column":37}},"35":{"start":{"line":96,"column":7},"end":{"line":96,"column":28}},"36":{"start":{"line":101,"column":4},"end":{"line":106,"column":8}},"37":{"start":{"line":102,"column":26},"end":{"line":102,"column":64}},"38":{"start":{"line":104,"column":6},"end":{"line":104,"column":36}},"39":{"start":{"line":105,"column":6},"end":{"line":105,"column":27}},"40":{"start":{"line":108,"column":4},"end":{"line":115,"column":5}},"41":{"start":{"line":109,"column":5},"end":{"line":113,"column":8}},"42":{"start":{"line":110,"column":6},"end":{"line":112,"column":7}},"43":{"start":{"line":111,"column":7},"end":{"line":111,"column":32}},"44":{"start":{"line":114,"column":5},"end":{"line":114,"column":26}},"45":{"start":{"line":119,"column":3},"end":{"line":121,"column":4}},"46":{"start":{"line":120,"column":4},"end":{"line":120,"column":28}},"47":{"start":{"line":126,"column":3},"end":{"line":128,"column":29}},"48":{"start":{"line":129,"column":3},"end":{"line":129,"column":56}},"49":{"start":{"line":130,"column":3},"end":{"line":130,"column":57}},"50":{"start":{"line":137,"column":3},"end":{"line":154,"column":4}},"51":{"start":{"line":138,"column":25},"end":{"line":140,"column":29}},"52":{"start":{"line":142,"column":4},"end":{"line":153,"column":5}},"53":{"start":{"line":144,"column":5},"end":{"line":150,"column":6}},"54":{"start":{"line":145,"column":6},"end":{"line":145,"column":36}},"55":{"start":{"line":148,"column":6},"end":{"line":148,"column":44}},"56":{"start":{"line":149,"column":6},"end":{"line":149,"column":46}},"57":{"start":{"line":152,"column":5},"end":{"line":152,"column":33}},"58":{"start":{"line":158,"column":3},"end":{"line":158,"column":32}},"59":{"start":{"line":158,"column":19},"end":{"line":158,"column":32}},"60":{"start":{"line":159,"column":3},"end":{"line":159,"column":71}},"61":{"start":{"line":159,"column":39},"end":{"line":159,"column":71}},"62":{"start":{"line":160,"column":3},"end":{"line":160,"column":28}},"63":{"start":{"line":164,"column":3},"end":{"line":166,"column":4}},"64":{"start":{"line":165,"column":4},"end":{"line":165,"column":50}},"65":{"start":{"line":165,"column":29},"end":{"line":165,"column":48}},"66":{"start":{"line":166,"column":5},"end":{"line":171,"column":4}},"67":{"start":{"line":168,"column":4},"end":{"line":168,"column":37}},"68":{"start":{"line":168,"column":24},"end":{"line":168,"column":37}},"69":{"start":{"line":169,"column":4},"end":{"line":169,"column":37}},"70":{"start":{"line":169,"column":24},"end":{"line":169,"column":37}},"71":{"start":{"line":170,"column":4},"end":{"line":170,"column":44}},"72":{"start":{"line":172,"column":3},"end":{"line":172,"column":16}},"73":{"start":{"line":176,"column":3},"end":{"line":178,"column":29}},"74":{"start":{"line":179,"column":3},"end":{"line":179,"column":56}},"75":{"start":{"line":180,"column":3},"end":{"line":193,"column":4}},"76":{"start":{"line":185,"column":4},"end":{"line":185,"column":34}},"77":{"start":{"line":186,"column":4},"end":{"line":186,"column":25}},"78":{"start":{"line":188,"column":17},"end":{"line":188,"column":53}},"79":{"start":{"line":189,"column":4},"end":{"line":192,"column":5}},"80":{"start":{"line":190,"column":5},"end":{"line":190,"column":38}},"81":{"start":{"line":191,"column":5},"end":{"line":191,"column":26}},"82":{"start":{"line":197,"column":23},"end":{"line":197,"column":81}},"83":{"start":{"line":198,"column":16},"end":{"line":198,"column":50}},"84":{"start":{"line":199,"column":18},"end":{"line":199,"column":41}},"85":{"start":{"line":201,"column":3},"end":{"line":205,"column":4}},"86":{"start":{"line":202,"column":4},"end":{"line":202,"column":40}},"87":{"start":{"line":203,"column":10},"end":{"line":205,"column":4}},"88":{"start":{"line":204,"column":4},"end":{"line":204,"column":59}},"89":{"start":{"line":206,"column":3},"end":{"line":206,"column":15}},"90":{"start":{"line":210,"column":19},"end":{"line":210,"column":38}},"91":{"start":{"line":211,"column":2},"end":{"line":211,"column":83}},"92":{"start":{"line":215,"column":24},"end":{"line":218,"column":2}},"93":{"start":{"line":215,"column":34},"end":{"line":218,"column":1}},"94":{"start":{"line":220,"column":27},"end":{"line":223,"column":1}},"95":{"start":{"line":225,"column":0},"end":{"line":227,"column":2}},"96":{"start":{"line":226,"column":1},"end":{"line":226,"column":58}}},"fnMap":{"0":{"name":"(anonymous_0)","decl":{"start":{"line":19,"column":1},"end":{"line":19,"column":2}},"loc":{"start":{"line":19,"column":11},"end":{"line":47,"column":2}},"line":19},"1":{"name":"(anonymous_1)","decl":{"start":{"line":22,"column":22},"end":{"line":22,"column":23}},"loc":{"start":{"line":22,"column":28},"end":{"line":46,"column":3}},"line":22},"2":{"name":"(anonymous_2)","decl":{"start":{"line":28,"column":12},"end":{"line":28,"column":13}},"loc":{"start":{"line":28,"column":20},"end":{"line":28,"column":52}},"line":28},"3":{"name":"(anonymous_3)","decl":{"start":{"line":29,"column":13},"end":{"line":29,"column":14}},"loc":{"start":{"line":29,"column":26},"end":{"line":31,"column":5}},"line":29},"4":{"name":"(anonymous_4)","decl":{"start":{"line":34,"column":45},"end":{"line":34,"column":46}},"loc":{"start":{"line":34,"column":53},"end":{"line":45,"column":4}},"line":34},"5":{"name":"(anonymous_5)","decl":{"start":{"line":49,"column":2},"end":{"line":49,"column":3}},"loc":{"start":{"line":49,"column":11},"end":{"line":54,"column":3}},"line":49},"6":{"name":"(anonymous_6)","decl":{"start":{"line":55,"column":2},"end":{"line":55,"column":3}},"loc":{"start":{"line":55,"column":33},"end":{"line":117,"column":3}},"line":55},"7":{"name":"(anonymous_7)","decl":{"start":{"line":66,"column":13},"end":{"line":66,"column":14}},"loc":{"start":{"line":66,"column":26},"end":{"line":66,"column":53}},"line":66},"8":{"name":"(anonymous_8)","decl":{"start":{"line":67,"column":14},"end":{"line":67,"column":15}},"loc":{"start":{"line":67,"column":27},"end":{"line":98,"column":6}},"line":67},"9":{"name":"(anonymous_9)","decl":{"start":{"line":102,"column":13},"end":{"line":102,"column":14}},"loc":{"start":{"line":102,"column":26},"end":{"line":102,"column":64}},"line":102},"10":{"name":"(anonymous_10)","decl":{"start":{"line":103,"column":14},"end":{"line":103,"column":15}},"loc":{"start":{"line":103,"column":27},"end":{"line":106,"column":6}},"line":103},"11":{"name":"(anonymous_11)","decl":{"start":{"line":109,"column":44},"end":{"line":109,"column":45}},"loc":{"start":{"line":109,"column":52},"end":{"line":113,"column":6}},"line":109},"12":{"name":"(anonymous_12)","decl":{"start":{"line":118,"column":2},"end":{"line":118,"column":3}},"loc":{"start":{"line":118,"column":26},"end":{"line":122,"column":3}},"line":118},"13":{"name":"(anonymous_13)","decl":{"start":{"line":125,"column":2},"end":{"line":125,"column":3}},"loc":{"start":{"line":125,"column":9},"end":{"line":131,"column":3}},"line":125},"14":{"name":"(anonymous_14)","decl":{"start":{"line":133,"column":2},"end":{"line":133,"column":3}},"loc":{"start":{"line":133,"column":28},"end":{"line":155,"column":3}},"line":133},"15":{"name":"(anonymous_15)","decl":{"start":{"line":157,"column":2},"end":{"line":157,"column":3}},"loc":{"start":{"line":157,"column":27},"end":{"line":161,"column":3}},"line":157},"16":{"name":"(anonymous_16)","decl":{"start":{"line":163,"column":2},"end":{"line":163,"column":3}},"loc":{"start":{"line":163,"column":18},"end":{"line":173,"column":3}},"line":163},"17":{"name":"(anonymous_17)","decl":{"start":{"line":165,"column":21},"end":{"line":165,"column":22}},"loc":{"start":{"line":165,"column":29},"end":{"line":165,"column":48}},"line":165},"18":{"name":"(anonymous_18)","decl":{"start":{"line":175,"column":2},"end":{"line":175,"column":3}},"loc":{"start":{"line":175,"column":27},"end":{"line":194,"column":3}},"line":175},"19":{"name":"(anonymous_19)","decl":{"start":{"line":196,"column":2},"end":{"line":196,"column":3}},"loc":{"start":{"line":196,"column":18},"end":{"line":207,"column":3}},"line":196},"20":{"name":"(anonymous_20)","decl":{"start":{"line":209,"column":1},"end":{"line":209,"column":2}},"loc":{"start":{"line":209,"column":10},"end":{"line":212,"column":2}},"line":209},"21":{"name":"(anonymous_21)","decl":{"start":{"line":215,"column":24},"end":{"line":215,"column":25}},"loc":{"start":{"line":215,"column":34},"end":{"line":218,"column":1}},"line":215},"22":{"name":"(anonymous_22)","decl":{"start":{"line":225,"column":28},"end":{"line":225,"column":29}},"loc":{"start":{"line":225,"column":43},"end":{"line":227,"column":1}},"line":225}},"branchMap":{"0":{"loc":{"start":{"line":37,"column":46},"end":{"line":39,"column":6}},"type":"binary-expr","locations":[{"start":{"line":37,"column":46},"end":{"line":37,"column":76}},{"start":{"line":37,"column":80},"end":{"line":39,"column":6}}],"line":37},"1":{"loc":{"start":{"line":57,"column":3},"end":{"line":116,"column":4}},"type":"if","locations":[{"start":{"line":57,"column":3},"end":{"line":116,"column":4}},{"start":{"line":57,"column":3},"end":{"line":116,"column":4}}],"line":57},"2":{"loc":{"start":{"line":58,"column":24},"end":{"line":60,"column":29}},"type":"cond-expr","locations":[{"start":{"line":59,"column":7},"end":{"line":59,"column":36}},{"start":{"line":60,"column":7},"end":{"line":60,"column":29}}],"line":58},"3":{"loc":{"start":{"line":69,"column":6},"end":{"line":97,"column":7}},"type":"if","locations":[{"start":{"line":69,"column":6},"end":{"line":97,"column":7}},{"start":{"line":69,"column":6},"end":{"line":97,"column":7}}],"line":69},"4":{"loc":{"start":{"line":70,"column":7},"end":{"line":71,"column":47}},"type":"binary-expr","locations":[{"start":{"line":70,"column":7},"end":{"line":70,"column":44}},{"start":{"line":71,"column":10},"end":{"line":71,"column":47}}],"line":70},"5":{"loc":{"start":{"line":74,"column":7},"end":{"line":89,"column":8}},"type":"if","locations":[{"start":{"line":74,"column":7},"end":{"line":89,"column":8}},{"start":{"line":74,"column":7},"end":{"line":89,"column":8}}],"line":74},"6":{"loc":{"start":{"line":75,"column":8},"end":{"line":85,"column":9}},"type":"if","locations":[{"start":{"line":75,"column":8},"end":{"line":85,"column":9}},{"start":{"line":75,"column":8},"end":{"line":85,"column":9}}],"line":75},"7":{"loc":{"start":{"line":90,"column":13},"end":{"line":97,"column":7}},"type":"if","locations":[{"start":{"line":90,"column":13},"end":{"line":97,"column":7}},{"start":{"line":90,"column":13},"end":{"line":97,"column":7}}],"line":90},"8":{"loc":{"start":{"line":91,"column":7},"end":{"line":92,"column":43}},"type":"binary-expr","locations":[{"start":{"line":91,"column":7},"end":{"line":91,"column":45}},{"start":{"line":92,"column":10},"end":{"line":92,"column":43}}],"line":91},"9":{"loc":{"start":{"line":108,"column":4},"end":{"line":115,"column":5}},"type":"if","locations":[{"start":{"line":108,"column":4},"end":{"line":115,"column":5}},{"start":{"line":108,"column":4},"end":{"line":115,"column":5}}],"line":108},"10":{"loc":{"start":{"line":110,"column":6},"end":{"line":112,"column":7}},"type":"if","locations":[{"start":{"line":110,"column":6},"end":{"line":112,"column":7}},{"start":{"line":110,"column":6},"end":{"line":112,"column":7}}],"line":110},"11":{"loc":{"start":{"line":110,"column":9},"end":{"line":110,"column":70}},"type":"binary-expr","locations":[{"start":{"line":110,"column":9},"end":{"line":110,"column":30}},{"start":{"line":110,"column":34},"end":{"line":110,"column":70}}],"line":110},"12":{"loc":{"start":{"line":119,"column":3},"end":{"line":121,"column":4}},"type":"if","locations":[{"start":{"line":119,"column":3},"end":{"line":121,"column":4}},{"start":{"line":119,"column":3},"end":{"line":121,"column":4}}],"line":119},"13":{"loc":{"start":{"line":126,"column":23},"end":{"line":128,"column":28}},"type":"cond-expr","locations":[{"start":{"line":127,"column":6},"end":{"line":127,"column":35}},{"start":{"line":128,"column":6},"end":{"line":128,"column":28}}],"line":126},"14":{"loc":{"start":{"line":130,"column":31},"end":{"line":130,"column":56}},"type":"binary-expr","locations":[{"start":{"line":130,"column":31},"end":{"line":130,"column":50}},{"start":{"line":130,"column":54},"end":{"line":130,"column":56}}],"line":130},"15":{"loc":{"start":{"line":137,"column":3},"end":{"line":154,"column":4}},"type":"if","locations":[{"start":{"line":137,"column":3},"end":{"line":154,"column":4}},{"start":{"line":137,"column":3},"end":{"line":154,"column":4}}],"line":137},"16":{"loc":{"start":{"line":138,"column":25},"end":{"line":140,"column":29}},"type":"cond-expr","locations":[{"start":{"line":139,"column":7},"end":{"line":139,"column":36}},{"start":{"line":140,"column":7},"end":{"line":140,"column":29}}],"line":138},"17":{"loc":{"start":{"line":142,"column":4},"end":{"line":153,"column":5}},"type":"if","locations":[{"start":{"line":142,"column":4},"end":{"line":153,"column":5}},{"start":{"line":142,"column":4},"end":{"line":153,"column":5}}],"line":142},"18":{"loc":{"start":{"line":144,"column":5},"end":{"line":150,"column":6}},"type":"if","locations":[{"start":{"line":144,"column":5},"end":{"line":150,"column":6}},{"start":{"line":144,"column":5},"end":{"line":150,"column":6}}],"line":144},"19":{"loc":{"start":{"line":158,"column":3},"end":{"line":158,"column":32}},"type":"if","locations":[{"start":{"line":158,"column":3},"end":{"line":158,"column":32}},{"start":{"line":158,"column":3},"end":{"line":158,"column":32}}],"line":158},"20":{"loc":{"start":{"line":159,"column":3},"end":{"line":159,"column":71}},"type":"if","locations":[{"start":{"line":159,"column":3},"end":{"line":159,"column":71}},{"start":{"line":159,"column":3},"end":{"line":159,"column":71}}],"line":159},"21":{"loc":{"start":{"line":164,"column":3},"end":{"line":166,"column":4}},"type":"if","locations":[{"start":{"line":164,"column":3},"end":{"line":166,"column":4}},{"start":{"line":164,"column":3},"end":{"line":166,"column":4}}],"line":164},"22":{"loc":{"start":{"line":164,"column":7},"end":{"line":164,"column":43}},"type":"binary-expr","locations":[{"start":{"line":164,"column":7},"end":{"line":164,"column":27}},{"start":{"line":164,"column":31},"end":{"line":164,"column":43}}],"line":164},"23":{"loc":{"start":{"line":166,"column":5},"end":{"line":171,"column":4}},"type":"if","locations":[{"start":{"line":166,"column":5},"end":{"line":171,"column":4}},{"start":{"line":166,"column":5},"end":{"line":171,"column":4}}],"line":166},"24":{"loc":{"start":{"line":166,"column":9},"end":{"line":166,"column":43}},"type":"binary-expr","locations":[{"start":{"line":166,"column":9},"end":{"line":166,"column":14}},{"start":{"line":166,"column":18},"end":{"line":166,"column":43}}],"line":166},"25":{"loc":{"start":{"line":168,"column":4},"end":{"line":168,"column":37}},"type":"if","locations":[{"start":{"line":168,"column":4},"end":{"line":168,"column":37}},{"start":{"line":168,"column":4},"end":{"line":168,"column":37}}],"line":168},"26":{"loc":{"start":{"line":169,"column":4},"end":{"line":169,"column":37}},"type":"if","locations":[{"start":{"line":169,"column":4},"end":{"line":169,"column":37}},{"start":{"line":169,"column":4},"end":{"line":169,"column":37}}],"line":169},"27":{"loc":{"start":{"line":170,"column":11},"end":{"line":170,"column":43}},"type":"binary-expr","locations":[{"start":{"line":170,"column":11},"end":{"line":170,"column":22}},{"start":{"line":170,"column":26},"end":{"line":170,"column":35}},{"start":{"line":170,"column":39},"end":{"line":170,"column":43}}],"line":170},"28":{"loc":{"start":{"line":176,"column":23},"end":{"line":178,"column":28}},"type":"cond-expr","locations":[{"start":{"line":177,"column":6},"end":{"line":177,"column":35}},{"start":{"line":178,"column":6},"end":{"line":178,"column":28}}],"line":176},"29":{"loc":{"start":{"line":180,"column":3},"end":{"line":193,"column":4}},"type":"if","locations":[{"start":{"line":180,"column":3},"end":{"line":193,"column":4}},{"start":{"line":180,"column":3},"end":{"line":193,"column":4}}],"line":180},"30":{"loc":{"start":{"line":181,"column":4},"end":{"line":183,"column":51}},"type":"binary-expr","locations":[{"start":{"line":181,"column":4},"end":{"line":181,"column":10}},{"start":{"line":182,"column":8},"end":{"line":182,"column":33}},{"start":{"line":182,"column":37},"end":{"line":182,"column":56}},{"start":{"line":183,"column":8},"end":{"line":183,"column":28}},{"start":{"line":183,"column":32},"end":{"line":183,"column":50}}],"line":181},"31":{"loc":{"start":{"line":189,"column":4},"end":{"line":192,"column":5}},"type":"if","locations":[{"start":{"line":189,"column":4},"end":{"line":192,"column":5}},{"start":{"line":189,"column":4},"end":{"line":192,"column":5}}],"line":189},"32":{"loc":{"start":{"line":197,"column":23},"end":{"line":197,"column":81}},"type":"cond-expr","locations":[{"start":{"line":197,"column":48},"end":{"line":197,"column":76}},{"start":{"line":197,"column":79},"end":{"line":197,"column":81}}],"line":197},"33":{"loc":{"start":{"line":201,"column":3},"end":{"line":205,"column":4}},"type":"if","locations":[{"start":{"line":201,"column":3},"end":{"line":205,"column":4}},{"start":{"line":201,"column":3},"end":{"line":205,"column":4}}],"line":201},"34":{"loc":{"start":{"line":203,"column":10},"end":{"line":205,"column":4}},"type":"if","locations":[{"start":{"line":203,"column":10},"end":{"line":205,"column":4}},{"start":{"line":203,"column":10},"end":{"line":205,"column":4}}],"line":203}},"s":{"0":8,"1":8,"2":8,"3":53,"4":53,"5":0,"6":0,"7":0,"8":0,"9":0,"10":0,"11":0,"12":0,"13":0,"14":0,"15":0,"16":0,"17":16,"18":16,"19":14,"20":14,"21":14,"22":14,"23":14,"24":14,"25":0,"26":0,"27":0,"28":0,"29":0,"30":0,"31":0,"32":0,"33":0,"34":0,"35":0,"36":14,"37":14,"38":0,"39":0,"40":14,"41":0,"42":0,"43":0,"44":0,"45":0,"46":0,"47":53,"48":53,"49":53,"50":0,"51":0,"52":0,"53":0,"54":0,"55":0,"56":0,"57":0,"58":0,"59":0,"60":0,"61":0,"62":0,"63":0,"64":0,"65":0,"66":0,"67":0,"68":0,"69":0,"70":0,"71":0,"72":0,"73":0,"74":0,"75":0,"76":0,"77":0,"78":0,"79":0,"80":0,"81":0,"82":0,"83":0,"84":0,"85":0,"86":0,"87":0,"88":0,"89":0,"90":53,"91":53,"92":8,"93":540,"94":8,"95":8,"96":0},"f":{"0":53,"1":0,"2":0,"3":0,"4":0,"5":0,"6":16,"7":14,"8":0,"9":14,"10":0,"11":0,"12":0,"13":53,"14":0,"15":0,"16":0,"17":0,"18":0,"19":0,"20":53,"21":540,"22":0},"b":{"0":[0,0],"1":[14,2],"2":[0,14],"3":[0,0],"4":[0,0],"5":[0,0],"6":[0,0],"7":[0,0],"8":[0,0],"9":[0,14],"10":[0,0],"11":[0,0],"12":[0,0],"13":[0,53],"14":[53,0],"15":[0,0],"16":[0,0],"17":[0,0],"18":[0,0],"19":[0,0],"20":[0,0],"21":[0,0],"22":[0,0],"23":[0,0],"24":[0,0],"25":[0,0],"26":[0,0],"27":[0,0,0],"28":[0,0],"29":[0,0],"30":[0,0,0,0,0],"31":[0,0],"32":[0,0],"33":[0,0],"34":[0,0]},"_coverageSchema":"43e27e138ebf9cfc5966b082cf9a028302ed4184","hash":"01f923a65de2caf8a5a3aa27fb9ec60b00c489d5"}
,"/Users/mohdashraf/Desktop/reactivesearch/packages/vue/src/components/ReactiveBase/index.jsx": {"path":"/Users/mohdashraf/Desktop/reactivesearch/packages/vue/src/components/ReactiveBase/index.jsx","statementMap":{"0":{"start":{"line":14,"column":21},"end":{"line":229,"column":1}},"1":{"start":{"line":17,"column":2},"end":{"line":19,"column":4}},"2":{"start":{"line":20,"column":2},"end":{"line":20,"column":20}},"3":{"start":{"line":23,"column":2},"end":{"line":23,"column":29}},"4":{"start":{"line":26,"column":30},"end":{"line":26,"column":34}},"5":{"start":{"line":28,"column":2},"end":{"line":32,"column":3}},"6":{"start":{"line":29,"column":3},"end":{"line":31,"column":5}},"7":{"start":{"line":59,"column":2},"end":{"line":65,"column":4}},"8":{"start":{"line":69,"column":3},"end":{"line":69,"column":33}},"9":{"start":{"line":72,"column":3},"end":{"line":72,"column":33}},"10":{"start":{"line":75,"column":3},"end":{"line":75,"column":33}},"11":{"start":{"line":78,"column":3},"end":{"line":78,"column":33}},"12":{"start":{"line":81,"column":3},"end":{"line":81,"column":33}},"13":{"start":{"line":84,"column":3},"end":{"line":84,"column":33}},"14":{"start":{"line":87,"column":3},"end":{"line":91,"column":4}},"15":{"start":{"line":88,"column":4},"end":{"line":90,"column":5}},"16":{"start":{"line":89,"column":5},"end":{"line":89,"column":56}},"17":{"start":{"line":94,"column":3},"end":{"line":98,"column":4}},"18":{"start":{"line":95,"column":4},"end":{"line":97,"column":5}},"19":{"start":{"line":96,"column":5},"end":{"line":96,"column":56}},"20":{"start":{"line":101,"column":3},"end":{"line":101,"column":33}},"21":{"start":{"line":106,"column":62},"end":{"line":106,"column":73}},"22":{"start":{"line":107,"column":31},"end":{"line":107,"column":50}},"23":{"start":{"line":108,"column":3},"end":{"line":115,"column":5}},"24":{"start":{"line":120,"column":3},"end":{"line":120,"column":24}},"25":{"start":{"line":121,"column":3},"end":{"line":121,"column":36}},"26":{"start":{"line":125,"column":6},"end":{"line":127,"column":24}},"27":{"start":{"line":128,"column":25},"end":{"line":131,"column":4}},"28":{"start":{"line":132,"column":18},"end":{"line":145,"column":4}},"29":{"start":{"line":146,"column":21},"end":{"line":146,"column":23}},"30":{"start":{"line":148,"column":3},"end":{"line":152,"column":4}},"31":{"start":{"line":149,"column":4},"end":{"line":149,"column":41}},"32":{"start":{"line":151,"column":4},"end":{"line":151,"column":42}},"33":{"start":{"line":154,"column":18},"end":{"line":154,"column":50}},"34":{"start":{"line":155,"column":24},"end":{"line":155,"column":26}},"35":{"start":{"line":156,"column":19},"end":{"line":156,"column":21}},"36":{"start":{"line":158,"column":3},"end":{"line":180,"column":6}},"37":{"start":{"line":159,"column":4},"end":{"line":179,"column":5}},"38":{"start":{"line":160,"column":26},"end":{"line":160,"column":53}},"39":{"start":{"line":161,"column":27},"end":{"line":161,"column":29}},"40":{"start":{"line":162,"column":5},"end":{"line":166,"column":6}},"41":{"start":{"line":163,"column":6},"end":{"line":163,"column":47}},"42":{"start":{"line":165,"column":6},"end":{"line":165,"column":41}},"43":{"start":{"line":167,"column":5},"end":{"line":167,"column":79}},"44":{"start":{"line":167,"column":32},"end":{"line":167,"column":79}},"45":{"start":{"line":168,"column":5},"end":{"line":168,"column":37}},"46":{"start":{"line":169,"column":5},"end":{"line":172,"column":7}},"47":{"start":{"line":173,"column":5},"end":{"line":176,"column":7}},"48":{"start":{"line":182,"column":27},"end":{"line":182,"column":32}},"49":{"start":{"line":184,"column":22},"end":{"line":184,"column":37}},"50":{"start":{"line":186,"column":3},"end":{"line":188,"column":4}},"51":{"start":{"line":187,"column":4},"end":{"line":187,"column":63}},"52":{"start":{"line":190,"column":3},"end":{"line":192,"column":4}},"53":{"start":{"line":191,"column":4},"end":{"line":191,"column":65}},"54":{"start":{"line":194,"column":24},"end":{"line":207,"column":4}},"55":{"start":{"line":208,"column":3},"end":{"line":208,"column":45}},"56":{"start":{"line":212,"column":19},"end":{"line":212,"column":38}},"57":{"start":{"line":213,"column":31},"end":{"line":213,"column":42}},"58":{"start":{"line":214,"column":2},"end":{"line":227,"column":4}},"59":{"start":{"line":230,"column":0},"end":{"line":232,"column":2}},"60":{"start":{"line":231,"column":1},"end":{"line":231,"column":48}}},"fnMap":{"0":{"name":"(anonymous_0)","decl":{"start":{"line":16,"column":1},"end":{"line":16,"column":2}},"loc":{"start":{"line":16,"column":8},"end":{"line":21,"column":2}},"line":16},"1":{"name":"(anonymous_1)","decl":{"start":{"line":22,"column":1},"end":{"line":22,"column":2}},"loc":{"start":{"line":22,"column":11},"end":{"line":24,"column":2}},"line":22},"2":{"name":"(anonymous_2)","decl":{"start":{"line":25,"column":1},"end":{"line":25,"column":2}},"loc":{"start":{"line":25,"column":11},"end":{"line":33,"column":2}},"line":25},"3":{"name":"(anonymous_3)","decl":{"start":{"line":58,"column":1},"end":{"line":58,"column":2}},"loc":{"start":{"line":58,"column":11},"end":{"line":66,"column":2}},"line":58},"4":{"name":"(anonymous_4)","decl":{"start":{"line":68,"column":2},"end":{"line":68,"column":3}},"loc":{"start":{"line":68,"column":8},"end":{"line":70,"column":3}},"line":68},"5":{"name":"(anonymous_5)","decl":{"start":{"line":71,"column":2},"end":{"line":71,"column":3}},"loc":{"start":{"line":71,"column":8},"end":{"line":73,"column":3}},"line":71},"6":{"name":"(anonymous_6)","decl":{"start":{"line":74,"column":2},"end":{"line":74,"column":3}},"loc":{"start":{"line":74,"column":9},"end":{"line":76,"column":3}},"line":74},"7":{"name":"(anonymous_7)","decl":{"start":{"line":77,"column":2},"end":{"line":77,"column":3}},"loc":{"start":{"line":77,"column":16},"end":{"line":79,"column":3}},"line":77},"8":{"name":"(anonymous_8)","decl":{"start":{"line":80,"column":2},"end":{"line":80,"column":3}},"loc":{"start":{"line":80,"column":11},"end":{"line":82,"column":3}},"line":80},"9":{"name":"(anonymous_9)","decl":{"start":{"line":83,"column":2},"end":{"line":83,"column":3}},"loc":{"start":{"line":83,"column":12},"end":{"line":85,"column":3}},"line":83},"10":{"name":"(anonymous_10)","decl":{"start":{"line":86,"column":2},"end":{"line":86,"column":3}},"loc":{"start":{"line":86,"column":34},"end":{"line":92,"column":3}},"line":86},"11":{"name":"(anonymous_11)","decl":{"start":{"line":93,"column":2},"end":{"line":93,"column":3}},"loc":{"start":{"line":93,"column":32},"end":{"line":99,"column":3}},"line":93},"12":{"name":"(anonymous_12)","decl":{"start":{"line":100,"column":2},"end":{"line":100,"column":3}},"loc":{"start":{"line":100,"column":12},"end":{"line":102,"column":3}},"line":100},"13":{"name":"(anonymous_13)","decl":{"start":{"line":105,"column":2},"end":{"line":105,"column":3}},"loc":{"start":{"line":105,"column":15},"end":{"line":116,"column":3}},"line":105},"14":{"name":"(anonymous_14)","decl":{"start":{"line":119,"column":2},"end":{"line":119,"column":3}},"loc":{"start":{"line":119,"column":21},"end":{"line":122,"column":3}},"line":119},"15":{"name":"(anonymous_15)","decl":{"start":{"line":123,"column":2},"end":{"line":123,"column":3}},"loc":{"start":{"line":123,"column":18},"end":{"line":209,"column":3}},"line":123},"16":{"name":"(anonymous_16)","decl":{"start":{"line":158,"column":37},"end":{"line":158,"column":38}},"loc":{"start":{"line":158,"column":46},"end":{"line":180,"column":4}},"line":158},"17":{"name":"(anonymous_17)","decl":{"start":{"line":211,"column":1},"end":{"line":211,"column":2}},"loc":{"start":{"line":211,"column":10},"end":{"line":228,"column":2}},"line":211},"18":{"name":"(anonymous_18)","decl":{"start":{"line":230,"column":23},"end":{"line":230,"column":24}},"loc":{"start":{"line":230,"column":38},"end":{"line":232,"column":1}},"line":230}},"branchMap":{"0":{"loc":{"start":{"line":28,"column":2},"end":{"line":32,"column":3}},"type":"if","locations":[{"start":{"line":28,"column":2},"end":{"line":32,"column":3}},{"start":{"line":28,"column":2},"end":{"line":32,"column":3}}],"line":28},"1":{"loc":{"start":{"line":87,"column":3},"end":{"line":91,"column":4}},"type":"if","locations":[{"start":{"line":87,"column":3},"end":{"line":91,"column":4}},{"start":{"line":87,"column":3},"end":{"line":91,"column":4}}],"line":87},"2":{"loc":{"start":{"line":88,"column":4},"end":{"line":90,"column":5}},"type":"if","locations":[{"start":{"line":88,"column":4},"end":{"line":90,"column":5}},{"start":{"line":88,"column":4},"end":{"line":90,"column":5}}],"line":88},"3":{"loc":{"start":{"line":94,"column":3},"end":{"line":98,"column":4}},"type":"if","locations":[{"start":{"line":94,"column":3},"end":{"line":98,"column":4}},{"start":{"line":94,"column":3},"end":{"line":98,"column":4}}],"line":94},"4":{"loc":{"start":{"line":95,"column":4},"end":{"line":97,"column":5}},"type":"if","locations":[{"start":{"line":95,"column":4},"end":{"line":97,"column":5}},{"start":{"line":95,"column":4},"end":{"line":97,"column":5}}],"line":95},"5":{"loc":{"start":{"line":107,"column":31},"end":{"line":107,"column":50}},"type":"binary-expr","locations":[{"start":{"line":107,"column":31},"end":{"line":107,"column":44}},{"start":{"line":107,"column":48},"end":{"line":107,"column":50}}],"line":107},"6":{"loc":{"start":{"line":109,"column":8},"end":{"line":113,"column":5}},"type":"binary-expr","locations":[{"start":{"line":109,"column":8},"end":{"line":109,"column":21}},{"start":{"line":110,"column":8},"end":{"line":110,"column":16}},{"start":{"line":110,"column":20},"end":{"line":113,"column":5}}],"line":109},"7":{"loc":{"start":{"line":112,"column":9},"end":{"line":112,"column":69}},"type":"binary-expr","locations":[{"start":{"line":112,"column":9},"end":{"line":112,"column":34}},{"start":{"line":112,"column":38},"end":{"line":112,"column":69}}],"line":112},"8":{"loc":{"start":{"line":125,"column":6},"end":{"line":127,"column":24}},"type":"cond-expr","locations":[{"start":{"line":126,"column":7},"end":{"line":126,"column":11}},{"start":{"line":127,"column":7},"end":{"line":127,"column":24}}],"line":125},"9":{"loc":{"start":{"line":125,"column":6},"end":{"line":125,"column":64}},"type":"binary-expr","locations":[{"start":{"line":125,"column":6},"end":{"line":125,"column":15}},{"start":{"line":125,"column":19},"end":{"line":125,"column":42}},{"start":{"line":125,"column":46},"end":{"line":125,"column":64}}],"line":125},"10":{"loc":{"start":{"line":133,"column":9},"end":{"line":133,"column":62}},"type":"cond-expr","locations":[{"start":{"line":133,"column":48},"end":{"line":133,"column":57}},{"start":{"line":133,"column":60},"end":{"line":133,"column":62}}],"line":133},"11":{"loc":{"start":{"line":133,"column":9},"end":{"line":133,"column":45}},"type":"binary-expr","locations":[{"start":{"line":133,"column":9},"end":{"line":133,"column":18}},{"start":{"line":133,"column":22},"end":{"line":133,"column":45}}],"line":133},"12":{"loc":{"start":{"line":136,"column":10},"end":{"line":136,"column":39}},"type":"cond-expr","locations":[{"start":{"line":136,"column":23},"end":{"line":136,"column":33}},{"start":{"line":136,"column":36},"end":{"line":136,"column":39}}],"line":136},"13":{"loc":{"start":{"line":140,"column":15},"end":{"line":142,"column":22}},"type":"cond-expr","locations":[{"start":{"line":141,"column":7},"end":{"line":141,"column":42}},{"start":{"line":142,"column":7},"end":{"line":142,"column":22}}],"line":140},"14":{"loc":{"start":{"line":148,"column":3},"end":{"line":152,"column":4}},"type":"if","locations":[{"start":{"line":148,"column":3},"end":{"line":152,"column":4}},{"start":{"line":148,"column":3},"end":{"line":152,"column":4}}],"line":148},"15":{"loc":{"start":{"line":151,"column":18},"end":{"line":151,"column":41}},"type":"binary-expr","locations":[{"start":{"line":151,"column":18},"end":{"line":151,"column":35}},{"start":{"line":151,"column":39},"end":{"line":151,"column":41}}],"line":151},"16":{"loc":{"start":{"line":162,"column":5},"end":{"line":166,"column":6}},"type":"if","locations":[{"start":{"line":162,"column":5},"end":{"line":166,"column":6}},{"start":{"line":162,"column":5},"end":{"line":166,"column":6}}],"line":162},"17":{"loc":{"start":{"line":167,"column":5},"end":{"line":167,"column":79}},"type":"if","locations":[{"start":{"line":167,"column":5},"end":{"line":167,"column":79}},{"start":{"line":167,"column":5},"end":{"line":167,"column":79}}],"line":167},"18":{"loc":{"start":{"line":186,"column":3},"end":{"line":188,"column":4}},"type":"if","locations":[{"start":{"line":186,"column":3},"end":{"line":188,"column":4}},{"start":{"line":186,"column":3},"end":{"line":188,"column":4}}],"line":186},"19":{"loc":{"start":{"line":190,"column":3},"end":{"line":192,"column":4}},"type":"if","locations":[{"start":{"line":190,"column":3},"end":{"line":192,"column":4}},{"start":{"line":190,"column":3},"end":{"line":192,"column":4}}],"line":190}},"s":{"0":8,"1":53,"2":53,"3":53,"4":53,"5":53,"6":0,"7":53,"8":0,"9":0,"10":0,"11":0,"12":0,"13":0,"14":0,"15":0,"16":0,"17":0,"18":0,"19":0,"20":0,"21":53,"22":53,"23":53,"24":0,"25":0,"26":53,"27":53,"28":53,"29":53,"30":53,"31":53,"32":0,"33":53,"34":53,"35":53,"36":53,"37":0,"38":0,"39":0,"40":0,"41":0,"42":0,"43":0,"44":0,"45":0,"46":0,"47":0,"48":53,"49":53,"50":53,"51":0,"52":53,"53":0,"54":53,"55":53,"56":53,"57":53,"58":53,"59":8,"60":0},"f":{"0":53,"1":53,"2":53,"3":53,"4":0,"5":0,"6":0,"7":0,"8":0,"9":0,"10":0,"11":0,"12":0,"13":53,"14":0,"15":53,"16":0,"17":53,"18":0},"b":{"0":[0,53],"1":[0,0],"2":[0,0],"3":[0,0],"4":[0,0],"5":[53,0],"6":[53,0,0],"7":[0,0],"8":[53,0],"9":[53,53,53],"10":[53,0],"11":[53,53],"12":[0,53],"13":[53,0],"14":[53,0],"15":[0,0],"16":[0,0],"17":[0,0],"18":[0,53],"19":[0,53]},"_coverageSchema":"43e27e138ebf9cfc5966b082cf9a028302ed4184","hash":"04001325bdda86c3ed8fa5a81464e3dc8ab66d31"}
,"/Users/mohdashraf/Desktop/reactivesearch/packages/vue/src/components/basic/ComponentWrapper.jsx": {"path":"/Users/mohdashraf/Desktop/reactivesearch/packages/vue/src/components/basic/ComponentWrapper.jsx","statementMap":{"0":{"start":{"line":16,"column":4},"end":{"line":16,"column":11}},"1":{"start":{"line":18,"column":66},"end":{"line":18,"column":72}},"2":{"start":{"line":31,"column":25},"end":{"line":163,"column":2}},"3":{"start":{"line":37,"column":6},"end":{"line":163,"column":1}},"4":{"start":{"line":44,"column":25},"end":{"line":44,"column":43}},"5":{"start":{"line":46,"column":22},"end":{"line":46,"column":24}},"6":{"start":{"line":47,"column":2},"end":{"line":49,"column":5}},"7":{"start":{"line":48,"column":3},"end":{"line":48,"column":56}},"8":{"start":{"line":50,"column":2},"end":{"line":50,"column":36}},"9":{"start":{"line":51,"column":2},"end":{"line":51,"column":53}},"10":{"start":{"line":52,"column":2},"end":{"line":52,"column":41}},"11":{"start":{"line":54,"column":2},"end":{"line":59,"column":3}},"12":{"start":{"line":55,"column":3},"end":{"line":58,"column":5}},"13":{"start":{"line":62,"column":19},"end":{"line":62,"column":21}},"14":{"start":{"line":63,"column":2},"end":{"line":65,"column":3}},"15":{"start":{"line":64,"column":3},"end":{"line":64,"column":43}},"16":{"start":{"line":68,"column":2},"end":{"line":82,"column":3}},"17":{"start":{"line":71,"column":3},"end":{"line":71,"column":39}},"18":{"start":{"line":72,"column":25},"end":{"line":75,"column":4}},"19":{"start":{"line":73,"column":4},"end":{"line":73,"column":39}},"20":{"start":{"line":74,"column":4},"end":{"line":74,"column":40}},"21":{"start":{"line":76,"column":19},"end":{"line":78,"column":4}},"22":{"start":{"line":77,"column":4},"end":{"line":77,"column":27}},"23":{"start":{"line":79,"column":3},"end":{"line":79,"column":67}},"24":{"start":{"line":81,"column":3},"end":{"line":81,"column":88}},"25":{"start":{"line":85,"column":2},"end":{"line":91,"column":3}},"26":{"start":{"line":90,"column":3},"end":{"line":90,"column":69}},"27":{"start":{"line":93,"column":2},"end":{"line":102,"column":3}},"28":{"start":{"line":96,"column":3},"end":{"line":96,"column":45}},"29":{"start":{"line":97,"column":3},"end":{"line":101,"column":5}},"30":{"start":{"line":105,"column":2},"end":{"line":108,"column":3}},"31":{"start":{"line":107,"column":3},"end":{"line":107,"column":38}},"32":{"start":{"line":111,"column":2},"end":{"line":117,"column":3}},"33":{"start":{"line":113,"column":3},"end":{"line":113,"column":42}},"34":{"start":{"line":114,"column":3},"end":{"line":116,"column":4}},"35":{"start":{"line":115,"column":4},"end":{"line":115,"column":49}},"36":{"start":{"line":123,"column":22},"end":{"line":123,"column":47}},"37":{"start":{"line":124,"column":4},"end":{"line":131,"column":7}},"38":{"start":{"line":125,"column":5},"end":{"line":125,"column":80}},"39":{"start":{"line":126,"column":5},"end":{"line":130,"column":7}},"40":{"start":{"line":135,"column":3},"end":{"line":135,"column":77}},"41":{"start":{"line":135,"column":41},"end":{"line":135,"column":75}},"42":{"start":{"line":140,"column":21},"end":{"line":140,"column":26}},"43":{"start":{"line":141,"column":3},"end":{"line":152,"column":4}},"44":{"start":{"line":142,"column":4},"end":{"line":149,"column":5}},"45":{"start":{"line":143,"column":22},"end":{"line":143,"column":68}},"46":{"start":{"line":144,"column":5},"end":{"line":144,"column":54}},"47":{"start":{"line":146,"column":5},"end":{"line":148,"column":8}},"48":{"start":{"line":151,"column":4},"end":{"line":151,"column":50}},"49":{"start":{"line":156,"column":2},"end":{"line":161,"column":5}},"50":{"start":{"line":164,"column":24},"end":{"line":166,"column":2}},"51":{"start":{"line":164,"column":43},"end":{"line":166,"column":1}},"52":{"start":{"line":168,"column":27},"end":{"line":176,"column":1}},"53":{"start":{"line":178,"column":1},"end":{"line":178,"column":83}}},"fnMap":{"0":{"name":"(anonymous_0)","decl":{"start":{"line":31,"column":25},"end":{"line":31,"column":26}},"loc":{"start":{"line":37,"column":6},"end":{"line":163,"column":1}},"line":37},"1":{"name":"(anonymous_1)","decl":{"start":{"line":42,"column":1},"end":{"line":42,"column":2}},"loc":{"start":{"line":42,"column":11},"end":{"line":60,"column":2}},"line":42},"2":{"name":"(anonymous_2)","decl":{"start":{"line":47,"column":38},"end":{"line":47,"column":39}},"loc":{"start":{"line":47,"column":45},"end":{"line":49,"column":3}},"line":47},"3":{"name":"(anonymous_3)","decl":{"start":{"line":61,"column":1},"end":{"line":61,"column":2}},"loc":{"start":{"line":61,"column":15},"end":{"line":103,"column":2}},"line":61},"4":{"name":"(anonymous_4)","decl":{"start":{"line":72,"column":25},"end":{"line":72,"column":26}},"loc":{"start":{"line":72,"column":38},"end":{"line":75,"column":4}},"line":72},"5":{"name":"(anonymous_5)","decl":{"start":{"line":76,"column":19},"end":{"line":76,"column":20}},"loc":{"start":{"line":76,"column":24},"end":{"line":78,"column":4}},"line":76},"6":{"name":"(anonymous_6)","decl":{"start":{"line":104,"column":1},"end":{"line":104,"column":2}},"loc":{"start":{"line":104,"column":11},"end":{"line":109,"column":2}},"line":104},"7":{"name":"(anonymous_7)","decl":{"start":{"line":110,"column":1},"end":{"line":110,"column":2}},"loc":{"start":{"line":110,"column":17},"end":{"line":118,"column":2}},"line":110},"8":{"name":"(anonymous_8)","decl":{"start":{"line":122,"column":3},"end":{"line":122,"column":4}},"loc":{"start":{"line":122,"column":19},"end":{"line":132,"column":4}},"line":122},"9":{"name":"(anonymous_9)","decl":{"start":{"line":124,"column":69},"end":{"line":124,"column":70}},"loc":{"start":{"line":124,"column":75},"end":{"line":131,"column":5}},"line":124},"10":{"name":"(anonymous_10)","decl":{"start":{"line":134,"column":2},"end":{"line":134,"column":3}},"loc":{"start":{"line":134,"column":24},"end":{"line":136,"column":3}},"line":134},"11":{"name":"(anonymous_11)","decl":{"start":{"line":135,"column":35},"end":{"line":135,"column":36}},"loc":{"start":{"line":135,"column":41},"end":{"line":135,"column":75}},"line":135},"12":{"name":"(anonymous_12)","decl":{"start":{"line":139,"column":2},"end":{"line":139,"column":3}},"loc":{"start":{"line":139,"column":18},"end":{"line":153,"column":3}},"line":139},"13":{"name":"(anonymous_13)","decl":{"start":{"line":155,"column":1},"end":{"line":155,"column":2}},"loc":{"start":{"line":155,"column":11},"end":{"line":162,"column":2}},"line":155},"14":{"name":"(anonymous_14)","decl":{"start":{"line":164,"column":24},"end":{"line":164,"column":25}},"loc":{"start":{"line":164,"column":43},"end":{"line":166,"column":1}},"line":164},"15":{"name":"(anonymous_15)","decl":{"start":{"line":177,"column":15},"end":{"line":177,"column":16}},"loc":{"start":{"line":178,"column":1},"end":{"line":178,"column":83}},"line":178}},"branchMap":{"0":{"loc":{"start":{"line":33,"column":1},"end":{"line":36,"column":2}},"type":"default-arg","locations":[{"start":{"line":33,"column":11},"end":{"line":36,"column":2}}],"line":33},"1":{"loc":{"start":{"line":54,"column":2},"end":{"line":59,"column":3}},"type":"if","locations":[{"start":{"line":54,"column":2},"end":{"line":59,"column":3}},{"start":{"line":54,"column":2},"end":{"line":59,"column":3}}],"line":54},"2":{"loc":{"start":{"line":63,"column":2},"end":{"line":65,"column":3}},"type":"if","locations":[{"start":{"line":63,"column":2},"end":{"line":65,"column":3}},{"start":{"line":63,"column":2},"end":{"line":65,"column":3}}],"line":63},"3":{"loc":{"start":{"line":68,"column":2},"end":{"line":82,"column":3}},"type":"if","locations":[{"start":{"line":68,"column":2},"end":{"line":82,"column":3}},{"start":{"line":68,"column":2},"end":{"line":82,"column":3}}],"line":68},"4":{"loc":{"start":{"line":68,"column":5},"end":{"line":69,"column":64}},"type":"binary-expr","locations":[{"start":{"line":68,"column":5},"end":{"line":68,"column":26}},{"start":{"line":69,"column":6},"end":{"line":69,"column":64}}],"line":68},"5":{"loc":{"start":{"line":85,"column":2},"end":{"line":91,"column":3}},"type":"if","locations":[{"start":{"line":85,"column":2},"end":{"line":91,"column":3}},{"start":{"line":85,"column":2},"end":{"line":91,"column":3}}],"line":85},"6":{"loc":{"start":{"line":86,"column":3},"end":{"line":88,"column":65}},"type":"binary-expr","locations":[{"start":{"line":86,"column":3},"end":{"line":86,"column":28}},{"start":{"line":87,"column":6},"end":{"line":87,"column":38}},{"start":{"line":88,"column":6},"end":{"line":88,"column":64}}],"line":86},"7":{"loc":{"start":{"line":93,"column":2},"end":{"line":102,"column":3}},"type":"if","locations":[{"start":{"line":93,"column":2},"end":{"line":102,"column":3}},{"start":{"line":93,"column":2},"end":{"line":102,"column":3}}],"line":93},"8":{"loc":{"start":{"line":93,"column":6},"end":{"line":94,"column":57}},"type":"binary-expr","locations":[{"start":{"line":93,"column":6},"end":{"line":93,"column":28}},{"start":{"line":93,"column":33},"end":{"line":93,"column":54}},{"start":{"line":94,"column":7},"end":{"line":94,"column":56}}],"line":93},"9":{"loc":{"start":{"line":105,"column":2},"end":{"line":108,"column":3}},"type":"if","locations":[{"start":{"line":105,"column":2},"end":{"line":108,"column":3}},{"start":{"line":105,"column":2},"end":{"line":108,"column":3}}],"line":105},"10":{"loc":{"start":{"line":105,"column":6},"end":{"line":105,"column":67}},"type":"binary-expr","locations":[{"start":{"line":105,"column":6},"end":{"line":105,"column":28}},{"start":{"line":105,"column":32},"end":{"line":105,"column":67}}],"line":105},"11":{"loc":{"start":{"line":111,"column":2},"end":{"line":117,"column":3}},"type":"if","locations":[{"start":{"line":111,"column":2},"end":{"line":117,"column":3}},{"start":{"line":111,"column":2},"end":{"line":117,"column":3}}],"line":111},"12":{"loc":{"start":{"line":114,"column":3},"end":{"line":116,"column":4}},"type":"if","locations":[{"start":{"line":114,"column":3},"end":{"line":116,"column":4}},{"start":{"line":114,"column":3},"end":{"line":116,"column":4}}],"line":114},"13":{"loc":{"start":{"line":141,"column":3},"end":{"line":152,"column":4}},"type":"if","locations":[{"start":{"line":141,"column":3},"end":{"line":152,"column":4}},{"start":{"line":141,"column":3},"end":{"line":152,"column":4}}],"line":141},"14":{"loc":{"start":{"line":142,"column":4},"end":{"line":149,"column":5}},"type":"if","locations":[{"start":{"line":142,"column":4},"end":{"line":149,"column":5}},{"start":{"line":142,"column":4},"end":{"line":149,"column":5}}],"line":142},"15":{"loc":{"start":{"line":177,"column":27},"end":{"line":177,"column":39}},"type":"default-arg","locations":[{"start":{"line":177,"column":37},"end":{"line":177,"column":39}}],"line":177}},"s":{"0":7,"1":7,"2":7,"3":8,"4":52,"5":52,"6":52,"7":403,"8":52,"9":52,"10":52,"11":52,"12":38,"13":52,"14":52,"15":52,"16":52,"17":48,"18":48,"19":0,"20":0,"21":48,"22":0,"23":48,"24":48,"25":52,"26":39,"27":52,"28":39,"29":39,"30":52,"31":0,"32":0,"33":0,"34":0,"35":0,"36":0,"37":0,"38":0,"39":0,"40":0,"41":0,"42":0,"43":0,"44":0,"45":0,"46":0,"47":0,"48":0,"49":52,"50":7,"51":461,"52":7,"53":8},"f":{"0":8,"1":52,"2":403,"3":52,"4":0,"5":0,"6":52,"7":0,"8":0,"9":0,"10":0,"11":0,"12":0,"13":52,"14":461,"15":8},"b":{"0":[0],"1":[38,14],"2":[52,0],"3":[48,4],"4":[52,52],"5":[39,13],"6":[52,13,0],"7":[39,13],"8":[52,39,39],"9":[0,52],"10":[52,39],"11":[0,0],"12":[0,0],"13":[0,0],"14":[0,0],"15":[0]},"_coverageSchema":"43e27e138ebf9cfc5966b082cf9a028302ed4184","hash":"36a5d01678de79ebea9c01a05e7e99fd320d32cb"}
,"/Users/mohdashraf/Desktop/reactivesearch/packages/vue/src/components/basic/DownShift.jsx": {"path":"/Users/mohdashraf/Desktop/reactivesearch/packages/vue/src/components/basic/DownShift.jsx","statementMap":{"0":{"start":{"line":14,"column":14},"end":{"line":21,"column":2}},"1":{"start":{"line":24,"column":3},"end":{"line":30,"column":5}},"2":{"start":{"line":25,"column":21},"end":{"line":28,"column":5}},"3":{"start":{"line":34,"column":3},"end":{"line":34,"column":28}},"4":{"start":{"line":39,"column":2},"end":{"line":39,"column":67}},"5":{"start":{"line":40,"column":2},"end":{"line":40,"column":63}},"6":{"start":{"line":44,"column":2},"end":{"line":44,"column":70}},"7":{"start":{"line":45,"column":2},"end":{"line":45,"column":66}},"8":{"start":{"line":50,"column":3},"end":{"line":50,"column":27}},"9":{"start":{"line":54,"column":3},"end":{"line":54,"column":28}},"10":{"start":{"line":56,"column":3},"end":{"line":70,"column":4}},"11":{"start":{"line":62,"column":4},"end":{"line":69,"column":5}},"12":{"start":{"line":63,"column":5},"end":{"line":63,"column":18}},"13":{"start":{"line":64,"column":5},"end":{"line":68,"column":6}},"14":{"start":{"line":65,"column":6},"end":{"line":67,"column":9}},"15":{"start":{"line":74,"column":3},"end":{"line":74,"column":26}},"16":{"start":{"line":75,"column":18},"end":{"line":75,"column":40}},"17":{"start":{"line":77,"column":3},"end":{"line":85,"column":4}},"18":{"start":{"line":78,"column":4},"end":{"line":78,"column":40}},"19":{"start":{"line":80,"column":4},"end":{"line":82,"column":7}},"20":{"start":{"line":84,"column":4},"end":{"line":84,"column":31}},"21":{"start":{"line":89,"column":3},"end":{"line":89,"column":26}},"22":{"start":{"line":90,"column":18},"end":{"line":90,"column":42}},"23":{"start":{"line":92,"column":3},"end":{"line":100,"column":4}},"24":{"start":{"line":93,"column":4},"end":{"line":93,"column":40}},"25":{"start":{"line":95,"column":4},"end":{"line":97,"column":7}},"26":{"start":{"line":99,"column":4},"end":{"line":99,"column":31}},"27":{"start":{"line":104,"column":3},"end":{"line":107,"column":4}},"28":{"start":{"line":105,"column":4},"end":{"line":105,"column":27}},"29":{"start":{"line":106,"column":4},"end":{"line":106,"column":33}},"30":{"start":{"line":111,"column":3},"end":{"line":111,"column":26}},"31":{"start":{"line":112,"column":3},"end":{"line":112,"column":16}},"32":{"start":{"line":116,"column":3},"end":{"line":116,"column":68}},"33":{"start":{"line":120,"column":16},"end":{"line":120,"column":37}},"34":{"start":{"line":122,"column":3},"end":{"line":124,"column":4}},"35":{"start":{"line":123,"column":4},"end":{"line":123,"column":11}},"36":{"start":{"line":126,"column":3},"end":{"line":126,"column":25}},"37":{"start":{"line":130,"column":3},"end":{"line":132,"column":4}},"38":{"start":{"line":131,"column":4},"end":{"line":131,"column":35}},"39":{"start":{"line":135,"column":4},"end":{"line":137,"column":5}},"40":{"start":{"line":136,"column":5},"end":{"line":136,"column":15}},"41":{"start":{"line":138,"column":4},"end":{"line":138,"column":62}},"42":{"start":{"line":141,"column":3},"end":{"line":146,"column":6}},"43":{"start":{"line":150,"column":3},"end":{"line":152,"column":4}},"44":{"start":{"line":151,"column":4},"end":{"line":151,"column":11}},"45":{"start":{"line":154,"column":32},"end":{"line":154,"column":48}},"46":{"start":{"line":156,"column":19},"end":{"line":156,"column":35}},"47":{"start":{"line":158,"column":3},"end":{"line":160,"column":4}},"48":{"start":{"line":159,"column":4},"end":{"line":159,"column":65}},"49":{"start":{"line":162,"column":18},"end":{"line":162,"column":40}},"50":{"start":{"line":164,"column":3},"end":{"line":168,"column":4}},"51":{"start":{"line":165,"column":4},"end":{"line":165,"column":38}},"52":{"start":{"line":166,"column":10},"end":{"line":168,"column":4}},"53":{"start":{"line":167,"column":4},"end":{"line":167,"column":17}},"54":{"start":{"line":170,"column":3},"end":{"line":170,"column":38}},"55":{"start":{"line":174,"column":3},"end":{"line":176,"column":6}},"56":{"start":{"line":177,"column":19},"end":{"line":177,"column":74}},"57":{"start":{"line":178,"column":3},"end":{"line":178,"column":42}},"58":{"start":{"line":183,"column":28},"end":{"line":183,"column":44}},"59":{"start":{"line":185,"column":3},"end":{"line":189,"column":6}},"60":{"start":{"line":193,"column":18},"end":{"line":193,"column":23}},"61":{"start":{"line":194,"column":3},"end":{"line":203,"column":4}},"62":{"start":{"line":195,"column":4},"end":{"line":199,"column":5}},"63":{"start":{"line":196,"column":5},"end":{"line":196,"column":53}},"64":{"start":{"line":198,"column":5},"end":{"line":198,"column":27}},"65":{"start":{"line":200,"column":4},"end":{"line":200,"column":40}},"66":{"start":{"line":202,"column":4},"end":{"line":202,"column":32}},"67":{"start":{"line":205,"column":3},"end":{"line":207,"column":5}},"68":{"start":{"line":211,"column":18},"end":{"line":211,"column":23}},"69":{"start":{"line":212,"column":3},"end":{"line":214,"column":4}},"70":{"start":{"line":213,"column":4},"end":{"line":213,"column":40}},"71":{"start":{"line":216,"column":14},"end":{"line":216,"column":18}},"72":{"start":{"line":217,"column":3},"end":{"line":219,"column":9}},"73":{"start":{"line":218,"column":4},"end":{"line":218,"column":44}},"74":{"start":{"line":220,"column":3},"end":{"line":239,"column":5}},"75":{"start":{"line":222,"column":5},"end":{"line":222,"column":38}},"76":{"start":{"line":227,"column":5},"end":{"line":227,"column":49}},"77":{"start":{"line":227,"column":42},"end":{"line":227,"column":49}},"78":{"start":{"line":228,"column":5},"end":{"line":228,"column":44}},"79":{"start":{"line":229,"column":5},"end":{"line":229,"column":29}},"80":{"start":{"line":230,"column":5},"end":{"line":230,"column":36}},"81":{"start":{"line":234,"column":5},"end":{"line":234,"column":49}},"82":{"start":{"line":234,"column":42},"end":{"line":234,"column":49}},"83":{"start":{"line":235,"column":5},"end":{"line":235,"column":44}},"84":{"start":{"line":236,"column":5},"end":{"line":236,"column":29}},"85":{"start":{"line":237,"column":5},"end":{"line":237,"column":36}},"86":{"start":{"line":243,"column":26},"end":{"line":243,"column":42}},"87":{"start":{"line":244,"column":3},"end":{"line":248,"column":4}},"88":{"start":{"line":245,"column":4},"end":{"line":247,"column":7}},"89":{"start":{"line":249,"column":3},"end":{"line":251,"column":5}},"90":{"start":{"line":255,"column":3},"end":{"line":283,"column":5}},"91":{"start":{"line":257,"column":5},"end":{"line":260,"column":8}},"92":{"start":{"line":261,"column":5},"end":{"line":263,"column":6}},"93":{"start":{"line":262,"column":6},"end":{"line":262,"column":21}},"94":{"start":{"line":266,"column":5},"end":{"line":268,"column":6}},"95":{"start":{"line":267,"column":6},"end":{"line":267,"column":52}},"96":{"start":{"line":269,"column":5},"end":{"line":271,"column":6}},"97":{"start":{"line":270,"column":6},"end":{"line":270,"column":23}},"98":{"start":{"line":274,"column":5},"end":{"line":276,"column":6}},"99":{"start":{"line":275,"column":6},"end":{"line":275,"column":21}},"100":{"start":{"line":279,"column":5},"end":{"line":281,"column":6}},"101":{"start":{"line":280,"column":6},"end":{"line":280,"column":20}},"102":{"start":{"line":287,"column":3},"end":{"line":328,"column":5}},"103":{"start":{"line":289,"column":5},"end":{"line":292,"column":8}},"104":{"start":{"line":293,"column":5},"end":{"line":295,"column":6}},"105":{"start":{"line":294,"column":6},"end":{"line":294,"column":21}},"106":{"start":{"line":298,"column":5},"end":{"line":300,"column":6}},"107":{"start":{"line":299,"column":6},"end":{"line":299,"column":21}},"108":{"start":{"line":303,"column":5},"end":{"line":305,"column":6}},"109":{"start":{"line":304,"column":6},"end":{"line":304,"column":52}},"110":{"start":{"line":306,"column":5},"end":{"line":308,"column":6}},"111":{"start":{"line":307,"column":6},"end":{"line":307,"column":23}},"112":{"start":{"line":311,"column":5},"end":{"line":313,"column":6}},"113":{"start":{"line":312,"column":6},"end":{"line":312,"column":24}},"114":{"start":{"line":316,"column":5},"end":{"line":318,"column":6}},"115":{"start":{"line":317,"column":6},"end":{"line":317,"column":21}},"116":{"start":{"line":321,"column":5},"end":{"line":323,"column":6}},"117":{"start":{"line":322,"column":6},"end":{"line":322,"column":20}},"118":{"start":{"line":339,"column":7},"end":{"line":339,"column":11}},"119":{"start":{"line":341,"column":3},"end":{"line":349,"column":5}},"120":{"start":{"line":353,"column":3},"end":{"line":353,"column":42}},"121":{"start":{"line":358,"column":3},"end":{"line":366,"column":6}},"122":{"start":{"line":360,"column":4},"end":{"line":365,"column":5}},"123":{"start":{"line":361,"column":5},"end":{"line":361,"column":49}},"124":{"start":{"line":362,"column":5},"end":{"line":362,"column":50}},"125":{"start":{"line":364,"column":5},"end":{"line":364,"column":47}},"126":{"start":{"line":367,"column":3},"end":{"line":367,"column":47}},"127":{"start":{"line":368,"column":3},"end":{"line":368,"column":48}},"128":{"start":{"line":373,"column":2},"end":{"line":373,"column":18}},"129":{"start":{"line":375,"column":2},"end":{"line":382,"column":4}}},"fnMap":{"0":{"name":"(anonymous_0)","decl":{"start":{"line":14,"column":7},"end":{"line":14,"column":8}},"loc":{"start":{"line":14,"column":14},"end":{"line":21,"column":2}},"line":14},"1":{"name":"(anonymous_1)","decl":{"start":{"line":23,"column":2},"end":{"line":23,"column":3}},"loc":{"start":{"line":23,"column":16},"end":{"line":31,"column":3}},"line":23},"2":{"name":"(anonymous_2)","decl":{"start":{"line":25,"column":4},"end":{"line":25,"column":5}},"loc":{"start":{"line":25,"column":21},"end":{"line":28,"column":5}},"line":25},"3":{"name":"(anonymous_3)","decl":{"start":{"line":33,"column":2},"end":{"line":33,"column":3}},"loc":{"start":{"line":33,"column":22},"end":{"line":35,"column":3}},"line":33},"4":{"name":"(anonymous_4)","decl":{"start":{"line":38,"column":1},"end":{"line":38,"column":2}},"loc":{"start":{"line":38,"column":11},"end":{"line":41,"column":2}},"line":38},"5":{"name":"(anonymous_5)","decl":{"start":{"line":43,"column":1},"end":{"line":43,"column":2}},"loc":{"start":{"line":43,"column":17},"end":{"line":46,"column":2}},"line":43},"6":{"name":"(anonymous_6)","decl":{"start":{"line":49,"column":2},"end":{"line":49,"column":3}},"loc":{"start":{"line":49,"column":26},"end":{"line":51,"column":3}},"line":49},"7":{"name":"(anonymous_7)","decl":{"start":{"line":53,"column":2},"end":{"line":53,"column":3}},"loc":{"start":{"line":53,"column":29},"end":{"line":71,"column":3}},"line":53},"8":{"name":"(anonymous_8)","decl":{"start":{"line":73,"column":2},"end":{"line":73,"column":3}},"loc":{"start":{"line":73,"column":26},"end":{"line":86,"column":3}},"line":73},"9":{"name":"(anonymous_9)","decl":{"start":{"line":88,"column":2},"end":{"line":88,"column":3}},"loc":{"start":{"line":88,"column":24},"end":{"line":101,"column":3}},"line":88},"10":{"name":"(anonymous_10)","decl":{"start":{"line":103,"column":2},"end":{"line":103,"column":3}},"loc":{"start":{"line":103,"column":22},"end":{"line":108,"column":3}},"line":103},"11":{"name":"(anonymous_11)","decl":{"start":{"line":110,"column":2},"end":{"line":110,"column":3}},"loc":{"start":{"line":110,"column":23},"end":{"line":113,"column":3}},"line":110},"12":{"name":"(anonymous_12)","decl":{"start":{"line":115,"column":2},"end":{"line":115,"column":3}},"loc":{"start":{"line":115,"column":26},"end":{"line":117,"column":3}},"line":115},"13":{"name":"(anonymous_13)","decl":{"start":{"line":119,"column":2},"end":{"line":119,"column":3}},"loc":{"start":{"line":119,"column":31},"end":{"line":127,"column":3}},"line":119},"14":{"name":"(anonymous_14)","decl":{"start":{"line":129,"column":2},"end":{"line":129,"column":3}},"loc":{"start":{"line":129,"column":19},"end":{"line":147,"column":3}},"line":129},"15":{"name":"getInputValue","decl":{"start":{"line":134,"column":12},"end":{"line":134,"column":25}},"loc":{"start":{"line":134,"column":28},"end":{"line":139,"column":4}},"line":134},"16":{"name":"(anonymous_16)","decl":{"start":{"line":149,"column":2},"end":{"line":149,"column":3}},"loc":{"start":{"line":149,"column":37},"end":{"line":171,"column":3}},"line":149},"17":{"name":"(anonymous_17)","decl":{"start":{"line":173,"column":2},"end":{"line":173,"column":3}},"loc":{"start":{"line":173,"column":47},"end":{"line":180,"column":3}},"line":173},"18":{"name":"(anonymous_18)","decl":{"start":{"line":182,"column":2},"end":{"line":182,"column":3}},"loc":{"start":{"line":182,"column":10},"end":{"line":190,"column":3}},"line":182},"19":{"name":"(anonymous_19)","decl":{"start":{"line":192,"column":2},"end":{"line":192,"column":3}},"loc":{"start":{"line":192,"column":32},"end":{"line":208,"column":3}},"line":192},"20":{"name":"(anonymous_20)","decl":{"start":{"line":210,"column":2},"end":{"line":210,"column":3}},"loc":{"start":{"line":210,"column":33},"end":{"line":240,"column":3}},"line":210},"21":{"name":"(anonymous_21)","decl":{"start":{"line":217,"column":14},"end":{"line":217,"column":15}},"loc":{"start":{"line":217,"column":20},"end":{"line":219,"column":4}},"line":217},"22":{"name":"(anonymous_22)","decl":{"start":{"line":221,"column":4},"end":{"line":221,"column":5}},"loc":{"start":{"line":221,"column":17},"end":{"line":223,"column":5}},"line":221},"23":{"name":"(anonymous_23)","decl":{"start":{"line":226,"column":4},"end":{"line":226,"column":5}},"loc":{"start":{"line":226,"column":21},"end":{"line":231,"column":5}},"line":226},"24":{"name":"(anonymous_24)","decl":{"start":{"line":233,"column":4},"end":{"line":233,"column":5}},"loc":{"start":{"line":233,"column":17},"end":{"line":238,"column":5}},"line":233},"25":{"name":"(anonymous_25)","decl":{"start":{"line":242,"column":2},"end":{"line":242,"column":3}},"loc":{"start":{"line":242,"column":27},"end":{"line":252,"column":3}},"line":242},"26":{"name":"(anonymous_26)","decl":{"start":{"line":254,"column":2},"end":{"line":254,"column":3}},"loc":{"start":{"line":254,"column":58},"end":{"line":284,"column":3}},"line":254},"27":{"name":"(anonymous_27)","decl":{"start":{"line":256,"column":11},"end":{"line":256,"column":12}},"loc":{"start":{"line":256,"column":20},"end":{"line":264,"column":5}},"line":256},"28":{"name":"(anonymous_28)","decl":{"start":{"line":265,"column":13},"end":{"line":265,"column":14}},"loc":{"start":{"line":265,"column":22},"end":{"line":272,"column":5}},"line":265},"29":{"name":"(anonymous_29)","decl":{"start":{"line":273,"column":11},"end":{"line":273,"column":12}},"loc":{"start":{"line":273,"column":20},"end":{"line":277,"column":5}},"line":273},"30":{"name":"(anonymous_30)","decl":{"start":{"line":278,"column":10},"end":{"line":278,"column":11}},"loc":{"start":{"line":278,"column":19},"end":{"line":282,"column":5}},"line":278},"31":{"name":"(anonymous_31)","decl":{"start":{"line":286,"column":2},"end":{"line":286,"column":3}},"loc":{"start":{"line":286,"column":88},"end":{"line":329,"column":3}},"line":286},"32":{"name":"(anonymous_32)","decl":{"start":{"line":288,"column":11},"end":{"line":288,"column":12}},"loc":{"start":{"line":288,"column":20},"end":{"line":296,"column":5}},"line":288},"33":{"name":"(anonymous_33)","decl":{"start":{"line":297,"column":11},"end":{"line":297,"column":12}},"loc":{"start":{"line":297,"column":20},"end":{"line":301,"column":5}},"line":297},"34":{"name":"(anonymous_34)","decl":{"start":{"line":302,"column":13},"end":{"line":302,"column":14}},"loc":{"start":{"line":302,"column":22},"end":{"line":309,"column":5}},"line":302},"35":{"name":"(anonymous_35)","decl":{"start":{"line":310,"column":14},"end":{"line":310,"column":15}},"loc":{"start":{"line":310,"column":23},"end":{"line":314,"column":5}},"line":310},"36":{"name":"(anonymous_36)","decl":{"start":{"line":315,"column":11},"end":{"line":315,"column":12}},"loc":{"start":{"line":315,"column":20},"end":{"line":319,"column":5}},"line":315},"37":{"name":"(anonymous_37)","decl":{"start":{"line":320,"column":10},"end":{"line":320,"column":11}},"loc":{"start":{"line":320,"column":19},"end":{"line":326,"column":5}},"line":320},"38":{"name":"(anonymous_38)","decl":{"start":{"line":331,"column":2},"end":{"line":331,"column":3}},"loc":{"start":{"line":331,"column":23},"end":{"line":350,"column":3}},"line":331},"39":{"name":"(anonymous_39)","decl":{"start":{"line":352,"column":2},"end":{"line":352,"column":3}},"loc":{"start":{"line":352,"column":25},"end":{"line":354,"column":3}},"line":352},"40":{"name":"(anonymous_40)","decl":{"start":{"line":356,"column":2},"end":{"line":356,"column":3}},"loc":{"start":{"line":356,"column":23},"end":{"line":369,"column":3}},"line":356},"41":{"name":"(anonymous_41)","decl":{"start":{"line":358,"column":35},"end":{"line":358,"column":36}},"loc":{"start":{"line":358,"column":42},"end":{"line":366,"column":4}},"line":358},"42":{"name":"(anonymous_42)","decl":{"start":{"line":372,"column":1},"end":{"line":372,"column":2}},"loc":{"start":{"line":372,"column":10},"end":{"line":383,"column":2}},"line":372}},"branchMap":{"0":{"loc":{"start":{"line":27,"column":12},"end":{"line":27,"column":83}},"type":"cond-expr","locations":[{"start":{"line":27,"column":41},"end":{"line":27,"column":57}},{"start":{"line":27,"column":60},"end":{"line":27,"column":83}}],"line":27},"1":{"loc":{"start":{"line":56,"column":3},"end":{"line":70,"column":4}},"type":"if","locations":[{"start":{"line":56,"column":3},"end":{"line":70,"column":4}},{"start":{"line":56,"column":3},"end":{"line":70,"column":4}}],"line":56},"2":{"loc":{"start":{"line":57,"column":4},"end":{"line":59,"column":30}},"type":"binary-expr","locations":[{"start":{"line":57,"column":5},"end":{"line":57,"column":41}},{"start":{"line":58,"column":8},"end":{"line":58,"column":51}},{"start":{"line":59,"column":7},"end":{"line":59,"column":30}}],"line":57},"3":{"loc":{"start":{"line":62,"column":4},"end":{"line":69,"column":5}},"type":"if","locations":[{"start":{"line":62,"column":4},"end":{"line":69,"column":5}},{"start":{"line":62,"column":4},"end":{"line":69,"column":5}}],"line":62},"4":{"loc":{"start":{"line":64,"column":5},"end":{"line":68,"column":6}},"type":"if","locations":[{"start":{"line":64,"column":5},"end":{"line":68,"column":6}},{"start":{"line":64,"column":5},"end":{"line":68,"column":6}}],"line":64},"5":{"loc":{"start":{"line":75,"column":18},"end":{"line":75,"column":40}},"type":"cond-expr","locations":[{"start":{"line":75,"column":35},"end":{"line":75,"column":36}},{"start":{"line":75,"column":39},"end":{"line":75,"column":40}}],"line":75},"6":{"loc":{"start":{"line":77,"column":3},"end":{"line":85,"column":4}},"type":"if","locations":[{"start":{"line":77,"column":3},"end":{"line":85,"column":4}},{"start":{"line":77,"column":3},"end":{"line":85,"column":4}}],"line":77},"7":{"loc":{"start":{"line":90,"column":18},"end":{"line":90,"column":42}},"type":"cond-expr","locations":[{"start":{"line":90,"column":35},"end":{"line":90,"column":37}},{"start":{"line":90,"column":40},"end":{"line":90,"column":42}}],"line":90},"8":{"loc":{"start":{"line":92,"column":3},"end":{"line":100,"column":4}},"type":"if","locations":[{"start":{"line":92,"column":3},"end":{"line":100,"column":4}},{"start":{"line":92,"column":3},"end":{"line":100,"column":4}}],"line":92},"9":{"loc":{"start":{"line":104,"column":3},"end":{"line":107,"column":4}},"type":"if","locations":[{"start":{"line":104,"column":3},"end":{"line":107,"column":4}},{"start":{"line":104,"column":3},"end":{"line":107,"column":4}}],"line":104},"10":{"loc":{"start":{"line":122,"column":3},"end":{"line":124,"column":4}},"type":"if","locations":[{"start":{"line":122,"column":3},"end":{"line":124,"column":4}},{"start":{"line":122,"column":3},"end":{"line":124,"column":4}}],"line":122},"11":{"loc":{"start":{"line":130,"column":3},"end":{"line":132,"column":4}},"type":"if","locations":[{"start":{"line":130,"column":3},"end":{"line":132,"column":4}},{"start":{"line":130,"column":3},"end":{"line":132,"column":4}}],"line":130},"12":{"loc":{"start":{"line":135,"column":4},"end":{"line":137,"column":5}},"type":"if","locations":[{"start":{"line":135,"column":4},"end":{"line":137,"column":5}},{"start":{"line":135,"column":4},"end":{"line":137,"column":5}}],"line":135},"13":{"loc":{"start":{"line":138,"column":11},"end":{"line":138,"column":61}},"type":"cond-expr","locations":[{"start":{"line":138,"column":38},"end":{"line":138,"column":54}},{"start":{"line":138,"column":57},"end":{"line":138,"column":61}}],"line":138},"14":{"loc":{"start":{"line":138,"column":38},"end":{"line":138,"column":54}},"type":"binary-expr","locations":[{"start":{"line":138,"column":38},"end":{"line":138,"column":48}},{"start":{"line":138,"column":52},"end":{"line":138,"column":54}}],"line":138},"15":{"loc":{"start":{"line":150,"column":3},"end":{"line":152,"column":4}},"type":"if","locations":[{"start":{"line":150,"column":3},"end":{"line":152,"column":4}},{"start":{"line":150,"column":3},"end":{"line":152,"column":4}}],"line":150},"16":{"loc":{"start":{"line":158,"column":3},"end":{"line":160,"column":4}},"type":"if","locations":[{"start":{"line":158,"column":3},"end":{"line":160,"column":4}},{"start":{"line":158,"column":3},"end":{"line":160,"column":4}}],"line":158},"17":{"loc":{"start":{"line":159,"column":16},"end":{"line":159,"column":64}},"type":"cond-expr","locations":[{"start":{"line":159,"column":33},"end":{"line":159,"column":35}},{"start":{"line":159,"column":38},"end":{"line":159,"column":64}}],"line":159},"18":{"loc":{"start":{"line":164,"column":3},"end":{"line":168,"column":4}},"type":"if","locations":[{"start":{"line":164,"column":3},"end":{"line":168,"column":4}},{"start":{"line":164,"column":3},"end":{"line":168,"column":4}}],"line":164},"19":{"loc":{"start":{"line":166,"column":10},"end":{"line":168,"column":4}},"type":"if","locations":[{"start":{"line":166,"column":10},"end":{"line":168,"column":4}},{"start":{"line":166,"column":10},"end":{"line":168,"column":4}}],"line":166},"20":{"loc":{"start":{"line":173,"column":22},"end":{"line":173,"column":45}},"type":"default-arg","locations":[{"start":{"line":173,"column":41},"end":{"line":173,"column":45}}],"line":173},"21":{"loc":{"start":{"line":194,"column":3},"end":{"line":203,"column":4}},"type":"if","locations":[{"start":{"line":194,"column":3},"end":{"line":203,"column":4}},{"start":{"line":194,"column":3},"end":{"line":203,"column":4}}],"line":194},"22":{"loc":{"start":{"line":195,"column":4},"end":{"line":199,"column":5}},"type":"if","locations":[{"start":{"line":195,"column":4},"end":{"line":199,"column":5}},{"start":{"line":195,"column":4},"end":{"line":199,"column":5}}],"line":195},"23":{"loc":{"start":{"line":212,"column":3},"end":{"line":214,"column":4}},"type":"if","locations":[{"start":{"line":212,"column":3},"end":{"line":214,"column":4}},{"start":{"line":212,"column":3},"end":{"line":214,"column":4}}],"line":212},"24":{"loc":{"start":{"line":227,"column":5},"end":{"line":227,"column":49}},"type":"if","locations":[{"start":{"line":227,"column":5},"end":{"line":227,"column":49}},{"start":{"line":227,"column":5},"end":{"line":227,"column":49}}],"line":227},"25":{"loc":{"start":{"line":234,"column":5},"end":{"line":234,"column":49}},"type":"if","locations":[{"start":{"line":234,"column":5},"end":{"line":234,"column":49}},{"start":{"line":234,"column":5},"end":{"line":234,"column":49}}],"line":234},"26":{"loc":{"start":{"line":244,"column":3},"end":{"line":248,"column":4}},"type":"if","locations":[{"start":{"line":244,"column":3},"end":{"line":248,"column":4}},{"start":{"line":244,"column":3},"end":{"line":248,"column":4}}],"line":244},"27":{"loc":{"start":{"line":261,"column":5},"end":{"line":263,"column":6}},"type":"if","locations":[{"start":{"line":261,"column":5},"end":{"line":263,"column":6}},{"start":{"line":261,"column":5},"end":{"line":263,"column":6}}],"line":261},"28":{"loc":{"start":{"line":266,"column":5},"end":{"line":268,"column":6}},"type":"if","locations":[{"start":{"line":266,"column":5},"end":{"line":268,"column":6}},{"start":{"line":266,"column":5},"end":{"line":268,"column":6}}],"line":266},"29":{"loc":{"start":{"line":266,"column":9},"end":{"line":266,"column":49}},"type":"binary-expr","locations":[{"start":{"line":266,"column":9},"end":{"line":266,"column":18}},{"start":{"line":266,"column":22},"end":{"line":266,"column":49}}],"line":266},"30":{"loc":{"start":{"line":269,"column":5},"end":{"line":271,"column":6}},"type":"if","locations":[{"start":{"line":269,"column":5},"end":{"line":271,"column":6}},{"start":{"line":269,"column":5},"end":{"line":271,"column":6}}],"line":269},"31":{"loc":{"start":{"line":274,"column":5},"end":{"line":276,"column":6}},"type":"if","locations":[{"start":{"line":274,"column":5},"end":{"line":276,"column":6}},{"start":{"line":274,"column":5},"end":{"line":276,"column":6}}],"line":274},"32":{"loc":{"start":{"line":279,"column":5},"end":{"line":281,"column":6}},"type":"if","locations":[{"start":{"line":279,"column":5},"end":{"line":281,"column":6}},{"start":{"line":279,"column":5},"end":{"line":281,"column":6}}],"line":279},"33":{"loc":{"start":{"line":293,"column":5},"end":{"line":295,"column":6}},"type":"if","locations":[{"start":{"line":293,"column":5},"end":{"line":295,"column":6}},{"start":{"line":293,"column":5},"end":{"line":295,"column":6}}],"line":293},"34":{"loc":{"start":{"line":298,"column":5},"end":{"line":300,"column":6}},"type":"if","locations":[{"start":{"line":298,"column":5},"end":{"line":300,"column":6}},{"start":{"line":298,"column":5},"end":{"line":300,"column":6}}],"line":298},"35":{"loc":{"start":{"line":303,"column":5},"end":{"line":305,"column":6}},"type":"if","locations":[{"start":{"line":303,"column":5},"end":{"line":305,"column":6}},{"start":{"line":303,"column":5},"end":{"line":305,"column":6}}],"line":303},"36":{"loc":{"start":{"line":303,"column":9},"end":{"line":303,"column":49}},"type":"binary-expr","locations":[{"start":{"line":303,"column":9},"end":{"line":303,"column":18}},{"start":{"line":303,"column":22},"end":{"line":303,"column":49}}],"line":303},"37":{"loc":{"start":{"line":306,"column":5},"end":{"line":308,"column":6}},"type":"if","locations":[{"start":{"line":306,"column":5},"end":{"line":308,"column":6}},{"start":{"line":306,"column":5},"end":{"line":308,"column":6}}],"line":306},"38":{"loc":{"start":{"line":311,"column":5},"end":{"line":313,"column":6}},"type":"if","locations":[{"start":{"line":311,"column":5},"end":{"line":313,"column":6}},{"start":{"line":311,"column":5},"end":{"line":313,"column":6}}],"line":311},"39":{"loc":{"start":{"line":316,"column":5},"end":{"line":318,"column":6}},"type":"if","locations":[{"start":{"line":316,"column":5},"end":{"line":318,"column":6}},{"start":{"line":316,"column":5},"end":{"line":318,"column":6}}],"line":316},"40":{"loc":{"start":{"line":321,"column":5},"end":{"line":323,"column":6}},"type":"if","locations":[{"start":{"line":321,"column":5},"end":{"line":323,"column":6}},{"start":{"line":321,"column":5},"end":{"line":323,"column":6}}],"line":321},"41":{"loc":{"start":{"line":360,"column":4},"end":{"line":365,"column":5}},"type":"if","locations":[{"start":{"line":360,"column":4},"end":{"line":365,"column":5}},{"start":{"line":360,"column":4},"end":{"line":365,"column":5}}],"line":360},"42":{"loc":{"start":{"line":377,"column":5},"end":{"line":380,"column":7}},"type":"binary-expr","locations":[{"start":{"line":377,"column":5},"end":{"line":377,"column":30}},{"start":{"line":378,"column":8},"end":{"line":380,"column":7}}],"line":377}},"s":{"0":12,"1":12,"2":84,"3":0,"4":12,"5":12,"6":0,"7":0,"8":0,"9":0,"10":0,"11":0,"12":0,"13":0,"14":0,"15":0,"16":0,"17":0,"18":0,"19":0,"20":0,"21":0,"22":0,"23":0,"24":0,"25":0,"26":0,"27":0,"28":0,"29":0,"30":0,"31":0,"32":0,"33":0,"34":0,"35":0,"36":0,"37":0,"38":0,"39":0,"40":0,"41":0,"42":0,"43":0,"44":0,"45":0,"46":0,"47":0,"48":0,"49":0,"50":0,"51":0,"52":0,"53":0,"54":0,"55":0,"56":0,"57":0,"58":0,"59":0,"60":20,"61":20,"62":20,"63":0,"64":20,"65":20,"66":0,"67":20,"68":20,"69":20,"70":20,"71":20,"72":20,"73":0,"74":20,"75":0,"76":0,"77":0,"78":0,"79":0,"80":0,"81":0,"82":0,"83":0,"84":0,"85":0,"86":0,"87":0,"88":0,"89":0,"90":12,"91":0,"92":0,"93":0,"94":0,"95":0,"96":0,"97":0,"98":0,"99":0,"100":0,"101":0,"102":0,"103":0,"104":0,"105":0,"106":0,"107":0,"108":0,"109":0,"110":0,"111":0,"112":0,"113":0,"114":0,"115":0,"116":0,"117":0,"118":12,"119":12,"120":84,"121":0,"122":0,"123":0,"124":0,"125":0,"126":0,"127":0,"128":12,"129":12},"f":{"0":12,"1":12,"2":84,"3":0,"4":12,"5":0,"6":0,"7":0,"8":0,"9":0,"10":0,"11":0,"12":0,"13":0,"14":0,"15":0,"16":0,"17":0,"18":0,"19":20,"20":20,"21":0,"22":0,"23":0,"24":0,"25":0,"26":12,"27":0,"28":0,"29":0,"30":0,"31":0,"32":0,"33":0,"34":0,"35":0,"36":0,"37":0,"38":12,"39":84,"40":0,"41":0,"42":12},"b":{"0":[48,36],"1":[0,0],"2":[0,0,0],"3":[0,0],"4":[0,0],"5":[0,0],"6":[0,0],"7":[0,0],"8":[0,0],"9":[0,0],"10":[0,0],"11":[0,0],"12":[0,0],"13":[0,0],"14":[0,0],"15":[0,0],"16":[0,0],"17":[0,0],"18":[0,0],"19":[0,0],"20":[0],"21":[20,0],"22":[0,20],"23":[20,0],"24":[0,0],"25":[0,0],"26":[0,0],"27":[0,0],"28":[0,0],"29":[0,0],"30":[0,0],"31":[0,0],"32":[0,0],"33":[0,0],"34":[0,0],"35":[0,0],"36":[0,0],"37":[0,0],"38":[0,0],"39":[0,0],"40":[0,0],"41":[0,0],"42":[12,12]},"_coverageSchema":"43e27e138ebf9cfc5966b082cf9a028302ed4184","hash":"b29ee159bfff72410b17bdf8ee73e8fad15deb6a"}
,"/Users/mohdashraf/Desktop/reactivesearch/packages/vue/src/components/basic/utils.js": {"path":"/Users/mohdashraf/Desktop/reactivesearch/packages/vue/src/components/basic/utils.js","statementMap":{"0":{"start":{"line":8,"column":30},"end":{"line":22,"column":1}},"1":{"start":{"line":9,"column":1},"end":{"line":11,"column":2}},"2":{"start":{"line":10,"column":2},"end":{"line":10,"column":9}},"3":{"start":{"line":13,"column":17},"end":{"line":17,"column":3}},"4":{"start":{"line":18,"column":1},"end":{"line":21,"column":4}},"5":{"start":{"line":19,"column":2},"end":{"line":19,"column":21}},"6":{"start":{"line":20,"column":2},"end":{"line":20,"column":23}}},"fnMap":{"0":{"name":"(anonymous_0)","decl":{"start":{"line":8,"column":30},"end":{"line":8,"column":31}},"loc":{"start":{"line":8,"column":50},"end":{"line":22,"column":1}},"line":8},"1":{"name":"(anonymous_1)","decl":{"start":{"line":18,"column":17},"end":{"line":18,"column":18}},"loc":{"start":{"line":18,"column":40},"end":{"line":21,"column":2}},"line":18}},"branchMap":{"0":{"loc":{"start":{"line":9,"column":1},"end":{"line":11,"column":2}},"type":"if","locations":[{"start":{"line":9,"column":1},"end":{"line":11,"column":2}},{"start":{"line":9,"column":1},"end":{"line":11,"column":2}}],"line":9}},"s":{"0":2,"1":0,"2":0,"3":0,"4":0,"5":0,"6":0},"f":{"0":0,"1":0},"b":{"0":[0,0]},"_coverageSchema":"43e27e138ebf9cfc5966b082cf9a028302ed4184","hash":"ff84481e04a48bf36b7f2dabdce820bf0a82782f"}
[...]
e":84},"13":{"name":"(anonymous_13)","decl":{"start":{"line":94,"column":32},"end":{"line":94,"column":33}},"loc":{"start":{"line":94,"column":66},"end":{"line":98,"column":1}},"line":94},"14":{"name":"(anonymous_14)","decl":{"start":{"line":104,"column":44},"end":{"line":104,"column":45}},"loc":{"start":{"line":104,"column":70},"end":{"line":109,"column":1}},"line":104},"15":{"name":"(anonymous_15)","decl":{"start":{"line":114,"column":43},"end":{"line":114,"column":44}},"loc":{"start":{"line":114,"column":58},"end":{"line":117,"column":1}},"line":114},"16":{"name":"(anonymous_16)","decl":{"start":{"line":123,"column":28},"end":{"line":123,"column":29}},"loc":{"start":{"line":123,"column":42},"end":{"line":131,"column":1}},"line":123},"17":{"name":"(anonymous_17)","decl":{"start":{"line":125,"column":25},"end":{"line":125,"column":26}},"loc":{"start":{"line":126,"column":2},"end":{"line":126,"column":75}},"line":126},"18":{"name":"(anonymous_18)","decl":{"start":{"line":133,"column":23},"end":{"line":133,"column":24}},"loc":{"start":{"line":133,"column":30},"end":{"line":133,"column":77}},"line":133},"19":{"name":"isNumeric","decl":{"start":{"line":135,"column":16},"end":{"line":135,"column":25}},"loc":{"start":{"line":135,"column":33},"end":{"line":137,"column":1}},"line":135},"20":{"name":"isHotkeyCombination","decl":{"start":{"line":140,"column":16},"end":{"line":140,"column":35}},"loc":{"start":{"line":140,"column":44},"end":{"line":142,"column":1}},"line":140},"21":{"name":"getCharFromCharCode","decl":{"start":{"line":148,"column":16},"end":{"line":148,"column":35}},"loc":{"start":{"line":148,"column":52},"end":{"line":152,"column":1}},"line":148},"22":{"name":"parseFocusShortcuts","decl":{"start":{"line":156,"column":16},"end":{"line":156,"column":35}},"loc":{"start":{"line":156,"column":57},"end":{"line":189,"column":1}},"line":156},"23":{"name":"(anonymous_23)","decl":{"start":{"line":160,"column":29},"end":{"line":160,"column":30}},"loc":{"start":{"line":160,"column":40},"end":{"line":187,"column":2}},"line":160},"24":{"name":"extractModifierKeysFromFocusShortcuts","decl":{"start":{"line":194,"column":16},"end":{"line":194,"column":53}},"loc":{"start":{"line":194,"column":75},"end":{"line":196,"column":1}},"line":194},"25":{"name":"(anonymous_25)","decl":{"start":{"line":195,"column":35},"end":{"line":195,"column":36}},"loc":{"start":{"line":195,"column":50},"end":{"line":195,"column":85}},"line":195},"26":{"name":"(anonymous_26)","decl":{"start":{"line":198,"column":24},"end":{"line":198,"column":25}},"loc":{"start":{"line":198,"column":43},"end":{"line":204,"column":1}},"line":198},"27":{"name":"(anonymous_27)","decl":{"start":{"line":201,"column":26},"end":{"line":201,"column":27}},"loc":{"start":{"line":201,"column":32},"end":{"line":203,"column":2}},"line":201}},"branchMap":{"0":{"loc":{"start":{"line":21,"column":35},"end":{"line":21,"column":48}},"type":"default-arg","locations":[{"start":{"line":21,"column":46},"end":{"line":21,"column":48}}],"line":21},"1":{"loc":{"start":{"line":21,"column":50},"end":{"line":21,"column":64}},"type":"default-arg","locations":[{"start":{"line":21,"column":62},"end":{"line":21,"column":64}}],"line":21},"2":{"loc":{"start":{"line":44,"column":41},"end":{"line":44,"column":71}},"type":"cond-expr","locations":[{"start":{"line":44,"column":61},"end":{"line":44,"column":64}},{"start":{"line":44,"column":67},"end":{"line":44,"column":71}}],"line":44},"3":{"loc":{"start":{"line":46,"column":1},"end":{"line":48,"column":2}},"type":"if","locations":[{"start":{"line":46,"column":1},"end":{"line":48,"column":2}},{"start":{"line":46,"column":1},"end":{"line":48,"column":2}}],"line":46},"4":{"loc":{"start":{"line":57,"column":29},"end":{"line":57,"column":38}},"type":"default-arg","locations":[{"start":{"line":57,"column":36},"end":{"line":57,"column":38}}],"line":57},"5":{"loc":{"start":{"line":57,"column":40},"end":{"line":57,"column":49}},"type":"default-arg","locations":[{"start":{"line":57,"column":47},"end":{"line":57,"column":49}}],"line":57},"6":{"loc":{"start":{"line":58,"column":33},"end":{"line":58,"column":56}},"type":"binary-expr","locations":[{"start":{"line":58,"column":33},"end":{"line":58,"column":50}},{"start":{"line":58,"column":54},"end":{"line":58,"column":56}}],"line":58},"7":{"loc":{"start":{"line":59,"column":32},"end":{"line":59,"column":49}},"type":"binary-expr","locations":[{"start":{"line":59,"column":32},"end":{"line":59,"column":43}},{"start":{"line":59,"column":47},"end":{"line":59,"column":49}}],"line":59},"8":{"loc":{"start":{"line":60,"column":16},"end":{"line":60,"column":41}},"type":"binary-expr","locations":[{"start":{"line":60,"column":16},"end":{"line":60,"column":27}},{"start":{"line":60,"column":31},"end":{"line":60,"column":41}}],"line":60},"9":{"loc":{"start":{"line":61,"column":1},"end":{"line":61,"column":33}},"type":"if","locations":[{"start":{"line":61,"column":1},"end":{"line":61,"column":33}},{"start":{"line":61,"column":1},"end":{"line":61,"column":33}}],"line":61},"10":{"loc":{"start":{"line":68,"column":34},"end":{"line":68,"column":43}},"type":"default-arg","locations":[{"start":{"line":68,"column":41},"end":{"line":68,"column":43}}],"line":68},"11":{"loc":{"start":{"line":69,"column":33},"end":{"line":69,"column":56}},"type":"binary-expr","locations":[{"start":{"line":69,"column":33},"end":{"line":69,"column":50}},{"start":{"line":69,"column":54},"end":{"line":69,"column":56}}],"line":69},"12":{"loc":{"start":{"line":70,"column":32},"end":{"line":70,"column":49}},"type":"binary-expr","locations":[{"start":{"line":70,"column":32},"end":{"line":70,"column":43}},{"start":{"line":70,"column":47},"end":{"line":70,"column":49}}],"line":70},"13":{"loc":{"start":{"line":71,"column":16},"end":{"line":71,"column":41}},"type":"binary-expr","locations":[{"start":{"line":71,"column":16},"end":{"line":71,"column":27}},{"start":{"line":71,"column":31},"end":{"line":71,"column":41}}],"line":71},"14":{"loc":{"start":{"line":74,"column":34},"end":{"line":74,"column":44}},"type":"default-arg","locations":[{"start":{"line":74,"column":42},"end":{"line":74,"column":44}}],"line":74},"15":{"loc":{"start":{"line":78,"column":4},"end":{"line":78,"column":70}},"type":"binary-expr","locations":[{"start":{"line":78,"column":4},"end":{"line":78,"column":13}},{"start":{"line":78,"column":17},"end":{"line":78,"column":42}},{"start":{"line":78,"column":46},"end":{"line":78,"column":70}}],"line":78},"16":{"loc":{"start":{"line":95,"column":1},"end":{"line":95,"column":79}},"type":"if","locations":[{"start":{"line":95,"column":1},"end":{"line":95,"column":79}},{"start":{"line":95,"column":1},"end":{"line":95,"column":79}}],"line":95},"17":{"loc":{"start":{"line":95,"column":5},"end":{"line":95,"column":65}},"type":"binary-expr","locations":[{"start":{"line":95,"column":5},"end":{"line":95,"column":33}},{"start":{"line":95,"column":37},"end":{"line":95,"column":65}}],"line":95},"18":{"loc":{"start":{"line":104,"column":45},"end":{"line":104,"column":54}},"type":"default-arg","locations":[{"start":{"line":104,"column":52},"end":{"line":104,"column":54}}],"line":104},"19":{"loc":{"start":{"line":104,"column":56},"end":{"line":104,"column":65}},"type":"default-arg","locations":[{"start":{"line":104,"column":63},"end":{"line":104,"column":65}}],"line":104},"20":{"loc":{"start":{"line":105,"column":62},"end":{"line":105,"column":94}},"type":"binary-expr","locations":[{"start":{"line":105,"column":62},"end":{"line":105,"column":79}},{"start":{"line":105,"column":83},"end":{"line":105,"column":94}}],"line":105},"21":{"loc":{"start":{"line":106,"column":16},"end":{"line":106,"column":66}},"type":"binary-expr","locations":[{"start":{"line":106,"column":16},"end":{"line":106,"column":40}},{"start":{"line":106,"column":44},"end":{"line":106,"column":66}}],"line":106},"22":{"loc":{"start":{"line":107,"column":1},"end":{"line":107,"column":33}},"type":"if","locations":[{"start":{"line":107,"column":1},"end":{"line":107,"column":33}},{"start":{"line":107,"column":1},"end":{"line":107,"column":33}}],"line":107},"23":{"loc":{"start":{"line":114,"column":44},"end":{"line":114,"column":53}},"type":"default-arg","locations":[{"start":{"line":114,"column":51},"end":{"line":114,"column":53}}],"line":114},"24":{"loc":{"start":{"line":115,"column":62},"end":{"line":115,"column":94}},"type":"binary-expr","locations":[{"start":{"line":115,"column":62},"end":{"line":115,"column":79}},{"start":{"line":115,"column":83},"end":{"line":115,"column":94}}],"line":115},"25":{"loc":{"start":{"line":116,"column":8},"end":{"line":116,"column":76}},"type":"binary-expr","locations":[{"start":{"line":116,"column":8},"end":{"line":116,"column":41}},{"start":{"line":116,"column":45},"end":{"line":116,"column":76}}],"line":116},"26":{"loc":{"start":{"line":123,"column":29},"end":{"line":123,"column":37}},"type":"default-arg","locations":[{"start":{"line":123,"column":35},"end":{"line":123,"column":37}}],"line":123},"27":{"loc":{"start":{"line":126,"column":2},"end":{"line":126,"column":75}},"type":"cond-expr","locations":[{"start":{"line":126,"column":10},"end":{"line":126,"column":68}},{"start":{"line":126,"column":71},"end":{"line":126,"column":75}}],"line":126},"28":{"loc":{"start":{"line":130,"column":8},"end":{"line":130,"column":27}},"type":"binary-expr","locations":[{"start":{"line":130,"column":8},"end":{"line":130,"column":21}},{"start":{"line":130,"column":25},"end":{"line":130,"column":27}}],"line":130},"29":{"loc":{"start":{"line":133,"column":32},"end":{"line":133,"column":76}},"type":"binary-expr","locations":[{"start":{"line":133,"column":32},"end":{"line":133,"column":35}},{"start":{"line":133,"column":39},"end":{"line":133,"column":49}},{"start":{"line":133,"column":53},"end":{"line":133,"column":76}}],"line":133},"30":{"loc":{"start":{"line":141,"column":8},"end":{"line":141,"column":64}},"type":"binary-expr","locations":[{"start":{"line":141,"column":8},"end":{"line":141,"column":34}},{"start":{"line":141,"column":38},"end":{"line":141,"column":64}}],"line":141},"31":{"loc":{"start":{"line":151,"column":28},"end":{"line":151,"column":57}},"type":"cond-expr","locations":[{"start":{"line":151,"column":42},"end":{"line":151,"column":49}},{"start":{"line":151,"column":52},"end":{"line":151,"column":57}}],"line":151},"32":{"loc":{"start":{"line":157,"column":1},"end":{"line":157,"column":45}},"type":"if","locations":[{"start":{"line":157,"column":1},"end":{"line":157,"column":45}},{"start":{"line":157,"column":1},"end":{"line":157,"column":45}}],"line":157},"33":{"loc":{"start":{"line":161,"column":2},"end":{"line":186,"column":3}},"type":"if","locations":[{"start":{"line":161,"column":2},"end":{"line":186,"column":3}},{"start":{"line":161,"column":2},"end":{"line":186,"column":3}}],"line":161},"34":{"loc":{"start":{"line":162,"column":3},"end":{"line":182,"column":4}},"type":"if","locations":[{"start":{"line":162,"column":3},"end":{"line":182,"column":4}},{"start":{"line":162,"column":3},"end":{"line":182,"column":4}}],"line":162},"35":{"loc":{"start":{"line":169,"column":5},"end":{"line":173,"column":6}},"type":"if","locations":[{"start":{"line":169,"column":5},"end":{"line":173,"column":6}},{"start":{"line":169,"column":5},"end":{"line":173,"column":6}}],"line":169},"36":{"loc":{"start":{"line":177,"column":10},"end":{"line":182,"column":4}},"type":"if","locations":[{"start":{"line":177,"column":10},"end":{"line":182,"column":4}},{"start":{"line":177,"column":10},"end":{"line":182,"column":4}}],"line":177}},"s":{"0":8,"1":8,"2":26,"3":8,"4":8,"5":53,"6":8,"7":7,"8":0,"9":0,"10":0,"11":0,"12":0,"13":0,"14":0,"15":8,"16":10,"17":10,"18":10,"19":10,"20":10,"21":0,"22":8,"23":39,"24":39,"25":39,"26":8,"27":0,"28":0,"29":8,"30":0,"31":8,"32":28,"33":8,"34":42,"35":8,"36":0,"37":0,"38":0,"39":8,"40":0,"41":0,"42":0,"43":0,"44":0,"45":8,"46":0,"47":0,"48":8,"49":403,"50":403,"51":403,"52":403,"53":403,"54":8,"55":0,"56":0,"57":0,"58":0,"59":0,"60":0,"61":0,"62":0,"63":0,"64":0,"65":0,"66":0,"67":0,"68":0,"69":0,"70":0,"71":0,"72":0,"73":0,"74":0,"75":0,"76":0,"77":0,"78":0,"79":0,"80":0,"81":0,"82":8,"83":0,"84":0,"85":8,"86":0,"87":0,"88":0},"f":{"0":26,"1":53,"2":7,"3":0,"4":0,"5":0,"6":10,"7":39,"8":0,"9":0,"10":0,"11":28,"12":42,"13":0,"14":0,"15":0,"16":403,"17":403,"18":0,"19":0,"20":0,"21":0,"22":0,"23":0,"24":0,"25":0,"26":0,"27":0},"b":{"0":[0],"1":[0],"2":[0,0],"3":[0,0],"4":[0],"5":[0],"6":[10,0],"7":[10,0],"8":[10,10],"9":[10,0],"10":[0],"11":[39,0],"12":[39,0],"13":[39,39],"14":[0],"15":[0,0,0],"16":[0,0],"17":[0,0],"18":[0],"19":[0],"20":[0,0],"21":[0,0],"22":[0,0],"23":[0],"24":[0,0],"25":[0,0],"26":[0],"27":[0,403],"28":[403,0],"29":[0,0,0],"30":[0,0],"31":[0,0],"32":[0,0],"33":[0,0],"34":[0,0],"35":[0,0],"36":[0,0]},"_coverageSchema":"43e27e138ebf9cfc5966b082cf9a028302ed4184","hash":"2c27f33e905f1a9d3a3da77cc2274bb38cb62b96"}
,"/Users/mohdashraf/Desktop/reactivesearch/packages/vue/src/utils/shallowEqual.js": {"path":"/Users/mohdashraf/Desktop/reactivesearch/packages/vue/src/utils/shallowEqual.js","statementMap":{"0":{"start":{"line":4,"column":15},"end":{"line":4,"column":46}},"1":{"start":{"line":7,"column":1},"end":{"line":9,"column":2}},"2":{"start":{"line":8,"column":2},"end":{"line":8,"column":47}},"3":{"start":{"line":11,"column":1},"end":{"line":11,"column":27}},"4":{"start":{"line":15,"column":1},"end":{"line":15,"column":33}},"5":{"start":{"line":15,"column":21},"end":{"line":15,"column":33}},"6":{"start":{"line":16,"column":1},"end":{"line":23,"column":2}},"7":{"start":{"line":22,"column":2},"end":{"line":22,"column":15}},"8":{"start":{"line":25,"column":15},"end":{"line":25,"column":32}},"9":{"start":{"line":26,"column":15},"end":{"line":26,"column":32}},"10":{"start":{"line":28,"column":1},"end":{"line":28,"column":49}},"11":{"start":{"line":28,"column":36},"end":{"line":28,"column":49}},"12":{"start":{"line":30,"column":1},"end":{"line":34,"column":2}},"13":{"start":{"line":30,"column":14},"end":{"line":30,"column":15}},"14":{"start":{"line":31,"column":2},"end":{"line":33,"column":3}},"15":{"start":{"line":32,"column":3},"end":{"line":32,"column":16}},"16":{"start":{"line":36,"column":1},"end":{"line":36,"column":13}}},"fnMap":{"0":{"name":"is","decl":{"start":{"line":6,"column":9},"end":{"line":6,"column":11}},"loc":{"start":{"line":6,"column":18},"end":{"line":12,"column":1}},"line":6},"1":{"name":"shallowEqual","decl":{"start":{"line":14,"column":24},"end":{"line":14,"column":36}},"loc":{"start":{"line":14,"column":49},"end":{"line":37,"column":1}},"line":14}},"branchMap":{"0":{"loc":{"start":{"line":7,"column":1},"end":{"line":9,"column":2}},"type":"if","locations":[{"start":{"line":7,"column":1},"end":{"line":9,"column":2}},{"start":{"line":7,"column":1},"end":{"line":9,"column":2}}],"line":7},"1":{"loc":{"start":{"line":8,"column":9},"end":{"line":8,"column":46}},"type":"binary-expr","locations":[{"start":{"line":8,"column":9},"end":{"line":8,"column":16}},{"start":{"line":8,"column":20},"end":{"line":8,"column":27}},{"start":{"line":8,"column":31},"end":{"line":8,"column":46}}],"line":8},"2":{"loc":{"start":{"line":11,"column":8},"end":{"line":11,"column":26}},"type":"binary-expr","locations":[{"start":{"line":11,"column":8},"end":{"line":11,"column":15}},{"start":{"line":11,"column":19},"end":{"line":11,"column":26}}],"line":11},"3":{"loc":{"start":{"line":15,"column":1},"end":{"line":15,"column":33}},"type":"if","locations":[{"start":{"line":15,"column":1},"end":{"line":15,"column":33}},{"start":{"line":15,"column":1},"end":{"line":15,"column":33}}],"line":15},"4":{"loc":{"start":{"line":16,"column":1},"end":{"line":23,"column":2}},"type":"if","locations":[{"start":{"line":16,"column":1},"end":{"line":23,"column":2}},{"start":{"line":16,"column":1},"end":{"line":23,"column":2}}],"line":16},"5":{"loc":{"start":{"line":17,"column":2},"end":{"line":20,"column":18}},"type":"binary-expr","locations":[{"start":{"line":17,"column":2},"end":{"line":17,"column":26}},{"start":{"line":18,"column":5},"end":{"line":18,"column":18}},{"start":{"line":19,"column":5},"end":{"line":19,"column":29}},{"start":{"line":20,"column":5},"end":{"line":20,"column":18}}],"line":17},"6":{"loc":{"start":{"line":28,"column":1},"end":{"line":28,"column":49}},"type":"if","locations":[{"start":{"line":28,"column":1},"end":{"line":28,"column":49}},{"start":{"line":28,"column":1},"end":{"line":28,"column":49}}],"line":28},"7":{"loc":{"start":{"line":31,"column":2},"end":{"line":33,"column":3}},"type":"if","locations":[{"start":{"line":31,"column":2},"end":{"line":33,"column":3}},{"start":{"line":31,"column":2},"end":{"line":33,"column":3}}],"line":31},"8":{"loc":{"start":{"line":31,"column":6},"end":{"line":31,"column":73}},"type":"binary-expr","locations":[{"start":{"line":31,"column":6},"end":{"line":31,"column":34}},{"start":{"line":31,"column":38},"end":{"line":31,"column":73}}],"line":31}},"s":{"0":8,"1":3099,"2":1972,"3":1127,"4":947,"5":0,"6":947,"7":0,"8":947,"9":947,"10":947,"11":0,"12":947,"13":947,"14":2152,"15":180,"16":767},"f":{"0":3099,"1":947},"b":{"0":[1972,1127],"1":[1972,33,33],"2":[1127,0],"3":[0,947],"4":[0,947],"5":[947,947,947,947],"6":[0,947],"7":[180,1972],"8":[2152,2152]},"_coverageSchema":"43e27e138ebf9cfc5966b082cf9a028302ed4184","hash":"3c69708d55450afc8f23a6ed38d38aa94138e2d2"}
,"/Users/mohdashraf/Desktop/reactivesearch/packages/vue/src/utils/vueTypes.js": {"path":"/Users/mohdashraf/Desktop/reactivesearch/packages/vue/src/utils/vueTypes.js","statementMap":{"0":{"start":{"line":4,"column":0},"end":{"line":4,"column":34}},"1":{"start":{"line":6,"column":21},"end":{"line":11,"column":2}},"2":{"start":{"line":15,"column":1},"end":{"line":17,"column":2}},"3":{"start":{"line":16,"column":2},"end":{"line":16,"column":66}},"4":{"start":{"line":18,"column":1},"end":{"line":20,"column":2}},"5":{"start":{"line":19,"column":2},"end":{"line":19,"column":70}},"6":{"start":{"line":21,"column":1},"end":{"line":23,"column":2}},"7":{"start":{"line":22,"column":2},"end":{"line":22,"column":72}},"8":{"start":{"line":24,"column":1},"end":{"line":24,"column":13}},"9":{"start":{"line":27,"column":14},"end":{"line":158,"column":1}}},"fnMap":{"0":{"name":"validateLocation","decl":{"start":{"line":13,"column":9},"end":{"line":13,"column":25}},"loc":{"start":{"line":13,"column":43},"end":{"line":25,"column":1}},"line":13}},"branchMap":{"0":{"loc":{"start":{"line":15,"column":1},"end":{"line":17,"column":2}},"type":"if","locations":[{"start":{"line":15,"column":1},"end":{"line":17,"column":2}},{"start":{"line":15,"column":1},"end":{"line":17,"column":2}}],"line":15},"1":{"loc":{"start":{"line":18,"column":1},"end":{"line":20,"column":2}},"type":"if","locations":[{"start":{"line":18,"column":1},"end":{"line":20,"column":2}},{"start":{"line":18,"column":1},"end":{"line":20,"column":2}}],"line":18},"2":{"loc":{"start":{"line":18,"column":5},"end":{"line":18,"column":74}},"type":"binary-expr","locations":[{"start":{"line":18,"column":5},"end":{"line":18,"column":23}},{"start":{"line":18,"column":28},"end":{"line":18,"column":49}},{"start":{"line":18,"column":53},"end":{"line":18,"column":73}}],"line":18},"3":{"loc":{"start":{"line":21,"column":1},"end":{"line":23,"column":2}},"type":"if","locations":[{"start":{"line":21,"column":1},"end":{"line":23,"column":2}},{"start":{"line":21,"column":1},"end":{"line":23,"column":2}}],"line":21},"4":{"loc":{"start":{"line":21,"column":5},"end":{"line":21,"column":76}},"type":"binary-expr","locations":[{"start":{"line":21,"column":5},"end":{"line":21,"column":23}},{"start":{"line":21,"column":28},"end":{"line":21,"column":50}},{"start":{"line":21,"column":54},"end":{"line":21,"column":75}}],"line":21}},"s":{"0":8,"1":8,"2":0,"3":0,"4":0,"5":0,"6":0,"7":0,"8":0,"9":8},"f":{"0":0},"b":{"0":[0,0],"1":[0,0],"2":[0,0,0],"3":[0,0],"4":[0,0,0]},"_coverageSchema":"43e27e138ebf9cfc5966b082cf9a028302ed4184","hash":"84b8a55bd9489731b8050eeb6d2b5f86a0c1f6fe"}
}
