TN:
SF:/Users/mohdashraf/Desktop/reactivesearch/packages/vue/src/components/Provider.js
FN:7,(anonymous_0)
FN:17,(anonymous_1)
FN:22,(anonymous_2)
FNF:3
FNH:3
FNDA:53,(anonymous_0)
FNDA:53,(anonymous_1)
FNDA:53,(anonymous_2)
DA:8,53
DA:9,0
DA:13,53
DA:18,53
DA:23,53
DA:24,0
DA:26,53
LF:7
LH:5
BRDA:8,0,0,0
BRDA:8,0,1,53
BRDA:8,1,0,53
BRDA:8,1,1,0
BRDA:8,1,2,0
BRDA:23,2,0,0
BRDA:23,2,1,53
BRF:7
BRH:3
end_of_record
TN:
SF:/Users/mohdashraf/Desktop/reactivesearch/packages/vue/src/components/URLParamsProvider.jsx
FN:19,(anonymous_0)
FN:22,(anonymous_1)
FN:28,(anonymous_2)
FN:29,(anonymous_3)
FN:34,(anonymous_4)
FN:49,(anonymous_5)
FN:55,(anonymous_6)
FN:66,(anonymous_7)
FN:67,(anonymous_8)
FN:102,(anonymous_9)
FN:103,(anonymous_10)
FN:109,(anonymous_11)
FN:118,(anonymous_12)
FN:125,(anonymous_13)
FN:133,(anonymous_14)
FN:157,(anonymous_15)
FN:163,(anonymous_16)
FN:165,(anonymous_17)
FN:175,(anonymous_18)
FN:196,(anonymous_19)
FN:209,(anonymous_20)
FN:215,(anonymous_21)
FN:225,(anonymous_22)
FNF:23
FNH:7
FNDA:53,(anonymous_0)
FNDA:0,(anonymous_1)
FNDA:0,(anonymous_2)
FNDA:0,(anonymous_3)
FNDA:0,(anonymous_4)
FNDA:0,(anonymous_5)
FNDA:16,(anonymous_6)
FNDA:14,(anonymous_7)
FNDA:0,(anonymous_8)
FNDA:14,(anonymous_9)
FNDA:0,(anonymous_10)
FNDA:0,(anonymous_11)
FNDA:0,(anonymous_12)
FNDA:53,(anonymous_13)
FNDA:0,(anonymous_14)
FNDA:0,(anonymous_15)
FNDA:0,(anonymous_16)
FNDA:0,(anonymous_17)
FNDA:0,(anonymous_18)
FNDA:0,(anonymous_19)
FNDA:53,(anonymous_20)
FNDA:540,(anonymous_21)
FNDA:0,(anonymous_22)
DA:7,8
DA:8,8
DA:10,8
DA:20,53
DA:22,53
DA:23,0
DA:24,0
DA:27,0
DA:28,0
DA:30,0
DA:34,0
DA:35,0
DA:36,0
DA:37,0
DA:40,0
DA:43,0
DA:53,0
DA:56,16
DA:57,16
DA:58,14
DA:61,14
DA:62,14
DA:63,14
DA:65,14
DA:66,14
DA:69,0
DA:73,0
DA:74,0
DA:75,0
DA:76,0
DA:84,0
DA:87,0
DA:88,0
DA:90,0
DA:95,0
DA:96,0
DA:101,14
DA:102,14
DA:104,0
DA:105,0
DA:108,14
DA:109,0
DA:110,0
DA:111,0
DA:114,0
DA:119,0
DA:120,0
DA:126,53
DA:129,53
DA:130,53
DA:137,0
DA:138,0
DA:142,0
DA:144,0
DA:145,0
DA:148,0
DA:149,0
DA:152,0
DA:158,0
DA:159,0
DA:160,0
DA:164,0
DA:165,0
DA:166,0
DA:168,0
DA:169,0
DA:170,0
DA:172,0
DA:176,0
DA:179,0
DA:180,0
DA:185,0
DA:186,0
DA:188,0
DA:189,0
DA:190,0
DA:191,0
DA:197,0
DA:198,0
DA:199,0
DA:201,0
DA:202,0
DA:203,0
DA:204,0
DA:206,0
DA:210,53
DA:211,53
DA:215,540
DA:220,8
DA:225,8
DA:226,0
LF:91
LH:24
BRDA:37,0,0,0
BRDA:37,0,1,0
BRDA:57,1,0,14
BRDA:57,1,1,2
BRDA:58,2,0,0
BRDA:58,2,1,14
BRDA:69,3,0,0
BRDA:69,3,1,0
BRDA:70,4,0,0
BRDA:70,4,1,0
BRDA:74,5,0,0
BRDA:74,5,1,0
BRDA:75,6,0,0
BRDA:75,6,1,0
BRDA:90,7,0,0
BRDA:90,7,1,0
BRDA:91,8,0,0
BRDA:91,8,1,0
BRDA:108,9,0,0
BRDA:108,9,1,14
BRDA:110,10,0,0
BRDA:110,10,1,0
BRDA:110,11,0,0
BRDA:110,11,1,0
BRDA:119,12,0,0
BRDA:119,12,1,0
BRDA:126,13,0,0
BRDA:126,13,1,53
BRDA:130,14,0,53
BRDA:130,14,1,0
BRDA:137,15,0,0
BRDA:137,15,1,0
BRDA:138,16,0,0
BRDA:138,16,1,0
BRDA:142,17,0,0
BRDA:142,17,1,0
BRDA:144,18,0,0
BRDA:144,18,1,0
BRDA:158,19,0,0
BRDA:158,19,1,0
BRDA:159,20,0,0
BRDA:159,20,1,0
BRDA:164,21,0,0
BRDA:164,21,1,0
BRDA:164,22,0,0
BRDA:164,22,1,0
BRDA:166,23,0,0
BRDA:166,23,1,0
BRDA:166,24,0,0
BRDA:166,24,1,0
BRDA:168,25,0,0
BRDA:168,25,1,0
BRDA:169,26,0,0
BRDA:169,26,1,0
BRDA:170,27,0,0
BRDA:170,27,1,0
BRDA:170,27,2,0
BRDA:176,28,0,0
BRDA:176,28,1,0
BRDA:180,29,0,0
BRDA:180,29,1,0
BRDA:181,30,0,0
BRDA:181,30,1,0
BRDA:181,30,2,0
BRDA:181,30,3,0
BRDA:181,30,4,0
BRDA:189,31,0,0
BRDA:189,31,1,0
BRDA:197,32,0,0
BRDA:197,32,1,0
BRDA:201,33,0,0
BRDA:201,33,1,0
BRDA:203,34,0,0
BRDA:203,34,1,0
BRF:74
BRH:6
end_of_record
TN:
SF:/Users/mohdashraf/Desktop/reactivesearch/packages/vue/src/components/ReactiveBase/index.jsx
FN:16,(anonymous_0)
FN:22,(anonymous_1)
FN:25,(anonymous_2)
FN:58,(anonymous_3)
FN:68,(anonymous_4)
FN:71,(anonymous_5)
FN:74,(anonymous_6)
FN:77,(anonymous_7)
FN:80,(anonymous_8)
FN:83,(anonymous_9)
FN:86,(anonymous_10)
FN:93,(anonymous_11)
FN:100,(anonymous_12)
FN:105,(anonymous_13)
FN:119,(anonymous_14)
FN:123,(anonymous_15)
FN:158,(anonymous_16)
FN:211,(anonymous_17)
FN:230,(anonymous_18)
FNF:19
FNH:7
FNDA:53,(anonymous_0)
FNDA:53,(anonymous_1)
FNDA:53,(anonymous_2)
FNDA:53,(anonymous_3)
FNDA:0,(anonymous_4)
FNDA:0,(anonymous_5)
FNDA:0,(anonymous_6)
FNDA:0,(anonymous_7)
FNDA:0,(anonymous_8)
FNDA:0,(anonymous_9)
FNDA:0,(anonymous_10)
FNDA:0,(anonymous_11)
FNDA:0,(anonymous_12)
FNDA:53,(anonymous_13)
FNDA:0,(anonymous_14)
FNDA:53,(anonymous_15)
FNDA:0,(anonymous_16)
FNDA:53,(anonymous_17)
FNDA:0,(anonymous_18)
DA:14,8
DA:17,53
DA:20,53
DA:23,53
DA:26,53
DA:28,53
DA:29,0
DA:59,53
DA:69,0
DA:72,0
DA:75,0
DA:78,0
DA:81,0
DA:84,0
DA:87,0
DA:88,0
DA:89,0
DA:94,0
DA:95,0
DA:96,0
DA:101,0
DA:106,53
DA:107,53
DA:108,53
DA:120,0
DA:121,0
DA:125,53
DA:128,53
DA:132,53
DA:146,53
DA:148,53
DA:149,53
DA:151,0
DA:154,53
DA:155,53
DA:156,53
DA:158,53
DA:159,0
DA:160,0
DA:161,0
DA:162,0
DA:163,0
DA:165,0
DA:167,0
DA:168,0
DA:169,0
DA:173,0
DA:182,53
DA:184,53
DA:186,53
DA:187,0
DA:190,53
DA:191,0
DA:194,53
DA:208,53
DA:212,53
DA:213,53
DA:214,53
DA:230,8
DA:231,0
LF:60
LH:30
BRDA:28,0,0,0
BRDA:28,0,1,53
BRDA:87,1,0,0
BRDA:87,1,1,0
BRDA:88,2,0,0
BRDA:88,2,1,0
BRDA:94,3,0,0
BRDA:94,3,1,0
BRDA:95,4,0,0
BRDA:95,4,1,0
BRDA:107,5,0,53
BRDA:107,5,1,0
BRDA:109,6,0,53
BRDA:109,6,1,0
BRDA:109,6,2,0
BRDA:112,7,0,0
BRDA:112,7,1,0
BRDA:125,8,0,53
BRDA:125,8,1,0
BRDA:125,9,0,53
BRDA:125,9,1,53
BRDA:125,9,2,53
BRDA:133,10,0,53
BRDA:133,10,1,0
BRDA:133,11,0,53
BRDA:133,11,1,53
BRDA:136,12,0,0
BRDA:136,12,1,53
BRDA:140,13,0,53
BRDA:140,13,1,0
BRDA:148,14,0,53
BRDA:148,14,1,0
BRDA:151,15,0,0
BRDA:151,15,1,0
BRDA:162,16,0,0
BRDA:162,16,1,0
BRDA:167,17,0,0
BRDA:167,17,1,0
BRDA:186,18,0,0
BRDA:186,18,1,53
BRDA:190,19,0,0
BRDA:190,19,1,53
BRF:42
BRH:15
end_of_record
TN:
SF:/Users/mohdashraf/Desktop/reactivesearch/packages/vue/src/components/basic/ComponentWrapper.jsx
FN:31,(anonymous_0)
FN:42,(anonymous_1)
FN:47,(anonymous_2)
FN:61,(anonymous_3)
FN:72,(anonymous_4)
FN:76,(anonymous_5)
FN:104,(anonymous_6)
FN:110,(anonymous_7)
FN:122,(anonymous_8)
FN:124,(anonymous_9)
FN:134,(anonymous_10)
FN:135,(anonymous_11)
FN:139,(anonymous_12)
FN:155,(anonymous_13)
FN:164,(anonymous_14)
FN:177,(anonymous_15)
FNF:16
FNH:8
FNDA:8,(anonymous_0)
FNDA:52,(anonymous_1)
FNDA:403,(anonymous_2)
FNDA:52,(anonymous_3)
FNDA:0,(anonymous_4)
FNDA:0,(anonymous_5)
FNDA:52,(anonymous_6)
FNDA:0,(anonymous_7)
FNDA:0,(anonymous_8)
FNDA:0,(anonymous_9)
FNDA:0,(anonymous_10)
FNDA:0,(anonymous_11)
FNDA:0,(anonymous_12)
FNDA:52,(anonymous_13)
FNDA:461,(anonymous_14)
FNDA:8,(anonymous_15)
DA:16,7
DA:18,7
DA:31,7
DA:37,8
DA:44,52
DA:46,52
DA:47,52
DA:48,403
DA:50,52
DA:51,52
DA:52,52
DA:54,52
DA:55,38
DA:62,52
DA:63,52
DA:64,52
DA:68,52
DA:71,48
DA:72,48
DA:73,0
DA:74,0
DA:76,48
DA:77,0
DA:79,48
DA:81,48
DA:85,52
DA:90,39
DA:93,52
DA:96,39
DA:97,39
DA:105,52
DA:107,0
DA:111,0
DA:113,0
DA:114,0
DA:115,0
DA:123,0
DA:124,0
DA:125,0
DA:126,0
DA:135,0
DA:140,0
DA:141,0
DA:142,0
DA:143,0
DA:144,0
DA:146,0
DA:151,0
DA:156,52
DA:164,461
DA:168,7
DA:178,8
LF:52
LH:32
BRDA:33,0,0,0
BRDA:54,1,0,38
BRDA:54,1,1,14
BRDA:63,2,0,52
BRDA:63,2,1,0
BRDA:68,3,0,48
BRDA:68,3,1,4
BRDA:68,4,0,52
BRDA:68,4,1,52
BRDA:85,5,0,39
BRDA:85,5,1,13
BRDA:86,6,0,52
BRDA:86,6,1,13
BRDA:86,6,2,0
BRDA:93,7,0,39
BRDA:93,7,1,13
BRDA:93,8,0,52
BRDA:93,8,1,39
BRDA:93,8,2,39
BRDA:105,9,0,0
BRDA:105,9,1,52
BRDA:105,10,0,52
BRDA:105,10,1,39
BRDA:111,11,0,0
BRDA:111,11,1,0
BRDA:114,12,0,0
BRDA:114,12,1,0
BRDA:141,13,0,0
BRDA:141,13,1,0
BRDA:142,14,0,0
BRDA:142,14,1,0
BRDA:177,15,0,0
BRF:32
BRH:19
end_of_record
TN:
SF:/Users/mohdashraf/Desktop/reactivesearch/packages/vue/src/components/basic/DownShift.jsx
FN:14,(anonymous_0)
FN:23,(anonymous_1)
FN:25,(anonymous_2)
FN:33,(anonymous_3)
FN:38,(anonymous_4)
FN:43,(anonymous_5)
FN:49,(anonymous_6)
FN:53,(anonymous_7)
FN:73,(anonymous_8)
FN:88,(anonymous_9)
FN:103,(anonymous_10)
FN:110,(anonymous_11)
FN:115,(anonymous_12)
FN:119,(anonymous_13)
FN:129,(anonymous_14)
FN:134,getInputValue
FN:149,(anonymous_16)
FN:173,(anonymous_17)
FN:182,(anonymous_18)
FN:192,(anonymous_19)
FN:210,(anonymous_20)
FN:217,(anonymous_21)
FN:221,(anonymous_22)
FN:226,(anonymous_23)
FN:233,(anonymous_24)
FN:242,(anonymous_25)
FN:254,(anonymous_26)
FN:256,(anonymous_27)
FN:265,(anonymous_28)
FN:273,(anonymous_29)
FN:278,(anonymous_30)
FN:286,(anonymous_31)
FN:288,(anonymous_32)
FN:297,(anonymous_33)
FN:302,(anonymous_34)
FN:310,(anonymous_35)
FN:315,(anonymous_36)
FN:320,(anonymous_37)
FN:331,(anonymous_38)
FN:352,(anonymous_39)
FN:356,(anonymous_40)
FN:358,(anonymous_41)
FN:372,(anonymous_42)
FNF:43
FNH:10
FNDA:12,(anonymous_0)
FNDA:12,(anonymous_1)
FNDA:84,(anonymous_2)
FNDA:0,(anonymous_3)
FNDA:12,(anonymous_4)
FNDA:0,(anonymous_5)
FNDA:0,(anonymous_6)
FNDA:0,(anonymous_7)
FNDA:0,(anonymous_8)
FNDA:0,(anonymous_9)
FNDA:0,(anonymous_10)
FNDA:0,(anonymous_11)
FNDA:0,(anonymous_12)
FNDA:0,(anonymous_13)
FNDA:0,(anonymous_14)
FNDA:0,getInputValue
FNDA:0,(anonymous_16)
FNDA:0,(anonymous_17)
FNDA:0,(anonymous_18)
FNDA:20,(anonymous_19)
FNDA:20,(anonymous_20)
FNDA:0,(anonymous_21)
FNDA:0,(anonymous_22)
FNDA:0,(anonymous_23)
FNDA:0,(anonymous_24)
FNDA:0,(anonymous_25)
FNDA:12,(anonymous_26)
FNDA:0,(anonymous_27)
FNDA:0,(anonymous_28)
FNDA:0,(anonymous_29)
FNDA:0,(anonymous_30)
FNDA:0,(anonymous_31)
FNDA:0,(anonymous_32)
FNDA:0,(anonymous_33)
FNDA:0,(anonymous_34)
FNDA:0,(anonymous_35)
FNDA:0,(anonymous_36)
FNDA:0,(anonymous_37)
FNDA:12,(anonymous_38)
FNDA:84,(anonymous_39)
FNDA:0,(anonymous_40)
FNDA:0,(anonymous_41)
FNDA:12,(anonymous_42)
DA:14,12
DA:24,12
DA:25,84
DA:34,0
DA:39,12
DA:40,12
DA:44,0
DA:45,0
DA:50,0
DA:54,0
DA:56,0
DA:62,0
DA:63,0
DA:64,0
DA:65,0
DA:74,0
DA:75,0
DA:77,0
DA:78,0
DA:80,0
DA:84,0
DA:89,0
DA:90,0
DA:92,0
DA:93,0
DA:95,0
DA:99,0
DA:104,0
DA:105,0
DA:106,0
DA:111,0
DA:112,0
DA:116,0
DA:120,0
DA:122,0
DA:123,0
DA:126,0
DA:130,0
DA:131,0
DA:135,0
DA:136,0
DA:138,0
DA:141,0
DA:150,0
DA:151,0
DA:154,0
DA:156,0
DA:158,0
DA:159,0
DA:162,0
DA:164,0
DA:165,0
DA:166,0
DA:167,0
DA:170,0
DA:174,0
DA:177,0
DA:178,0
DA:183,0
DA:185,0
DA:193,20
DA:194,20
DA:195,20
DA:196,0
DA:198,20
DA:200,20
DA:202,0
DA:205,20
DA:211,20
DA:212,20
DA:213,20
DA:216,20
DA:217,20
DA:218,0
DA:220,20
DA:222,0
DA:227,0
DA:228,0
DA:229,0
DA:230,0
DA:234,0
DA:235,0
DA:236,0
DA:237,0
DA:243,0
DA:244,0
DA:245,0
DA:249,0
DA:255,12
DA:257,0
DA:261,0
DA:262,0
DA:266,0
DA:267,0
DA:269,0
DA:270,0
DA:274,0
DA:275,0
DA:279,0
DA:280,0
DA:287,0
DA:289,0
DA:293,0
DA:294,0
DA:298,0
DA:299,0
DA:303,0
DA:304,0
DA:306,0
DA:307,0
DA:311,0
DA:312,0
DA:316,0
DA:317,0
DA:321,0
DA:322,0
DA:339,12
DA:341,12
DA:353,84
DA:358,0
DA:360,0
DA:361,0
DA:362,0
DA:364,0
DA:367,0
DA:368,0
DA:373,12
DA:375,12
LF:128
LH:23
BRDA:27,0,0,48
BRDA:27,0,1,36
BRDA:56,1,0,0
BRDA:56,1,1,0
BRDA:57,2,0,0
BRDA:57,2,1,0
BRDA:57,2,2,0
BRDA:62,3,0,0
BRDA:62,3,1,0
BRDA:64,4,0,0
BRDA:64,4,1,0
BRDA:75,5,0,0
BRDA:75,5,1,0
BRDA:77,6,0,0
BRDA:77,6,1,0
BRDA:90,7,0,0
BRDA:90,7,1,0
BRDA:92,8,0,0
BRDA:92,8,1,0
BRDA:104,9,0,0
BRDA:104,9,1,0
BRDA:122,10,0,0
BRDA:122,10,1,0
BRDA:130,11,0,0
BRDA:130,11,1,0
BRDA:135,12,0,0
BRDA:135,12,1,0
BRDA:138,13,0,0
BRDA:138,13,1,0
BRDA:138,14,0,0
BRDA:138,14,1,0
BRDA:150,15,0,0
BRDA:150,15,1,0
BRDA:158,16,0,0
BRDA:158,16,1,0
BRDA:159,17,0,0
BRDA:159,17,1,0
BRDA:164,18,0,0
BRDA:164,18,1,0
BRDA:166,19,0,0
BRDA:166,19,1,0
BRDA:173,20,0,0
BRDA:194,21,0,20
BRDA:194,21,1,0
BRDA:195,22,0,0
BRDA:195,22,1,20
BRDA:212,23,0,20
BRDA:212,23,1,0
BRDA:227,24,0,0
BRDA:227,24,1,0
BRDA:234,25,0,0
BRDA:234,25,1,0
BRDA:244,26,0,0
BRDA:244,26,1,0
BRDA:261,27,0,0
BRDA:261,27,1,0
BRDA:266,28,0,0
BRDA:266,28,1,0
BRDA:266,29,0,0
BRDA:266,29,1,0
BRDA:269,30,0,0
BRDA:269,30,1,0
BRDA:274,31,0,0
BRDA:274,31,1,0
BRDA:279,32,0,0
BRDA:279,32,1,0
BRDA:293,33,0,0
BRDA:293,33,1,0
BRDA:298,34,0,0
BRDA:298,34,1,0
BRDA:303,35,0,0
BRDA:303,35,1,0
BRDA:303,36,0,0
BRDA:303,36,1,0
BRDA:306,37,0,0
BRDA:306,37,1,0
BRDA:311,38,0,0
BRDA:311,38,1,0
BRDA:316,39,0,0
BRDA:316,39,1,0
BRDA:321,40,0,0
BRDA:321,40,1,0
BRDA:360,41,0,0
BRDA:360,41,1,0
BRDA:377,42,0,12
BRDA:377,42,1,12
BRF:86
BRH:7
end_of_record
TN:
SF:/Users/mohdashraf/Desktop/reactivesearch/packages/vue/src/components/basic/utils.js
FN:8,(anonymous_0)
FN:18,(anonymous_1)
FNF:2
FNH:0
FNDA:0,(anonymous_0)
FNDA:0,(anonymous_1)
DA:8,2
DA:9,0
DA:10,0
DA:13,0
DA:18,0
DA:19,0
DA:20,0
LF:7
LH:1
BRDA:9,0,0,0
BRDA:9,0,1,0
BRF:2
BRH:0
end_of_record
TN:
SF:/Users/mohdashraf/Desktop/reactivesearch/packages/vue/src/components/list/MultiDropdownList.jsx
FN:39,(anonymous_0)
FN:89,(anonymous_1)
FN:103,(anonymous_2)
FN:115,(anonymous_3)
FN:118,(anonymous_4)
FN:127,(anonymous_5)
FN:129,(anonymous_6)
FN:137,(anonymous_7)
FN:158,(anonymous_8)
FN:161,(anonymous_9)
FN:164,(anonymous_10)
FN:168,(anonymous_11)
FN:171,(anonymous_12)
FN:176,(anonymous_13)
FN:181,(anonymous_14)
FN:188,(anonymous_15)
FN:231,(anonymous_16)
FN:232,(anonymous_17)
FN:269,(anonymous_18)
FN:279,(anonymous_19)
FN:289,(anonymous_20)
FN:299,(anonymous_21)
FN:330,(anonymous_22)
FN:345,(anonymous_23)
FN:366,(anonymous_24)
FN:387,(anonymous_25)
FN:398,(anonymous_26)
FN:420,(anonymous_27)
FN:423,(anonymous_28)
FN:439,(anonymous_29)
FN:445,(anonymous_30)
FN:471,(anonymous_31)
FN:498,(anonymous_32)
FN:526,(anonymous_33)
FN:534,(anonymous_34)
FN:564,(anonymous_35)
FNF:36
FNH:17
FNDA:7,(anonymous_0)
FNDA:7,(anonymous_1)
FNDA:7,(anonymous_2)
FNDA:1,(anonymous_3)
FNDA:0,(anonymous_4)
FNDA:0,(anonymous_5)
FNDA:0,(anonymous_6)
FNDA:0,(anonymous_7)
FNDA:0,(anonymous_8)
FNDA:0,(anonymous_9)
FNDA:0,(anonymous_10)
FNDA:0,(anonymous_11)
FNDA:0,(anonymous_12)
FNDA:0,(anonymous_13)
FNDA:0,(anonymous_14)
FNDA:7,(anonymous_15)
FNDA:12,(anonymous_16)
FNDA:12,(anonymous_17)
FNDA:0,(anonymous_18)
FNDA:1,(anonymous_19)
FNDA:0,(anonymous_20)
FNDA:1,(anonymous_21)
FNDA:1,(anonymous_22)
FNDA:0,(anonymous_23)
FNDA:1,(anonymous_24)
FNDA:0,(anonymous_25)
FNDA:7,(anonymous_26)
FNDA:0,(anonymous_27)
FNDA:1,(anonymous_28)
FNDA:7,(anonymous_29)
FNDA:1,(anonymous_30)
FNDA:0,(anonymous_31)
FNDA:0,(anonymous_32)
FNDA:7,(anonymous_33)
FNDA:25,(anonymous_34)
FNDA:0,(anonymous_35)
DA:27,1
DA:36,1
DA:37,1
DA:40,7
DA:41,7
DA:48,7
DA:49,7
DA:90,7
DA:91,0
DA:95,7
DA:96,7
DA:100,7
DA:101,7
DA:104,7
DA:106,7
DA:107,0
DA:108,7
DA:109,0
DA:110,7
DA:111,1
DA:116,1
DA:117,1
DA:118,0
DA:119,0
DA:120,0
DA:123,1
DA:124,0
DA:128,0
DA:129,0
DA:130,0
DA:131,0
DA:132,0
DA:134,0
DA:135,0
DA:137,0
DA:142,0
DA:143,0
DA:144,0
DA:147,0
DA:148,0
DA:150,0
DA:159,0
DA:162,0
DA:165,0
DA:166,0
DA:169,0
DA:172,0
DA:173,0
DA:177,0
DA:178,0
DA:182,0
DA:183,0
DA:189,7
DA:190,7
DA:191,7
DA:192,7
DA:193,7
DA:194,7
DA:195,7
DA:197,7
DA:198,0
DA:201,7
DA:202,1
DA:203,1
DA:204,0
DA:205,0
DA:207,0
DA:211,6
DA:212,0
DA:219,6
DA:231,12
DA:232,12
DA:270,0
DA:271,0
DA:272,0
DA:274,0
DA:275,0
DA:280,1
DA:281,1
DA:282,1
DA:284,1
DA:285,0
DA:286,0
DA:287,0
DA:289,0
DA:290,0
DA:292,0
DA:293,0
DA:295,1
DA:296,1
DA:297,1
DA:298,1
DA:299,1
DA:300,1
DA:304,1
DA:305,0
DA:306,0
DA:311,0
DA:312,0
DA:313,0
DA:317,0
DA:320,0
DA:321,0
DA:322,0
DA:327,0
DA:330,1
DA:331,1
DA:332,1
DA:333,1
DA:334,1
DA:337,1
DA:347,0
DA:348,0
DA:349,0
DA:350,0
DA:351,0
DA:353,0
DA:355,0
DA:357,0
DA:358,0
DA:367,1
DA:368,1
DA:370,1
DA:371,0
DA:372,0
DA:373,0
DA:375,1
DA:376,1
DA:388,0
DA:389,0
DA:400,7
DA:401,0
DA:404,7
DA:408,7
DA:409,0
DA:410,0
DA:411,0
DA:416,7
DA:421,0
DA:424,1
DA:425,1
DA:434,1
DA:440,7
DA:445,1
DA:446,1
DA:447,1
DA:449,1
DA:450,0
DA:453,1
DA:454,0
DA:455,0
DA:457,0
DA:463,1
DA:465,1
DA:466,1
DA:467,0
DA:468,0
DA:471,0
DA:475,0
DA:476,0
DA:484,0
DA:490,1
DA:498,0
DA:503,0
DA:510,1
DA:513,1
DA:514,0
DA:523,1
DA:526,1
DA:527,7
DA:528,7
DA:534,25
DA:551,1
DA:559,1
DA:564,1
DA:565,0
DA:569,1
LF:177
LH:85
BRDA:90,0,0,0
BRDA:90,0,1,7
BRDA:90,1,0,7
BRDA:90,1,1,7
BRDA:96,2,0,6
BRDA:96,2,1,1
BRDA:96,3,0,7
BRDA:96,3,1,6
BRDA:106,4,0,0
BRDA:106,4,1,7
BRDA:108,5,0,0
BRDA:108,5,1,7
BRDA:110,6,0,1
BRDA:110,6,1,6
BRDA:117,7,0,0
BRDA:117,7,1,1
BRDA:119,8,0,0
BRDA:119,8,1,0
BRDA:123,9,0,0
BRDA:123,9,1,1
BRDA:124,10,0,0
BRDA:124,10,1,0
BRDA:128,11,0,0
BRDA:128,11,1,0
BRDA:132,12,0,0
BRDA:132,12,1,0
BRDA:150,13,0,0
BRDA:150,13,1,0
BRDA:172,14,0,0
BRDA:172,14,1,0
BRDA:177,15,0,0
BRDA:177,15,1,0
BRDA:182,16,0,0
BRDA:182,16,1,0
BRDA:190,17,0,7
BRDA:190,17,1,7
BRDA:191,18,0,7
BRDA:191,18,1,7
BRDA:192,19,0,7
BRDA:192,19,1,7
BRDA:194,20,0,7
BRDA:194,20,1,7
BRDA:197,21,0,0
BRDA:197,21,1,7
BRDA:197,22,0,7
BRDA:197,22,1,0
BRDA:198,23,0,0
BRDA:198,23,1,0
BRDA:201,24,0,1
BRDA:201,24,1,6
BRDA:201,25,0,7
BRDA:201,25,1,6
BRDA:201,25,2,1
BRDA:202,26,0,1
BRDA:202,26,1,0
BRDA:202,27,0,1
BRDA:202,27,1,1
BRDA:204,28,0,0
BRDA:204,28,1,0
BRDA:204,29,0,0
BRDA:204,29,1,0
BRDA:211,30,0,0
BRDA:211,30,1,6
BRDA:221,31,0,6
BRDA:221,31,1,0
BRDA:222,32,0,0
BRDA:222,32,1,0
BRDA:247,33,0,6
BRDA:247,33,1,6
BRDA:253,34,0,6
BRDA:253,34,1,0
BRDA:253,34,2,0
BRDA:271,35,0,0
BRDA:271,35,1,0
BRDA:279,36,0,0
BRDA:279,37,0,1
BRDA:284,38,0,0
BRDA:284,38,1,1
BRDA:284,39,0,1
BRDA:284,39,1,0
BRDA:285,40,0,0
BRDA:285,40,1,0
BRDA:295,41,0,1
BRDA:295,41,1,0
BRDA:298,42,0,1
BRDA:298,42,1,0
BRDA:304,43,0,0
BRDA:304,43,1,1
BRDA:304,44,0,1
BRDA:304,44,1,0
BRDA:311,45,0,0
BRDA:311,45,1,0
BRDA:320,46,0,0
BRDA:320,46,1,0
BRDA:320,47,0,0
BRDA:320,47,1,0
BRDA:348,48,0,0
BRDA:348,48,1,0
BRDA:349,49,0,0
BRDA:349,49,1,0
BRDA:350,50,0,0
BRDA:350,50,1,0
BRDA:370,51,0,0
BRDA:370,51,1,1
BRDA:371,52,0,0
BRDA:371,52,1,0
BRDA:389,53,0,0
BRDA:389,53,1,0
BRDA:398,54,0,7
BRDA:400,55,0,0
BRDA:400,55,1,7
BRDA:400,56,0,7
BRDA:400,56,1,0
BRDA:406,57,0,0
BRDA:406,57,1,7
BRDA:408,58,0,0
BRDA:408,58,1,7
BRDA:423,59,0,0
BRDA:429,60,0,1
BRDA:429,60,1,0
BRDA:447,61,0,1
BRDA:447,61,1,0
BRDA:449,62,0,0
BRDA:449,62,1,1
BRDA:449,63,0,1
BRDA:449,63,1,1
BRDA:453,64,0,0
BRDA:453,64,1,1
BRDA:453,65,0,1
BRDA:453,65,1,0
BRDA:454,66,0,0
BRDA:454,66,1,0
BRDA:463,67,0,1
BRDA:463,67,1,0
BRDA:465,68,0,1
BRDA:465,68,1,0
BRDA:466,69,0,0
BRDA:466,69,1,1
BRDA:475,70,0,0
BRDA:475,70,1,0
BRDA:510,71,0,1
BRDA:510,71,1,0
BRDA:513,72,0,0
BRDA:513,72,1,1
BRDA:513,73,0,1
BRDA:513,73,1,1
BRDA:528,74,0,0
BRDA:528,74,1,7
BRDA:536,75,0,0
BRDA:536,75,1,25
BRDA:536,76,0,25
BRDA:536,76,1,0
BRDA:542,77,0,25
BRDA:542,77,1,3
BRDA:542,77,2,22
BRF:155
BRH:69
end_of_record
TN:
SF:/Users/mohdashraf/Desktop/reactivesearch/packages/vue/src/components/list/MultiList.jsx
FN:67,(anonymous_0)
FN:77,(anonymous_1)
FN:91,(anonymous_2)
FN:103,(anonymous_3)
FN:110,(anonymous_4)
FN:113,(anonymous_5)
FN:116,(anonymous_6)
FN:120,(anonymous_7)
FN:125,(anonymous_8)
FN:130,(anonymous_9)
FN:134,(anonymous_10)
FN:144,(anonymous_11)
FN:149,(anonymous_12)
FN:155,(anonymous_13)
FN:179,(anonymous_14)
FN:232,(anonymous_15)
FN:287,(anonymous_16)
FN:300,(anonymous_17)
FN:311,(anonymous_18)
FN:330,(anonymous_19)
FN:347,(anonymous_20)
FN:361,(anonymous_21)
FN:382,(anonymous_22)
FN:404,(anonymous_23)
FN:409,(anonymous_24)
FN:423,(anonymous_25)
FN:428,(anonymous_26)
FN:447,(anonymous_27)
FN:460,(anonymous_28)
FN:478,(anonymous_29)
FN:489,(anonymous_30)
FN:494,(anonymous_31)
FN:520,(anonymous_32)
FN:547,(anonymous_33)
FN:575,(anonymous_34)
FN:579,(anonymous_35)
FN:608,(anonymous_36)
FNF:37
FNH:19
FNDA:7,(anonymous_0)
FNDA:7,(anonymous_1)
FNDA:7,(anonymous_2)
FNDA:0,(anonymous_3)
FNDA:0,(anonymous_4)
FNDA:0,(anonymous_5)
FNDA:0,(anonymous_6)
FNDA:0,(anonymous_7)
FNDA:0,(anonymous_8)
FNDA:1,(anonymous_9)
FNDA:0,(anonymous_10)
FNDA:0,(anonymous_11)
FNDA:0,(anonymous_12)
FNDA:7,(anonymous_13)
FNDA:12,(anonymous_14)
FNDA:10,(anonymous_15)
FNDA:1,(anonymous_16)
FNDA:0,(anonymous_17)
FNDA:1,(anonymous_18)
FNDA:0,(anonymous_19)
FNDA:1,(anonymous_20)
FNDA:0,(anonymous_21)
FNDA:1,(anonymous_22)
FNDA:0,(anonymous_23)
FNDA:7,(anonymous_24)
FNDA:0,(anonymous_25)
FNDA:7,(anonymous_26)
FNDA:0,(anonymous_27)
FNDA:1,(anonymous_28)
FNDA:2,(anonymous_29)
FNDA:7,(anonymous_30)
FNDA:1,(anonymous_31)
FNDA:0,(anonymous_32)
FNDA:0,(anonymous_33)
FNDA:7,(anonymous_34)
FNDA:25,(anonymous_35)
FNDA:0,(anonymous_36)
DA:29,1
DA:30,1
DA:32,1
DA:68,7
DA:69,7
DA:74,7
DA:75,7
DA:78,7
DA:79,0
DA:83,7
DA:84,7
DA:88,7
DA:89,7
DA:92,7
DA:94,7
DA:95,0
DA:96,7
DA:97,0
DA:98,7
DA:99,1
DA:104,0
DA:105,0
DA:111,0
DA:114,0
DA:117,0
DA:118,0
DA:121,0
DA:122,0
DA:126,0
DA:127,0
DA:131,1
DA:133,1
DA:134,0
DA:136,0
DA:137,0
DA:140,1
DA:141,0
DA:145,0
DA:146,0
DA:150,0
DA:151,0
DA:156,7
DA:158,7
DA:159,7
DA:161,7
DA:162,0
DA:165,7
DA:166,1
DA:167,1
DA:169,0
DA:173,7
DA:175,7
DA:176,0
DA:179,7
DA:180,12
DA:181,12
DA:182,0
DA:186,12
DA:188,0
DA:191,7
DA:233,10
DA:288,1
DA:289,1
DA:290,1
DA:291,1
DA:296,0
DA:297,0
DA:298,0
DA:300,0
DA:301,0
DA:303,0
DA:304,0
DA:306,1
DA:307,1
DA:308,1
DA:310,1
DA:311,1
DA:312,1
DA:316,1
DA:317,0
DA:318,0
DA:323,0
DA:324,0
DA:325,0
DA:329,0
DA:330,0
DA:331,0
DA:334,0
DA:337,0
DA:338,0
DA:339,0
DA:344,0
DA:347,1
DA:348,1
DA:349,1
DA:350,1
DA:351,1
DA:353,1
DA:363,0
DA:364,0
DA:365,0
DA:366,0
DA:367,0
DA:369,0
DA:371,0
DA:373,0
DA:374,0
DA:383,1
DA:384,1
DA:386,1
DA:387,0
DA:388,0
DA:389,0
DA:391,1
DA:393,1
DA:405,0
DA:406,0
DA:410,7
DA:411,7
DA:412,0
DA:413,0
DA:414,0
DA:419,7
DA:424,0
DA:425,0
DA:429,7
DA:430,6
DA:444,1
DA:448,0
DA:449,0
DA:450,0
DA:452,0
DA:453,0
DA:454,0
DA:456,0
DA:457,0
DA:461,1
DA:462,1
DA:463,1
DA:464,1
DA:465,0
DA:467,1
DA:475,1
DA:480,2
DA:481,2
DA:490,7
DA:494,1
DA:495,1
DA:496,1
DA:498,1
DA:499,0
DA:502,1
DA:503,0
DA:504,0
DA:506,0
DA:512,1
DA:514,1
DA:515,1
DA:516,0
DA:517,0
DA:520,0
DA:524,0
DA:525,0
DA:533,0
DA:539,1
DA:547,0
DA:552,0
DA:559,1
DA:562,1
DA:563,0
DA:573,1
DA:575,1
DA:576,7
DA:577,7
DA:579,25
DA:596,1
DA:603,1
DA:608,1
DA:609,0
DA:613,1
LF:180
LH:92
BRDA:78,0,0,0
BRDA:78,0,1,7
BRDA:78,1,0,7
BRDA:78,1,1,7
BRDA:84,2,0,6
BRDA:84,2,1,1
BRDA:84,3,0,7
BRDA:84,3,1,6
BRDA:94,4,0,0
BRDA:94,4,1,7
BRDA:96,5,0,0
BRDA:96,5,1,7
BRDA:98,6,0,1
BRDA:98,6,1,6
BRDA:104,7,0,0
BRDA:104,7,1,0
BRDA:105,8,0,0
BRDA:105,8,1,0
BRDA:121,9,0,0
BRDA:121,9,1,0
BRDA:126,10,0,0
BRDA:126,10,1,0
BRDA:133,11,0,0
BRDA:133,11,1,1
BRDA:136,12,0,0
BRDA:136,12,1,0
BRDA:140,13,0,0
BRDA:140,13,1,1
BRDA:141,14,0,0
BRDA:141,14,1,0
BRDA:145,15,0,0
BRDA:145,15,1,0
BRDA:150,16,0,0
BRDA:150,16,1,0
BRDA:158,17,0,7
BRDA:158,17,1,7
BRDA:159,18,0,7
BRDA:159,18,1,7
BRDA:161,19,0,0
BRDA:161,19,1,7
BRDA:161,20,0,7
BRDA:161,20,1,0
BRDA:162,21,0,0
BRDA:162,21,1,0
BRDA:165,22,0,1
BRDA:165,22,1,6
BRDA:165,23,0,7
BRDA:165,23,1,6
BRDA:165,23,2,1
BRDA:166,24,0,1
BRDA:166,24,1,0
BRDA:175,25,0,0
BRDA:175,25,1,7
BRDA:180,26,0,12
BRDA:180,26,1,0
BRDA:181,27,0,0
BRDA:181,27,1,12
BRDA:181,28,0,12
BRDA:181,28,1,10
BRDA:193,29,0,7
BRDA:193,29,1,0
BRDA:199,30,0,1
BRDA:199,30,1,6
BRDA:203,31,0,0
BRDA:203,31,1,6
BRDA:206,32,0,0
BRDA:206,32,1,0
BRDA:230,33,0,1
BRDA:230,33,1,5
BRDA:230,34,0,6
BRDA:230,34,1,6
BRDA:230,34,2,1
BRDA:235,35,0,1
BRDA:235,35,1,9
BRDA:255,36,0,2
BRDA:255,36,1,8
BRDA:264,37,0,8
BRDA:264,37,1,6
BRDA:287,38,0,0
BRDA:287,39,0,1
BRDA:291,40,0,0
BRDA:291,40,1,1
BRDA:292,41,0,1
BRDA:292,41,1,0
BRDA:292,41,2,0
BRDA:292,41,3,0
BRDA:292,41,4,0
BRDA:296,42,0,0
BRDA:296,42,1,0
BRDA:306,43,0,1
BRDA:306,43,1,0
BRDA:310,44,0,1
BRDA:310,44,1,0
BRDA:310,45,0,1
BRDA:310,45,1,1
BRDA:316,46,0,0
BRDA:316,46,1,1
BRDA:316,47,0,1
BRDA:316,47,1,0
BRDA:323,48,0,0
BRDA:323,48,1,0
BRDA:329,49,0,0
BRDA:329,49,1,0
BRDA:337,50,0,0
BRDA:337,50,1,0
BRDA:337,51,0,0
BRDA:337,51,1,0
BRDA:364,52,0,0
BRDA:364,52,1,0
BRDA:365,53,0,0
BRDA:365,53,1,0
BRDA:366,54,0,0
BRDA:366,54,1,0
BRDA:386,55,0,0
BRDA:386,55,1,1
BRDA:387,56,0,0
BRDA:387,56,1,0
BRDA:411,57,0,0
BRDA:411,57,1,7
BRDA:429,58,0,6
BRDA:429,58,1,1
BRDA:432,59,0,6
BRDA:432,59,1,6
BRDA:449,60,0,0
BRDA:449,60,1,0
BRDA:453,61,0,0
BRDA:453,61,1,0
BRDA:464,62,0,0
BRDA:464,62,1,1
BRDA:480,63,0,2
BRDA:480,63,1,2
BRDA:482,64,0,2
BRDA:482,64,1,2
BRDA:483,65,0,2
BRDA:483,65,1,0
BRDA:496,66,0,1
BRDA:496,66,1,0
BRDA:498,67,0,0
BRDA:498,67,1,1
BRDA:498,68,0,1
BRDA:498,68,1,1
BRDA:502,69,0,0
BRDA:502,69,1,1
BRDA:502,70,0,1
BRDA:502,70,1,0
BRDA:503,71,0,0
BRDA:503,71,1,0
BRDA:512,72,0,1
BRDA:512,72,1,0
BRDA:514,73,0,1
BRDA:514,73,1,0
BRDA:515,74,0,0
BRDA:515,74,1,1
BRDA:524,75,0,0
BRDA:524,75,1,0
BRDA:559,76,0,1
BRDA:559,76,1,0
BRDA:562,77,0,0
BRDA:562,77,1,1
BRDA:562,78,0,1
BRDA:562,78,1,1
BRDA:581,79,0,0
BRDA:581,79,1,25
BRDA:581,80,0,25
BRDA:581,80,1,0
BRDA:587,81,0,25
BRDA:587,81,1,3
BRDA:587,81,2,22
BRF:168
BRH:84
end_of_record
TN:
SF:/Users/mohdashraf/Desktop/reactivesearch/packages/vue/src/components/list/SingleDropdownList.jsx
FN:38,(anonymous_0)
FN:87,(anonymous_1)
FN:101,(anonymous_2)
FN:113,(anonymous_3)
FN:115,(anonymous_4)
FN:123,(anonymous_5)
FN:144,(anonymous_6)
FN:147,(anonymous_7)
FN:150,(anonymous_8)
FN:154,(anonymous_9)
FN:157,(anonymous_10)
FN:162,(anonymous_11)
FN:167,(anonymous_12)
FN:172,(anonymous_13)
FN:179,(anonymous_14)
FN:222,(anonymous_15)
FN:223,(anonymous_16)
FN:258,(anonymous_17)
FN:259,(anonymous_18)
FN:269,(anonymous_19)
FN:278,(anonymous_20)
FN:299,(anonymous_21)
FN:320,(anonymous_22)
FN:329,(anonymous_23)
FN:351,(anonymous_24)
FN:354,(anonymous_25)
FN:369,(anonymous_26)
FN:374,(anonymous_27)
FN:415,(anonymous_28)
FN:424,(anonymous_29)
FN:454,(anonymous_30)
FNF:31
FNH:16
FNDA:7,(anonymous_0)
FNDA:7,(anonymous_1)
FNDA:7,(anonymous_2)
FNDA:0,(anonymous_3)
FNDA:0,(anonymous_4)
FNDA:0,(anonymous_5)
FNDA:0,(anonymous_6)
FNDA:0,(anonymous_7)
FNDA:0,(anonymous_8)
FNDA:0,(anonymous_9)
FNDA:0,(anonymous_10)
FNDA:1,(anonymous_11)
FNDA:0,(anonymous_12)
FNDA:0,(anonymous_13)
FNDA:7,(anonymous_14)
FNDA:12,(anonymous_15)
FNDA:12,(anonymous_16)
FNDA:1,(anonymous_17)
FNDA:1,(anonymous_18)
FNDA:0,(anonymous_19)
FNDA:0,(anonymous_20)
FNDA:1,(anonymous_21)
FNDA:0,(anonymous_22)
FNDA:7,(anonymous_23)
FNDA:0,(anonymous_24)
FNDA:1,(anonymous_25)
FNDA:7,(anonymous_26)
FNDA:1,(anonymous_27)
FNDA:7,(anonymous_28)
FNDA:25,(anonymous_29)
FNDA:0,(anonymous_30)
DA:26,1
DA:35,1
DA:36,1
DA:39,7
DA:40,7
DA:47,7
DA:48,7
DA:88,7
DA:89,0
DA:93,7
DA:94,7
DA:98,7
DA:99,7
DA:102,7
DA:104,7
DA:105,0
DA:106,7
DA:107,0
DA:108,7
DA:109,1
DA:114,0
DA:115,0
DA:116,0
DA:117,0
DA:118,0
DA:120,0
DA:121,0
DA:123,0
DA:128,0
DA:129,0
DA:130,0
DA:133,0
DA:134,0
DA:136,0
DA:145,0
DA:148,0
DA:151,0
DA:152,0
DA:155,0
DA:158,0
DA:159,0
DA:163,1
DA:164,0
DA:168,0
DA:169,0
DA:173,0
DA:174,0
DA:180,7
DA:181,7
DA:182,7
DA:183,7
DA:184,7
DA:185,7
DA:186,7
DA:188,7
DA:189,0
DA:192,7
DA:193,1
DA:194,1
DA:195,0
DA:196,0
DA:198,0
DA:202,6
DA:203,0
DA:210,6
DA:222,12
DA:223,12
DA:259,1
DA:260,1
DA:261,1
DA:262,1
DA:263,1
DA:266,1
DA:270,0
DA:271,0
DA:272,0
DA:274,0
DA:280,0
DA:281,0
DA:282,0
DA:283,0
DA:284,0
DA:286,0
DA:288,0
DA:290,0
DA:291,0
DA:300,1
DA:301,1
DA:303,1
DA:304,0
DA:305,0
DA:306,0
DA:308,1
DA:309,1
DA:321,0
DA:322,0
DA:331,7
DA:332,0
DA:335,7
DA:339,7
DA:340,0
DA:341,0
DA:342,0
DA:347,7
DA:352,0
DA:355,1
DA:356,1
DA:365,1
DA:370,7
DA:374,1
DA:375,1
DA:376,1
DA:377,0
DA:378,0
DA:380,0
DA:385,1
DA:386,1
DA:387,0
DA:395,1
DA:402,1
DA:403,0
DA:413,1
DA:415,1
DA:416,7
DA:417,7
DA:424,25
DA:441,1
DA:449,1
DA:454,1
DA:455,0
DA:459,1
LF:131
LH:68
BRDA:88,0,0,0
BRDA:88,0,1,7
BRDA:88,1,0,7
BRDA:88,1,1,7
BRDA:94,2,0,6
BRDA:94,2,1,1
BRDA:94,3,0,7
BRDA:94,3,1,6
BRDA:104,4,0,0
BRDA:104,4,1,7
BRDA:106,5,0,0
BRDA:106,5,1,7
BRDA:108,6,0,1
BRDA:108,6,1,6
BRDA:114,7,0,0
BRDA:114,7,1,0
BRDA:118,8,0,0
BRDA:118,8,1,0
BRDA:136,9,0,0
BRDA:136,9,1,0
BRDA:158,10,0,0
BRDA:158,10,1,0
BRDA:163,11,0,0
BRDA:163,11,1,1
BRDA:164,12,0,0
BRDA:164,12,1,0
BRDA:168,13,0,0
BRDA:168,13,1,0
BRDA:173,14,0,0
BRDA:173,14,1,0
BRDA:183,15,0,7
BRDA:183,15,1,7
BRDA:184,16,0,7
BRDA:184,16,1,7
BRDA:185,17,0,7
BRDA:185,17,1,7
BRDA:186,18,0,7
BRDA:186,18,1,7
BRDA:188,19,0,0
BRDA:188,19,1,7
BRDA:188,20,0,7
BRDA:188,20,1,0
BRDA:189,21,0,0
BRDA:189,21,1,0
BRDA:192,22,0,1
BRDA:192,22,1,6
BRDA:192,23,0,7
BRDA:192,23,1,6
BRDA:192,23,2,1
BRDA:193,24,0,1
BRDA:193,24,1,0
BRDA:193,25,0,1
BRDA:193,25,1,1
BRDA:195,26,0,0
BRDA:195,26,1,0
BRDA:195,27,0,0
BRDA:195,27,1,0
BRDA:202,28,0,0
BRDA:202,28,1,6
BRDA:212,29,0,6
BRDA:212,29,1,0
BRDA:213,30,0,0
BRDA:213,30,1,0
BRDA:236,31,0,6
BRDA:236,31,1,6
BRDA:243,32,0,6
BRDA:243,32,1,0
BRDA:243,32,2,0
BRDA:258,33,0,1
BRDA:271,34,0,0
BRDA:271,34,1,0
BRDA:281,35,0,0
BRDA:281,35,1,0
BRDA:282,36,0,0
BRDA:282,36,1,0
BRDA:283,37,0,0
BRDA:283,37,1,0
BRDA:303,38,0,0
BRDA:303,38,1,1
BRDA:304,39,0,0
BRDA:304,39,1,0
BRDA:322,40,0,0
BRDA:322,40,1,0
BRDA:329,41,0,7
BRDA:331,42,0,0
BRDA:331,42,1,7
BRDA:331,43,0,7
BRDA:331,43,1,0
BRDA:337,44,0,0
BRDA:337,44,1,7
BRDA:339,45,0,0
BRDA:339,45,1,7
BRDA:354,46,0,0
BRDA:360,47,0,1
BRDA:360,47,1,0
BRDA:376,48,0,0
BRDA:376,48,1,1
BRDA:376,49,0,1
BRDA:376,49,1,0
BRDA:377,50,0,0
BRDA:377,50,1,0
BRDA:385,51,0,1
BRDA:385,51,1,0
BRDA:386,52,0,0
BRDA:386,52,1,1
BRDA:386,53,0,1
BRDA:386,53,1,0
BRDA:402,54,0,0
BRDA:402,54,1,1
BRDA:402,55,0,1
BRDA:402,55,1,1
BRDA:417,56,0,0
BRDA:417,56,1,7
BRDA:426,57,0,0
BRDA:426,57,1,25
BRDA:426,58,0,25
BRDA:426,58,1,0
BRDA:432,59,0,25
BRDA:432,59,1,3
BRDA:432,59,2,22
BRF:120
BRH:57
end_of_record
TN:
SF:/Users/mohdashraf/Desktop/reactivesearch/packages/vue/src/components/list/SingleList.jsx
FN:60,(anonymous_0)
FN:70,(anonymous_1)
FN:84,(anonymous_2)
FN:96,(anonymous_3)
FN:103,(anonymous_4)
FN:106,(anonymous_5)
FN:109,(anonymous_6)
FN:113,(anonymous_7)
FN:116,(anonymous_8)
FN:121,(anonymous_9)
FN:126,(anonymous_10)
FN:131,(anonymous_11)
FN:137,(anonymous_12)
FN:164,(anonymous_13)
FN:221,(anonymous_14)
FN:285,(anonymous_15)
FN:291,(anonymous_16)
FN:301,(anonymous_17)
FN:322,(anonymous_18)
FN:343,(anonymous_19)
FN:348,(anonymous_20)
FN:362,(anonymous_21)
FN:367,(anonymous_22)
FN:386,(anonymous_23)
FN:404,(anonymous_24)
FN:421,(anonymous_25)
FN:432,(anonymous_26)
FN:438,(anonymous_27)
FN:442,(anonymous_28)
FN:484,(anonymous_29)
FN:513,(anonymous_30)
FNF:31
FNH:18
FNDA:7,(anonymous_0)
FNDA:7,(anonymous_1)
FNDA:7,(anonymous_2)
FNDA:0,(anonymous_3)
FNDA:0,(anonymous_4)
FNDA:0,(anonymous_5)
FNDA:0,(anonymous_6)
FNDA:0,(anonymous_7)
FNDA:0,(anonymous_8)
FNDA:1,(anonymous_9)
FNDA:0,(anonymous_10)
FNDA:0,(anonymous_11)
FNDA:7,(anonymous_12)
FNDA:12,(anonymous_13)
FNDA:10,(anonymous_14)
FNDA:1,(anonymous_15)
FNDA:1,(anonymous_16)
FNDA:0,(anonymous_17)
FNDA:1,(anonymous_18)
FNDA:0,(anonymous_19)
FNDA:7,(anonymous_20)
FNDA:0,(anonymous_21)
FNDA:7,(anonymous_22)
FNDA:1,(anonymous_23)
FNDA:0,(anonymous_24)
FNDA:2,(anonymous_25)
FNDA:7,(anonymous_26)
FNDA:7,(anonymous_27)
FNDA:1,(anonymous_28)
FNDA:25,(anonymous_29)
FNDA:0,(anonymous_30)
DA:23,1
DA:24,1
DA:26,1
DA:61,7
DA:62,7
DA:67,7
DA:68,7
DA:71,7
DA:72,0
DA:76,7
DA:77,7
DA:81,7
DA:82,7
DA:85,7
DA:87,7
DA:88,0
DA:89,7
DA:90,0
DA:91,7
DA:92,1
DA:97,0
DA:98,0
DA:104,0
DA:107,0
DA:110,0
DA:111,0
DA:114,0
DA:117,0
DA:118,0
DA:122,1
DA:123,0
DA:127,0
DA:128,0
DA:132,0
DA:133,0
DA:142,7
DA:143,7
DA:144,7
DA:146,7
DA:147,0
DA:150,7
DA:151,1
DA:152,1
DA:154,0
DA:158,7
DA:160,7
DA:161,0
DA:164,7
DA:165,12
DA:166,12
DA:167,0
DA:171,12
DA:173,0
DA:176,7
DA:222,10
DA:286,1
DA:288,1
DA:289,0
DA:291,1
DA:292,1
DA:293,1
DA:294,1
DA:295,1
DA:298,1
DA:303,0
DA:304,0
DA:305,0
DA:306,0
DA:307,0
DA:309,0
DA:311,0
DA:313,0
DA:314,0
DA:323,1
DA:324,1
DA:326,1
DA:327,0
DA:328,0
DA:329,0
DA:331,1
DA:332,1
DA:344,0
DA:345,0
DA:349,7
DA:350,7
DA:351,0
DA:352,0
DA:353,0
DA:358,7
DA:363,0
DA:364,0
DA:368,7
DA:369,6
DA:383,1
DA:387,1
DA:388,1
DA:389,1
DA:390,1
DA:391,0
DA:393,1
DA:401,1
DA:405,0
DA:406,0
DA:407,0
DA:409,0
DA:410,0
DA:412,0
DA:413,0
DA:414,0
DA:416,0
DA:418,0
DA:423,2
DA:424,2
DA:433,7
DA:438,1
DA:439,7
DA:440,7
DA:442,1
DA:443,1
DA:444,1
DA:445,0
DA:446,0
DA:448,0
DA:454,1
DA:455,1
DA:460,1
DA:461,0
DA:471,1
DA:472,0
DA:482,1
DA:484,25
DA:501,1
DA:508,1
DA:513,1
DA:514,0
DA:518,1
LF:136
LH:77
BRDA:71,0,0,0
BRDA:71,0,1,7
BRDA:71,1,0,7
BRDA:71,1,1,7
BRDA:77,2,0,6
BRDA:77,2,1,1
BRDA:77,3,0,7
BRDA:77,3,1,6
BRDA:87,4,0,0
BRDA:87,4,1,7
BRDA:89,5,0,0
BRDA:89,5,1,7
BRDA:91,6,0,1
BRDA:91,6,1,6
BRDA:97,7,0,0
BRDA:97,7,1,0
BRDA:98,8,0,0
BRDA:98,8,1,0
BRDA:117,9,0,0
BRDA:117,9,1,0
BRDA:122,10,0,0
BRDA:122,10,1,1
BRDA:123,11,0,0
BRDA:123,11,1,0
BRDA:127,12,0,0
BRDA:127,12,1,0
BRDA:132,13,0,0
BRDA:132,13,1,0
BRDA:143,14,0,7
BRDA:143,14,1,7
BRDA:144,15,0,7
BRDA:144,15,1,7
BRDA:146,16,0,0
BRDA:146,16,1,7
BRDA:146,17,0,7
BRDA:146,17,1,0
BRDA:147,18,0,0
BRDA:147,18,1,0
BRDA:150,19,0,1
BRDA:150,19,1,6
BRDA:150,20,0,7
BRDA:150,20,1,6
BRDA:150,20,2,1
BRDA:151,21,0,1
BRDA:151,21,1,0
BRDA:160,22,0,0
BRDA:160,22,1,7
BRDA:165,23,0,12
BRDA:165,23,1,0
BRDA:166,24,0,0
BRDA:166,24,1,12
BRDA:166,25,0,12
BRDA:166,25,1,10
BRDA:178,26,0,7
BRDA:178,26,1,0
BRDA:179,27,0,0
BRDA:179,27,1,0
BRDA:184,28,0,1
BRDA:184,28,1,6
BRDA:187,29,0,6
BRDA:187,29,1,6
BRDA:188,30,0,0
BRDA:188,30,1,6
BRDA:192,31,0,0
BRDA:192,31,1,0
BRDA:210,32,0,0
BRDA:210,32,1,0
BRDA:217,33,0,1
BRDA:217,33,1,5
BRDA:217,34,0,6
BRDA:217,34,1,6
BRDA:217,34,2,1
BRDA:225,35,0,1
BRDA:225,35,1,9
BRDA:245,36,0,10
BRDA:245,36,1,10
BRDA:250,37,0,2
BRDA:250,37,1,8
BRDA:260,38,0,8
BRDA:260,38,1,6
BRDA:263,39,0,6
BRDA:263,39,1,6
BRDA:285,40,0,1
BRDA:288,41,0,0
BRDA:288,41,1,1
BRDA:304,42,0,0
BRDA:304,42,1,0
BRDA:305,43,0,0
BRDA:305,43,1,0
BRDA:306,44,0,0
BRDA:306,44,1,0
BRDA:326,45,0,0
BRDA:326,45,1,1
BRDA:327,46,0,0
BRDA:327,46,1,0
BRDA:350,47,0,0
BRDA:350,47,1,7
BRDA:368,48,0,6
BRDA:368,48,1,1
BRDA:371,49,0,6
BRDA:371,49,1,6
BRDA:390,50,0,0
BRDA:390,50,1,1
BRDA:406,51,0,0
BRDA:406,51,1,0
BRDA:409,52,0,0
BRDA:409,52,1,0
BRDA:409,53,0,0
BRDA:409,53,1,0
BRDA:413,54,0,0
BRDA:413,54,1,0
BRDA:423,55,0,2
BRDA:423,55,1,2
BRDA:425,56,0,2
BRDA:425,56,1,2
BRDA:426,57,0,2
BRDA:426,57,1,0
BRDA:444,58,0,0
BRDA:444,58,1,1
BRDA:444,59,0,1
BRDA:444,59,1,0
BRDA:445,60,0,0
BRDA:445,60,1,0
BRDA:454,61,0,1
BRDA:454,61,1,0
BRDA:460,62,0,0
BRDA:460,62,1,1
BRDA:460,63,0,1
BRDA:460,63,1,0
BRDA:471,64,0,0
BRDA:471,64,1,1
BRDA:471,65,0,1
BRDA:471,65,1,1
BRDA:486,66,0,0
BRDA:486,66,1,25
BRDA:486,67,0,25
BRDA:486,67,1,0
BRDA:492,68,0,25
BRDA:492,68,1,3
BRDA:492,68,2,22
BRF:140
BRH:77
end_of_record
TN:
SF:/Users/mohdashraf/Desktop/reactivesearch/packages/vue/src/components/list/utils.js
FN:5,(anonymous_0)
FN:21,(anonymous_1)
FNF:2
FNH:2
FNDA:28,(anonymous_0)
FNDA:28,(anonymous_1)
DA:3,4
DA:5,4
DA:6,28
DA:7,28
DA:8,0
DA:9,0
DA:10,0
DA:11,0
DA:13,0
DA:14,0
DA:18,28
DA:21,4
DA:22,28
DA:23,28
DA:24,28
DA:25,28
DA:36,28
DA:37,0
DA:46,28
LF:19
LH:12
BRDA:7,0,0,0
BRDA:7,0,1,28
BRDA:9,1,0,0
BRDA:9,1,1,0
BRDA:10,2,0,0
BRDA:10,2,1,0
BRDA:13,3,0,0
BRDA:13,3,1,0
BRDA:30,4,0,28
BRDA:30,4,1,0
BRDA:31,5,0,0
BRDA:31,5,1,28
BRDA:36,6,0,0
BRDA:36,6,1,28
BRF:14
BRH:4
end_of_record
TN:
SF:/Users/mohdashraf/Desktop/reactivesearch/packages/vue/src/components/range/DynamicRangeSlider.jsx
FN:57,(anonymous_0)
FN:66,(anonymous_1)
FN:67,(anonymous_2)
FN:87,(anonymous_3)
FN:92,(anonymous_4)
FN:121,(anonymous_5)
FN:127,(anonymous_6)
FN:135,(anonymous_7)
FN:147,(anonymous_8)
FN:157,(anonymous_9)
FN:164,(anonymous_10)
FN:183,(anonymous_11)
FN:187,(anonymous_12)
FN:194,(anonymous_13)
FN:212,(anonymous_14)
FN:243,(anonymous_15)
FN:252,(anonymous_16)
FN:261,(anonymous_17)
FN:263,(anonymous_18)
FN:277,(anonymous_19)
FN:281,(anonymous_20)
FN:292,(anonymous_21)
FN:303,(anonymous_22)
FN:310,(anonymous_23)
FN:322,(anonymous_24)
FN:365,(anonymous_25)
FN:394,(anonymous_26)
FN:396,(anonymous_27)
FN:454,(anonymous_28)
FNF:29
FNH:17
FNDA:5,(anonymous_0)
FNDA:5,(anonymous_1)
FNDA:0,(anonymous_2)
FNDA:5,(anonymous_3)
FNDA:5,(anonymous_4)
FNDA:5,(anonymous_5)
FNDA:0,(anonymous_6)
FNDA:5,(anonymous_7)
FNDA:0,(anonymous_8)
FNDA:0,(anonymous_9)
FNDA:0,(anonymous_10)
FNDA:0,(anonymous_11)
FNDA:7,(anonymous_12)
FNDA:7,(anonymous_13)
FNDA:7,(anonymous_14)
FNDA:10,(anonymous_15)
FNDA:8,(anonymous_16)
FNDA:0,(anonymous_17)
FNDA:0,(anonymous_18)
FNDA:0,(anonymous_19)
FNDA:7,(anonymous_20)
FNDA:10,(anonymous_21)
FNDA:0,(anonymous_22)
FNDA:10,(anonymous_23)
FNDA:10,(anonymous_24)
FNDA:7,(anonymous_25)
FNDA:0,(anonymous_26)
FNDA:53,(anonymous_27)
FNDA:0,(anonymous_28)
DA:23,1
DA:26,1
DA:28,1
DA:58,5
DA:60,5
DA:67,5
DA:68,0
DA:69,0
DA:71,5
DA:73,5
DA:74,5
DA:79,5
DA:80,0
DA:85,5
DA:88,5
DA:89,0
DA:93,5
DA:94,5
DA:95,5
DA:97,5
DA:98,5
DA:99,5
DA:100,5
DA:101,0
DA:102,5
DA:103,0
DA:105,5
DA:106,5
DA:110,5
DA:116,0
DA:122,5
DA:123,0
DA:128,0
DA:129,0
DA:130,0
DA:136,5
DA:137,2
DA:141,2
DA:143,3
DA:148,0
DA:149,0
DA:150,0
DA:152,0
DA:153,0
DA:158,0
DA:165,0
DA:167,0
DA:168,0
DA:177,0
DA:180,0
DA:184,0
DA:189,7
DA:194,7
DA:195,7
DA:196,7
DA:197,7
DA:198,7
DA:201,7
DA:213,7
DA:216,7
DA:217,0
DA:218,0
DA:221,0
DA:224,7
DA:225,7
DA:227,7
DA:228,7
DA:230,7
DA:244,10
DA:245,10
DA:247,0
DA:253,8
DA:254,6
DA:262,0
DA:263,0
DA:264,0
DA:269,0
DA:278,0
DA:282,7
DA:284,0
DA:289,0
DA:293,10
DA:295,5
DA:296,5
DA:298,5
DA:299,5
DA:301,5
DA:304,0
DA:305,0
DA:311,10
DA:312,0
DA:314,10
DA:315,10
DA:323,10
DA:365,1
DA:366,7
DA:368,7
DA:369,7
DA:380,7
DA:381,0
DA:391,7
DA:394,1
DA:396,1
DA:397,53
DA:398,53
DA:400,53
DA:401,53
DA:403,53
DA:404,0
DA:410,0
DA:418,53
DA:422,53
DA:428,53
DA:439,1
DA:452,1
DA:454,1
DA:455,0
DA:459,1
LF:118
LH:77
BRDA:79,0,0,0
BRDA:79,0,1,5
BRDA:79,1,0,5
BRDA:79,1,1,5
BRDA:88,2,0,0
BRDA:88,2,1,5
BRDA:94,3,0,5
BRDA:94,3,1,0
BRDA:97,4,0,5
BRDA:97,4,1,0
BRDA:97,5,0,5
BRDA:97,5,1,5
BRDA:100,6,0,0
BRDA:100,6,1,5
BRDA:102,7,0,0
BRDA:102,7,1,5
BRDA:105,8,0,5
BRDA:105,8,1,0
BRDA:122,9,0,0
BRDA:122,9,1,5
BRDA:128,10,0,0
BRDA:128,10,1,0
BRDA:136,11,0,2
BRDA:136,11,1,3
BRDA:148,12,0,0
BRDA:148,12,1,0
BRDA:167,13,0,0
BRDA:167,13,1,0
BRDA:190,14,0,7
BRDA:190,14,1,0
BRDA:191,15,0,7
BRDA:191,15,1,0
BRDA:216,16,0,0
BRDA:216,16,1,7
BRDA:217,17,0,0
BRDA:217,17,1,0
BRDA:224,18,0,7
BRDA:224,18,1,0
BRDA:227,19,0,7
BRDA:227,19,1,3
BRDA:235,20,0,7
BRDA:235,20,1,7
BRDA:244,21,0,10
BRDA:244,21,1,0
BRDA:253,22,0,2
BRDA:253,22,1,6
BRDA:282,23,0,7
BRDA:282,23,1,0
BRDA:284,24,0,0
BRDA:284,24,1,0
BRDA:293,25,0,5
BRDA:293,25,1,5
BRDA:293,26,0,10
BRDA:293,26,1,5
BRDA:295,27,0,5
BRDA:295,27,1,0
BRDA:296,28,0,5
BRDA:296,28,1,5
BRDA:298,29,0,0
BRDA:298,29,1,5
BRDA:299,30,0,0
BRDA:299,30,1,5
BRDA:304,31,0,0
BRDA:304,31,1,0
BRDA:311,32,0,0
BRDA:311,32,1,10
BRDA:311,33,0,10
BRDA:311,33,1,10
BRDA:317,34,0,10
BRDA:317,34,1,2
BRDA:338,35,0,6
BRDA:338,35,1,4
BRDA:342,36,0,6
BRDA:342,36,1,6
BRDA:350,37,0,6
BRDA:350,37,1,6
BRDA:368,38,0,7
BRDA:368,38,1,0
BRDA:368,39,0,7
BRDA:368,39,1,7
BRDA:380,40,0,0
BRDA:380,40,1,7
BRDA:380,41,0,7
BRDA:380,41,1,7
BRDA:400,42,0,53
BRDA:400,42,1,0
BRDA:403,43,0,0
BRDA:403,43,1,53
BRDA:405,44,0,0
BRDA:405,44,1,0
BRDA:405,45,0,0
BRDA:405,45,1,0
BRDA:405,45,2,0
BRDA:411,46,0,0
BRDA:411,46,1,0
BRDA:411,47,0,0
BRDA:411,47,1,0
BRDA:419,48,0,0
BRDA:419,48,1,53
BRDA:419,49,0,53
BRDA:419,49,1,0
BRDA:423,50,0,33
BRDA:423,50,1,20
BRDA:423,51,0,53
BRDA:423,51,1,33
BRDA:431,52,0,23
BRDA:431,52,1,30
BRF:107
BRH:62
end_of_record
TN:
SF:/Users/mohdashraf/Desktop/reactivesearch/packages/vue/src/components/range/RangeInput.jsx
FN:25,(anonymous_0)
FN:49,(anonymous_1)
FN:75,(anonymous_2)
FN:85,(anonymous_3)
FN:91,(anonymous_4)
FN:115,(anonymous_5)
FN:118,(anonymous_6)
FN:121,(anonymous_7)
FN:151,(anonymous_8)
FN:156,(anonymous_9)
FN:164,(anonymous_10)
FN:169,(anonymous_11)
FN:272,(anonymous_12)
FN:280,(anonymous_13)
FNF:14
FNH:7
FNDA:4,(anonymous_0)
FNDA:0,(anonymous_1)
FNDA:5,(anonymous_2)
FNDA:0,(anonymous_3)
FNDA:5,(anonymous_4)
FNDA:0,(anonymous_5)
FNDA:4,(anonymous_6)
FNDA:0,(anonymous_7)
FNDA:0,(anonymous_8)
FNDA:0,(anonymous_9)
FNDA:4,(anonymous_10)
FNDA:4,(anonymous_11)
FNDA:24,(anonymous_12)
FNDA:0,(anonymous_13)
DA:13,1
DA:15,1
DA:26,4
DA:34,4
DA:50,0
DA:76,5
DA:77,5
DA:78,0
DA:80,5
DA:81,5
DA:83,0
DA:86,0
DA:87,0
DA:89,0
DA:92,5
DA:93,5
DA:94,1
DA:96,0
DA:97,0
DA:102,0
DA:103,0
DA:104,0
DA:106,0
DA:107,0
DA:108,0
DA:110,1
DA:111,1
DA:116,0
DA:119,4
DA:122,0
DA:123,0
DA:124,0
DA:125,0
DA:127,0
DA:129,0
DA:130,0
DA:131,0
DA:132,0
DA:135,0
DA:136,0
DA:137,0
DA:142,0
DA:152,0
DA:153,0
DA:157,0
DA:158,0
DA:159,0
DA:165,4
DA:166,1
DA:192,4
DA:193,4
DA:272,24
DA:276,1
DA:280,1
DA:281,0
DA:285,1
LF:56
LH:22
BRDA:28,0,0,4
BRDA:28,0,1,0
BRDA:29,1,0,4
BRDA:29,1,1,0
BRDA:77,2,0,0
BRDA:77,2,1,5
BRDA:77,3,0,5
BRDA:77,3,1,0
BRDA:80,4,0,5
BRDA:80,4,1,0
BRDA:86,5,0,0
BRDA:86,5,1,0
BRDA:86,6,0,0
BRDA:86,6,1,0
BRDA:93,7,0,1
BRDA:93,7,1,4
BRDA:93,8,0,5
BRDA:93,8,1,5
BRDA:94,9,0,0
BRDA:94,9,1,0
BRDA:94,9,2,1
BRDA:96,10,0,0
BRDA:96,10,1,0
BRDA:98,11,0,0
BRDA:98,11,1,0
BRDA:99,12,0,0
BRDA:99,12,1,0
BRDA:123,13,0,0
BRDA:123,13,1,0
BRDA:124,14,0,0
BRDA:124,14,1,0
BRDA:129,15,0,0
BRDA:129,15,1,0
BRDA:129,16,0,0
BRDA:129,16,1,0
BRDA:131,17,0,0
BRDA:131,17,1,0
BRDA:131,18,0,0
BRDA:131,18,1,0
BRDA:135,19,0,0
BRDA:135,19,1,0
BRDA:135,20,0,0
BRDA:135,20,1,0
BRDA:136,21,0,0
BRDA:136,21,1,0
BRDA:152,22,0,0
BRDA:152,22,1,0
BRDA:152,23,0,0
BRDA:152,23,1,0
BRDA:157,24,0,0
BRDA:157,24,1,0
BRDA:158,25,0,0
BRDA:158,25,1,0
BRDA:165,26,0,1
BRDA:165,26,1,3
BRDA:165,27,0,4
BRDA:165,27,1,1
BRDA:165,27,2,1
BRDA:220,28,0,4
BRDA:220,28,1,4
BRDA:230,29,0,4
BRDA:230,29,1,0
BRDA:231,30,0,4
BRDA:231,30,1,4
BRDA:240,31,0,4
BRDA:240,31,1,0
BRDA:254,32,0,4
BRDA:254,32,1,0
BRDA:255,33,0,4
BRDA:255,33,1,4
BRDA:264,34,0,4
BRDA:264,34,1,0
BRF:72
BRH:25
end_of_record
TN:
SF:/Users/mohdashraf/Desktop/reactivesearch/packages/vue/src/components/range/RangeSlider.jsx
FN:25,(anonymous_0)
FN:59,(anonymous_1)
FN:70,(anonymous_2)
FN:72,(anonymous_3)
FN:76,(anonymous_4)
FN:77,(anonymous_5)
FN:95,(anonymous_6)
FN:130,(anonymous_7)
FN:138,(anonymous_8)
FN:142,(anonymous_9)
FN:148,(anonymous_10)
FN:155,(anonymous_11)
FN:162,(anonymous_12)
FN:177,(anonymous_13)
FN:192,(anonymous_14)
FN:201,(anonymous_15)
FN:246,(anonymous_16)
FN:272,(anonymous_17)
FN:282,(anonymous_18)
FN:307,(anonymous_19)
FNF:20
FNH:14
FNDA:9,(anonymous_0)
FNDA:0,(anonymous_1)
FNDA:9,(anonymous_2)
FNDA:0,(anonymous_3)
FNDA:5,(anonymous_4)
FNDA:5,(anonymous_5)
FNDA:5,(anonymous_6)
FNDA:9,(anonymous_7)
FNDA:0,(anonymous_8)
FNDA:0,(anonymous_9)
FNDA:5,(anonymous_10)
FNDA:0,(anonymous_11)
FNDA:9,(anonymous_12)
FNDA:9,(anonymous_13)
FNDA:9,(anonymous_14)
FNDA:9,(anonymous_15)
FNDA:5,(anonymous_16)
FNDA:5,(anonymous_17)
FNDA:38,(anonymous_18)
FNDA:0,(anonymous_19)
DA:13,2
DA:15,2
DA:17,2
DA:26,9
DA:30,9
DA:60,0
DA:61,0
DA:62,0
DA:64,0
DA:71,9
DA:72,9
DA:73,0
DA:77,5
DA:78,5
DA:79,5
DA:80,5
DA:81,5
DA:84,5
DA:96,5
DA:97,5
DA:99,5
DA:100,0
DA:101,0
DA:102,0
DA:112,5
DA:113,5
DA:115,5
DA:116,5
DA:117,5
DA:131,9
DA:132,9
DA:134,0
DA:139,0
DA:143,0
DA:144,0
DA:149,5
DA:150,0
DA:151,0
DA:156,0
DA:157,0
DA:163,9
DA:164,0
DA:169,9
DA:170,0
DA:175,9
DA:178,9
DA:179,9
DA:180,9
DA:181,9
DA:182,0
DA:183,9
DA:184,0
DA:185,9
DA:186,4
DA:187,5
DA:188,1
DA:193,9
DA:202,9
DA:246,2
DA:247,5
DA:248,5
DA:249,5
DA:259,5
DA:260,0
DA:269,5
DA:272,2
DA:273,5
DA:274,5
DA:276,0
DA:277,0
DA:279,0
DA:282,38
DA:294,2
DA:300,2
DA:307,2
DA:308,0
DA:312,2
LF:77
LH:52
BRDA:27,0,0,9
BRDA:27,0,1,0
BRDA:61,1,0,0
BRDA:61,1,1,0
BRDA:76,2,0,5
BRDA:99,3,0,0
BRDA:99,3,1,5
BRDA:100,4,0,0
BRDA:100,4,1,0
BRDA:115,5,0,5
BRDA:115,5,1,3
BRDA:122,6,0,5
BRDA:122,6,1,5
BRDA:131,7,0,9
BRDA:131,7,1,0
BRDA:143,8,0,0
BRDA:143,8,1,0
BRDA:149,9,0,0
BRDA:149,9,1,5
BRDA:156,10,0,0
BRDA:156,10,1,0
BRDA:163,11,0,0
BRDA:163,11,1,9
BRDA:169,12,0,0
BRDA:169,12,1,9
BRDA:169,13,0,9
BRDA:169,13,1,9
BRDA:180,14,0,9
BRDA:180,14,1,0
BRDA:181,15,0,0
BRDA:181,15,1,9
BRDA:183,16,0,0
BRDA:183,16,1,9
BRDA:185,17,0,4
BRDA:185,17,1,5
BRDA:187,18,0,1
BRDA:187,18,1,4
BRDA:195,19,0,9
BRDA:195,19,1,2
BRDA:200,20,0,9
BRDA:200,20,1,0
BRDA:218,21,0,9
BRDA:218,21,1,5
BRDA:222,22,0,5
BRDA:222,22,1,5
BRDA:230,23,0,5
BRDA:230,23,1,5
BRDA:248,24,0,5
BRDA:248,24,1,0
BRDA:248,25,0,5
BRDA:248,25,1,5
BRDA:259,26,0,0
BRDA:259,26,1,5
BRDA:259,27,0,5
BRDA:259,27,1,5
BRDA:273,28,0,5
BRDA:273,28,1,0
BRDA:274,29,0,0
BRDA:274,29,1,5
BRDA:276,30,0,0
BRDA:276,30,1,0
BRDA:283,31,0,0
BRDA:283,31,1,38
BRDA:284,32,0,0
BRDA:284,32,1,0
BRDA:287,33,0,15
BRDA:287,33,1,23
BRF:67
BRH:40
end_of_record
TN:
SF:/Users/mohdashraf/Desktop/reactivesearch/packages/vue/src/components/range/addons/ssr.js
FN:8,(anonymous_0)
FNF:1
FNH:1
FNDA:3,(anonymous_0)
DA:8,3
DA:9,3
DA:10,3
DA:11,0
DA:14,0
DA:16,0
DA:19,3
LF:7
LH:4
BRDA:10,0,0,0
BRDA:10,0,1,3
BRF:2
BRH:1
end_of_record
TN:
SF:/Users/mohdashraf/Desktop/reactivesearch/packages/vue/src/components/result/ReactiveList.jsx
FN:49,(anonymous_0)
FN:64,(anonymous_1)
FN:97,(anonymous_2)
FN:151,(anonymous_3)
FN:154,(anonymous_4)
FN:157,(anonymous_5)
FN:160,(anonymous_6)
FN:163,(anonymous_7)
FN:170,(anonymous_8)
FN:173,(anonymous_9)
FN:177,(anonymous_10)
FN:183,(anonymous_11)
FN:185,(anonymous_12)
FN:194,(anonymous_13)
FN:199,(anonymous_14)
FN:204,(anonymous_15)
FN:209,(anonymous_16)
FN:214,(anonymous_17)
FN:219,(anonymous_18)
FN:224,(anonymous_19)
FN:257,(anonymous_20)
FN:262,(anonymous_21)
FN:267,(anonymous_22)
FN:272,(anonymous_23)
FN:296,(anonymous_24)
FN:301,(anonymous_25)
FN:306,(anonymous_26)
FN:315,(anonymous_27)
FN:321,(anonymous_28)
FN:405,(anonymous_29)
FN:411,(anonymous_30)
FN:482,(anonymous_31)
FN:489,(anonymous_32)
FN:503,(anonymous_33)
FN:506,(anonymous_34)
FN:519,(anonymous_35)
FN:525,(anonymous_36)
FN:551,(anonymous_37)
FN:565,(anonymous_38)
FN:574,(anonymous_39)
FN:604,(anonymous_40)
FN:632,(anonymous_41)
FN:654,(anonymous_42)
FN:667,(anonymous_43)
FN:694,(anonymous_44)
FN:698,(anonymous_45)
FN:705,(anonymous_46)
FN:714,(anonymous_47)
FN:722,(anonymous_48)
FN:724,(anonymous_49)
FN:730,(anonymous_50)
FN:745,(anonymous_51)
FN:756,(anonymous_52)
FN:772,(anonymous_53)
FN:805,(anonymous_54)
FN:818,(anonymous_55)
FN:820,(anonymous_56)
FN:859,(anonymous_57)
FNF:58
FNH:21
FNDA:11,(anonymous_0)
FNDA:11,(anonymous_1)
FNDA:0,(anonymous_2)
FNDA:11,(anonymous_3)
FNDA:2,(anonymous_4)
FNDA:0,(anonymous_5)
FNDA:0,(anonymous_6)
FNDA:10,(anonymous_7)
FNDA:11,(anonymous_8)
FNDA:11,(anonymous_9)
FNDA:11,(anonymous_10)
FNDA:0,(anonymous_11)
FNDA:0,(anonymous_12)
FNDA:0,(anonymous_13)
FNDA:0,(anonymous_14)
FNDA:0,(anonymous_15)
FNDA:0,(anonymous_16)
FNDA:0,(anonymous_17)
FNDA:0,(anonymous_18)
FNDA:0,(anonymous_19)
FNDA:0,(anonymous_20)
FNDA:0,(anonymous_21)
FNDA:0,(anonymous_22)
FNDA:0,(anonymous_23)
FNDA:0,(anonymous_24)
FNDA:0,(anonymous_25)
FNDA:0,(anonymous_26)
FNDA:0,(anonymous_27)
FNDA:11,(anonymous_28)
FNDA:0,(anonymous_29)
FNDA:11,(anonymous_30)
FNDA:11,(anonymous_31)
FNDA:11,(anonymous_32)
FNDA:25,(anonymous_33)
FNDA:0,(anonymous_34)
FNDA:0,(anonymous_35)
FNDA:0,(anonymous_36)
FNDA:11,(anonymous_37)
FNDA:0,(anonymous_38)
FNDA:0,(anonymous_39)
FNDA:0,(anonymous_40)
FNDA:9,(anonymous_41)
FNDA:1,(anonymous_42)
FNDA:0,(anonymous_43)
FNDA:0,(anonymous_44)
FNDA:0,(anonymous_45)
FNDA:0,(anonymous_46)
FNDA:0,(anonymous_47)
FNDA:12,(anonymous_48)
FNDA:0,(anonymous_49)
FNDA:18,(anonymous_50)
FNDA:6,(anonymous_51)
FNDA:6,(anonymous_52)
FNDA:55,(anonymous_53)
FNDA:0,(anonymous_54)
FNDA:0,(anonymous_55)
FNDA:0,(anonymous_56)
FNDA:0,(anonymous_57)
DA:31,1
DA:41,1
DA:43,1
DA:50,11
DA:51,11
DA:52,11
DA:53,0
DA:54,11
DA:55,0
DA:58,11
DA:62,11
DA:65,11
DA:67,11
DA:68,0
DA:72,11
DA:73,0
DA:77,11
DA:78,0
DA:82,11
DA:83,0
DA:87,11
DA:88,11
DA:89,0
DA:90,0
DA:92,11
DA:94,11
DA:95,11
DA:96,0
DA:97,0
DA:101,11
DA:106,11
DA:152,11
DA:155,2
DA:158,0
DA:161,0
DA:164,10
DA:171,11
DA:175,11
DA:178,11
DA:179,11
DA:180,11
DA:182,11
DA:183,0
DA:184,0
DA:185,0
DA:188,0
DA:190,11
DA:195,0
DA:196,0
DA:200,0
DA:201,0
DA:205,0
DA:206,0
DA:210,0
DA:211,0
DA:215,0
DA:216,0
DA:220,0
DA:221,0
DA:225,0
DA:226,0
DA:227,0
DA:228,0
DA:229,0
DA:231,0
DA:232,0
DA:234,0
DA:235,0
DA:236,0
DA:239,0
DA:240,0
DA:246,0
DA:253,0
DA:254,0
DA:258,0
DA:259,0
DA:263,0
DA:264,0
DA:268,0
DA:269,0
DA:273,0
DA:274,0
DA:276,0
DA:277,0
DA:278,0
DA:279,0
DA:280,0
DA:281,0
DA:284,0
DA:285,0
DA:286,0
DA:288,0
DA:289,0
DA:291,0
DA:297,0
DA:298,0
DA:302,0
DA:303,0
DA:307,0
DA:308,0
DA:309,0
DA:311,0
DA:316,0
DA:317,0
DA:322,11
DA:323,0
DA:331,11
DA:332,11
DA:334,11
DA:335,0
DA:336,0
DA:337,0
DA:345,0
DA:350,11
DA:351,0
DA:360,11
DA:362,11
DA:363,0
DA:364,0
DA:366,0
DA:367,0
DA:370,0
DA:373,11
DA:375,11
DA:376,11
DA:382,11
DA:383,0
DA:391,11
DA:400,11
DA:401,7
DA:406,0
DA:407,0
DA:412,11
DA:413,11
DA:414,11
DA:483,11
DA:484,11
DA:485,0
DA:487,11
DA:490,11
DA:492,11
DA:494,11
DA:504,25
DA:507,0
DA:513,11
DA:520,0
DA:521,0
DA:523,0
DA:524,0
DA:525,0
DA:527,0
DA:528,0
DA:536,0
DA:537,0
DA:545,0
DA:552,11
DA:553,11
DA:554,11
DA:555,11
DA:556,0
DA:562,11
DA:566,0
DA:570,0
DA:575,0
DA:576,0
DA:577,0
DA:586,0
DA:587,0
DA:589,0
DA:590,0
DA:592,0
DA:593,0
DA:606,0
DA:607,0
DA:608,0
DA:609,0
DA:610,0
DA:611,0
DA:612,0
DA:613,0
DA:614,0
DA:622,0
DA:634,9
DA:635,9
DA:636,1
DA:638,8
DA:639,5
DA:651,3
DA:656,1
DA:657,1
DA:658,0
DA:660,1
DA:668,0
DA:669,0
DA:671,0
DA:672,0
DA:673,0
DA:674,0
DA:675,0
DA:682,0
DA:684,0
DA:689,0
DA:690,0
DA:691,0
DA:695,0
DA:696,0
DA:697,0
DA:698,0
DA:699,0
DA:700,0
DA:703,0
DA:706,0
DA:715,0
DA:723,12
DA:724,12
DA:731,18
DA:732,18
DA:733,18
DA:734,18
DA:735,18
DA:746,6
DA:747,6
DA:757,6
DA:758,6
DA:768,6
DA:772,55
DA:795,1
DA:805,1
DA:806,0
DA:814,0
DA:815,0
DA:816,0
DA:818,0
DA:819,0
DA:820,0
DA:821,0
DA:822,0
DA:829,0
DA:836,0
DA:837,0
DA:838,0
DA:839,0
DA:848,0
DA:851,1
DA:859,1
DA:860,0
DA:861,0
DA:862,0
DA:865,1
LF:249
LH:88
BRDA:51,0,0,11
BRDA:51,0,1,11
BRDA:52,1,0,0
BRDA:52,1,1,11
BRDA:54,2,0,0
BRDA:54,2,1,11
BRDA:67,3,0,0
BRDA:67,3,1,11
BRDA:67,4,0,11
BRDA:67,4,1,4
BRDA:72,5,0,0
BRDA:72,5,1,11
BRDA:72,6,0,11
BRDA:72,6,1,0
BRDA:72,6,2,0
BRDA:77,7,0,0
BRDA:77,7,1,11
BRDA:77,8,0,11
BRDA:77,8,1,11
BRDA:77,8,2,11
BRDA:82,9,0,0
BRDA:82,9,1,11
BRDA:82,10,0,11
BRDA:82,10,1,11
BRDA:87,11,0,11
BRDA:87,11,1,11
BRDA:88,12,0,0
BRDA:88,12,1,11
BRDA:95,13,0,0
BRDA:95,13,1,11
BRDA:95,14,0,11
BRDA:95,14,1,0
BRDA:95,14,2,0
BRDA:152,15,0,11
BRDA:152,15,1,4
BRDA:155,16,0,2
BRDA:155,16,1,0
BRDA:158,17,0,0
BRDA:158,17,1,0
BRDA:161,18,0,0
BRDA:161,18,1,0
BRDA:175,19,0,11
BRDA:175,19,1,11
BRDA:178,20,0,11
BRDA:178,20,1,0
BRDA:179,21,0,11
BRDA:179,21,1,11
BRDA:182,22,0,0
BRDA:182,22,1,11
BRDA:184,23,0,0
BRDA:184,23,1,0
BRDA:195,24,0,0
BRDA:195,24,1,0
BRDA:200,25,0,0
BRDA:200,25,1,0
BRDA:205,26,0,0
BRDA:205,26,1,0
BRDA:210,27,0,0
BRDA:210,27,1,0
BRDA:215,28,0,0
BRDA:215,28,1,0
BRDA:220,29,0,0
BRDA:220,29,1,0
BRDA:225,30,0,0
BRDA:225,30,1,0
BRDA:229,31,0,0
BRDA:229,31,1,0
BRDA:231,32,0,0
BRDA:231,32,1,0
BRDA:235,33,0,0
BRDA:235,33,1,0
BRDA:258,34,0,0
BRDA:258,34,1,0
BRDA:263,35,0,0
BRDA:263,35,1,0
BRDA:268,36,0,0
BRDA:268,36,1,0
BRDA:274,37,0,0
BRDA:274,37,1,0
BRDA:276,38,0,0
BRDA:276,38,1,0
BRDA:276,39,0,0
BRDA:276,39,1,0
BRDA:276,39,2,0
BRDA:277,40,0,0
BRDA:277,40,1,0
BRDA:280,41,0,0
BRDA:280,41,1,0
BRDA:284,42,0,0
BRDA:284,42,1,0
BRDA:284,43,0,0
BRDA:284,43,1,0
BRDA:285,44,0,0
BRDA:285,44,1,0
BRDA:285,45,0,0
BRDA:285,45,1,0
BRDA:286,46,0,0
BRDA:286,46,1,0
BRDA:288,47,0,0
BRDA:288,47,1,0
BRDA:297,48,0,0
BRDA:297,48,1,0
BRDA:302,49,0,0
BRDA:302,49,1,0
BRDA:302,50,0,0
BRDA:302,50,1,0
BRDA:302,50,2,0
BRDA:307,51,0,0
BRDA:307,51,1,0
BRDA:308,52,0,0
BRDA:308,52,1,0
BRDA:316,53,0,0
BRDA:316,53,1,0
BRDA:316,54,0,0
BRDA:316,54,1,0
BRDA:317,55,0,0
BRDA:317,55,1,0
BRDA:322,56,0,0
BRDA:322,56,1,11
BRDA:322,57,0,11
BRDA:322,57,1,0
BRDA:334,58,0,0
BRDA:334,58,1,11
BRDA:334,59,0,11
BRDA:334,59,1,0
BRDA:350,60,0,0
BRDA:350,60,1,11
BRDA:362,61,0,0
BRDA:362,61,1,11
BRDA:366,62,0,0
BRDA:366,62,1,0
BRDA:373,63,0,11
BRDA:373,63,1,11
BRDA:382,64,0,0
BRDA:382,64,1,11
BRDA:400,65,0,7
BRDA:400,65,1,4
BRDA:406,66,0,0
BRDA:406,66,1,0
BRDA:413,67,0,11
BRDA:413,67,1,0
BRDA:416,68,0,11
BRDA:416,68,1,0
BRDA:416,68,2,0
BRDA:416,68,3,0
BRDA:416,68,4,0
BRDA:422,69,0,0
BRDA:422,69,1,11
BRDA:425,70,0,0
BRDA:425,70,1,11
BRDA:426,71,0,9
BRDA:426,71,1,2
BRDA:426,72,0,11
BRDA:426,72,1,10
BRDA:428,73,0,1
BRDA:428,73,1,10
BRDA:428,74,0,11
BRDA:428,74,1,11
BRDA:429,75,0,2
BRDA:429,75,1,9
BRDA:429,76,0,11
BRDA:429,76,1,4
BRDA:429,76,2,3
BRDA:442,77,0,0
BRDA:442,77,1,11
BRDA:442,78,0,11
BRDA:442,78,1,0
BRDA:443,79,0,0
BRDA:443,79,1,0
BRDA:443,79,2,0
BRDA:456,80,0,3
BRDA:456,80,1,8
BRDA:456,81,0,11
BRDA:456,81,1,4
BRDA:456,81,2,2
BRDA:469,82,0,0
BRDA:469,82,1,11
BRDA:469,83,0,11
BRDA:469,83,1,0
BRDA:483,84,0,11
BRDA:483,84,1,11
BRDA:484,85,0,0
BRDA:484,85,1,11
BRDA:484,86,0,11
BRDA:484,86,1,0
BRDA:484,86,2,0
BRDA:485,87,0,0
BRDA:485,87,1,0
BRDA:492,88,0,11
BRDA:492,88,1,11
BRDA:494,89,0,6
BRDA:494,89,1,5
BRDA:513,90,0,0
BRDA:513,90,1,11
BRDA:523,91,0,0
BRDA:523,91,1,0
BRDA:523,92,0,0
BRDA:523,92,1,0
BRDA:524,93,0,0
BRDA:524,93,1,0
BRDA:527,94,0,0
BRDA:527,94,1,0
BRDA:536,95,0,0
BRDA:536,95,1,0
BRDA:555,96,0,0
BRDA:555,96,1,11
BRDA:558,97,0,0
BRDA:558,97,1,0
BRDA:566,98,0,0
BRDA:566,98,1,0
BRDA:567,99,0,0
BRDA:567,99,1,0
BRDA:575,100,0,0
BRDA:575,100,1,0
BRDA:575,101,0,0
BRDA:575,101,1,0
BRDA:576,102,0,0
BRDA:576,102,1,0
BRDA:576,103,0,0
BRDA:576,103,1,0
BRDA:576,103,2,0
BRDA:586,104,0,0
BRDA:586,104,1,0
BRDA:606,105,0,0
BRDA:606,105,1,0
BRDA:634,106,0,9
BRDA:634,106,1,9
BRDA:635,107,0,1
BRDA:635,107,1,8
BRDA:635,108,0,9
BRDA:635,108,1,1
BRDA:638,109,0,5
BRDA:638,109,1,3
BRDA:646,110,0,5
BRDA:646,110,1,5
BRDA:656,111,0,1
BRDA:656,111,1,1
BRDA:657,112,0,0
BRDA:657,112,1,1
BRDA:658,113,0,0
BRDA:658,113,1,0
BRDA:661,114,0,1
BRDA:661,114,1,1
BRDA:662,115,0,0
BRDA:662,115,1,1
BRDA:669,116,0,0
BRDA:669,116,1,0
BRDA:669,117,0,0
BRDA:669,117,1,0
BRDA:696,118,0,0
BRDA:696,118,1,0
BRDA:699,119,0,0
BRDA:699,119,1,0
BRDA:699,120,0,0
BRDA:699,120,1,0
BRDA:732,121,0,18
BRDA:732,121,1,0
BRDA:733,122,0,18
BRDA:733,122,1,18
BRDA:737,123,0,18
BRDA:737,123,1,18
BRDA:749,124,0,6
BRDA:749,124,1,6
BRDA:750,125,0,6
BRDA:750,125,1,0
BRDA:760,126,0,6
BRDA:760,126,1,6
BRDA:774,127,0,55
BRDA:774,127,1,0
BRDA:776,128,0,55
BRDA:776,128,1,55
BRDA:781,129,0,55
BRDA:781,129,1,55
BRDA:782,130,0,55
BRDA:782,130,1,55
BRDA:783,131,0,55
BRDA:783,131,1,55
BRDA:784,132,0,55
BRDA:784,132,1,55
BRDA:789,133,0,55
BRDA:789,133,1,0
BRDA:789,133,2,0
BRDA:815,134,0,0
BRDA:815,134,1,0
BRDA:815,135,0,0
BRDA:815,135,1,0
BRDA:816,136,0,0
BRDA:816,136,1,0
BRDA:819,137,0,0
BRDA:819,137,1,0
BRDA:821,138,0,0
BRDA:821,138,1,0
BRDA:836,139,0,0
BRDA:836,139,1,0
BRDA:838,140,0,0
BRDA:838,140,1,0
BRF:296
BRH:115
end_of_record
TN:
SF:/Users/mohdashraf/Desktop/reactivesearch/packages/vue/src/components/result/ResultCard.jsx
FN:19,(anonymous_0)
FN:35,(anonymous_1)
FNF:2
FNH:1
FNDA:25,(anonymous_0)
FNDA:0,(anonymous_1)
DA:8,1
DA:20,25
DA:21,25
DA:22,25
DA:35,1
DA:36,0
DA:37,0
DA:38,0
DA:39,0
LF:9
LH:5
BRDA:26,0,0,25
BRDA:26,0,1,0
BRF:2
BRH:1
end_of_record
TN:
SF:/Users/mohdashraf/Desktop/reactivesearch/packages/vue/src/components/result/addons/ImpressionTracker.jsx
FN:9,(anonymous_0)
FN:12,(anonymous_1)
FN:23,(anonymous_2)
FN:35,(anonymous_3)
FN:42,(anonymous_4)
FN:47,(anonymous_5)
FN:50,(anonymous_6)
FN:51,(anonymous_7)
FN:59,(anonymous_8)
FN:68,(anonymous_9)
FN:79,(anonymous_10)
FN:82,(anonymous_11)
FN:91,(anonymous_12)
FN:106,(anonymous_13)
FN:113,(anonymous_14)
FN:118,(anonymous_15)
FN:128,(anonymous_16)
FN:131,(anonymous_17)
FN:138,(anonymous_18)
FN:142,(anonymous_19)
FN:143,(anonymous_20)
FN:143,(anonymous_21)
FN:146,(anonymous_22)
FN:156,(anonymous_23)
FNF:24
FNH:0
FNDA:0,(anonymous_0)
FNDA:0,(anonymous_1)
FNDA:0,(anonymous_2)
FNDA:0,(anonymous_3)
FNDA:0,(anonymous_4)
FNDA:0,(anonymous_5)
FNDA:0,(anonymous_6)
FNDA:0,(anonymous_7)
FNDA:0,(anonymous_8)
FNDA:0,(anonymous_9)
FNDA:0,(anonymous_10)
FNDA:0,(anonymous_11)
FNDA:0,(anonymous_12)
FNDA:0,(anonymous_13)
FNDA:0,(anonymous_14)
FNDA:0,(anonymous_15)
FNDA:0,(anonymous_16)
FNDA:0,(anonymous_17)
FNDA:0,(anonymous_18)
FNDA:0,(anonymous_19)
FNDA:0,(anonymous_20)
FNDA:0,(anonymous_21)
FNDA:0,(anonymous_22)
FNDA:0,(anonymous_23)
DA:5,1
DA:7,1
DA:9,1
DA:10,0
DA:12,0
DA:13,0
DA:17,1
DA:25,0
DA:29,0
DA:33,0
DA:36,0
DA:38,0
DA:39,0
DA:44,0
DA:48,0
DA:50,0
DA:51,0
DA:52,0
DA:53,0
DA:60,0
DA:61,0
DA:69,0
DA:71,0
DA:72,0
DA:73,0
DA:76,0
DA:80,0
DA:81,0
DA:82,0
DA:83,0
DA:84,0
DA:86,0
DA:92,0
DA:93,0
DA:94,0
DA:99,0
DA:100,0
DA:102,0
DA:107,0
DA:108,0
DA:109,0
DA:112,0
DA:113,0
DA:114,0
DA:115,0
DA:116,0
DA:118,0
DA:119,0
DA:121,0
DA:126,0
DA:129,0
DA:132,0
DA:133,0
DA:135,0
DA:139,0
DA:140,0
DA:143,0
DA:147,0
DA:151,1
DA:156,0
LF:60
LH:5
BRDA:38,0,0,0
BRDA:38,0,1,0
BRDA:48,1,0,0
BRDA:48,1,1,0
BRDA:48,2,0,0
BRDA:48,2,1,0
BRDA:52,3,0,0
BRDA:52,3,1,0
BRDA:62,4,0,0
BRDA:62,4,1,0
BRDA:62,4,2,0
BRDA:62,4,3,0
BRDA:64,5,0,0
BRDA:64,5,1,0
BRDA:65,6,0,0
BRDA:65,6,1,0
BRDA:72,7,0,0
BRDA:72,7,1,0
BRDA:72,8,0,0
BRDA:72,8,1,0
BRDA:80,9,0,0
BRDA:80,9,1,0
BRDA:83,10,0,0
BRDA:83,10,1,0
BRDA:83,11,0,0
BRDA:83,11,1,0
BRDA:93,12,0,0
BRDA:93,12,1,0
BRDA:93,13,0,0
BRDA:93,13,1,0
BRDA:99,14,0,0
BRDA:99,14,1,0
BRDA:107,15,0,0
BRDA:107,15,1,0
BRDA:112,16,0,0
BRDA:112,16,1,0
BRDA:112,17,0,0
BRDA:112,17,1,0
BRDA:115,18,0,0
BRDA:115,18,1,0
BRDA:116,19,0,0
BRDA:116,19,1,0
BRDA:132,20,0,0
BRDA:132,20,1,0
BRDA:139,21,0,0
BRDA:139,21,1,0
BRDA:140,22,0,0
BRDA:140,22,1,0
BRF:48
BRH:0
end_of_record
TN:
SF:/Users/mohdashraf/Desktop/reactivesearch/packages/vue/src/components/result/addons/Pagination.jsx
FN:7,getStartPage
FN:26,(anonymous_1)
FN:29,(anonymous_2)
FN:35,(anonymous_3)
FN:50,(anonymous_4)
FN:81,(anonymous_5)
FN:81,(anonymous_6)
FN:83,(anonymous_7)
FN:96,(anonymous_8)
FN:110,(anonymous_9)
FN:120,(anonymous_10)
FN:120,(anonymous_11)
FN:121,(anonymous_12)
FN:141,(anonymous_13)
FN:151,(anonymous_14)
FNF:15
FNH:4
FNDA:5,getStartPage
FNDA:5,(anonymous_1)
FNDA:0,(anonymous_2)
FNDA:0,(anonymous_3)
FNDA:5,(anonymous_4)
FNDA:0,(anonymous_5)
FNDA:0,(anonymous_6)
FNDA:0,(anonymous_7)
FNDA:5,(anonymous_8)
FNDA:0,(anonymous_9)
FNDA:0,(anonymous_10)
FNDA:0,(anonymous_11)
FNDA:0,(anonymous_12)
FNDA:0,(anonymous_13)
FNDA:0,(anonymous_14)
DA:6,1
DA:8,5
DA:9,5
DA:10,5
DA:13,1
DA:27,5
DA:29,5
DA:30,0
DA:31,0
DA:35,5
DA:36,0
DA:37,0
DA:41,5
DA:42,0
DA:45,5
DA:46,5
DA:48,5
DA:50,5
DA:51,5
DA:53,5
DA:56,5
DA:57,5
DA:58,5
DA:59,5
DA:60,0
DA:65,5
DA:66,0
DA:67,0
DA:69,5
DA:70,20
DA:72,20
DA:77,20
DA:81,0
DA:83,0
DA:88,20
DA:89,20
DA:93,5
DA:96,5
DA:97,5
DA:98,5
DA:99,0
DA:100,0
DA:102,0
DA:105,5
DA:110,0
DA:120,0
DA:121,0
DA:141,0
DA:151,1
DA:152,0
LF:50
LH:32
BRDA:9,0,0,0
BRDA:9,0,1,5
BRDA:10,1,0,0
BRDA:10,1,1,5
BRDA:30,2,0,0
BRDA:30,2,1,0
BRDA:36,3,0,0
BRDA:36,3,1,0
BRDA:41,4,0,0
BRDA:41,4,1,5
BRDA:48,5,0,5
BRDA:48,5,1,0
BRDA:48,6,0,5
BRDA:48,6,1,5
BRDA:48,7,0,5
BRDA:48,7,1,0
BRDA:53,8,0,5
BRDA:53,8,1,0
BRDA:57,9,0,5
BRDA:57,9,1,0
BRDA:58,10,0,5
BRDA:58,10,1,0
BRDA:59,11,0,0
BRDA:59,11,1,5
BRDA:61,12,0,0
BRDA:61,12,1,0
BRDA:65,13,0,0
BRDA:65,13,1,5
BRDA:72,14,0,0
BRDA:72,14,1,20
BRDA:72,15,0,20
BRDA:72,15,1,20
BRDA:73,16,0,0
BRDA:73,16,1,0
BRDA:88,17,0,20
BRDA:88,17,1,0
BRDA:98,18,0,5
BRDA:98,18,1,0
BRDA:99,19,0,0
BRDA:99,19,1,0
BRDA:99,20,0,0
BRDA:99,20,1,0
BRDA:108,21,0,5
BRDA:108,21,1,5
BRDA:114,22,0,5
BRDA:114,22,1,5
BRDA:127,23,0,0
BRDA:127,23,1,5
BRDA:127,24,0,5
BRDA:127,24,1,0
BRDA:132,25,0,0
BRDA:132,25,1,5
BRDA:132,26,0,5
BRDA:132,26,1,0
BRDA:132,26,2,0
BRDA:137,27,0,5
BRDA:137,27,1,0
BRDA:137,27,2,0
BRDA:139,28,0,5
BRDA:139,28,1,5
BRDA:145,29,0,5
BRDA:145,29,1,5
BRF:62
BRH:30
end_of_record
TN:
SF:/Users/mohdashraf/Desktop/reactivesearch/packages/vue/src/components/result/addons/PoweredBy.jsx
FN:3,(anonymous_0)
FNF:1
FNH:0
FNDA:0,(anonymous_0)
DA:3,1
DA:4,0
LF:2
LH:1
BRF:0
BRH:0
end_of_record
TN:
SF:/Users/mohdashraf/Desktop/reactivesearch/packages/vue/src/components/result/addons/ResultCardDescription.jsx
FN:4,(anonymous_0)
FN:8,(anonymous_1)
FNF:2
FNH:1
FNDA:25,(anonymous_0)
FNDA:0,(anonymous_1)
DA:1,1
DA:5,25
DA:8,1
DA:9,0
LF:4
LH:3
BRF:0
BRH:0
end_of_record
TN:
SF:/Users/mohdashraf/Desktop/reactivesearch/packages/vue/src/components/result/addons/ResultCardImage.jsx
FN:9,(anonymous_0)
FN:14,(anonymous_1)
FNF:2
FNH:1
FNDA:25,(anonymous_0)
FNDA:0,(anonymous_1)
DA:4,1
DA:10,25
DA:11,25
DA:14,1
DA:15,0
LF:5
LH:4
BRF:0
BRH:0
end_of_record
TN:
SF:/Users/mohdashraf/Desktop/reactivesearch/packages/vue/src/components/result/addons/ResultCardTitle.jsx
FN:5,(anonymous_0)
FN:10,(anonymous_1)
FNF:2
FNH:1
FNDA:25,(anonymous_0)
FNDA:0,(anonymous_1)
DA:3,1
DA:6,25
DA:7,25
DA:10,1
DA:11,0
LF:5
LH:4
BRF:0
BRH:0
end_of_record
TN:
SF:/Users/mohdashraf/Desktop/reactivesearch/packages/vue/src/components/result/addons/ResultCardsWrapper.jsx
FN:6,(anonymous_0)
FN:14,(anonymous_1)
FNF:2
FNH:0
FNDA:0,(anonymous_0)
FNDA:0,(anonymous_1)
DA:3,1
DA:7,0
DA:14,1
DA:15,0
LF:4
LH:2
BRF:0
BRH:0
end_of_record
TN:
SF:/Users/mohdashraf/Desktop/reactivesearch/packages/vue/src/components/result/addons/ResultListWrapper.jsx
FN:6,(anonymous_0)
FN:14,(anonymous_1)
FNF:2
FNH:0
FNDA:0,(anonymous_0)
FNDA:0,(anonymous_1)
DA:3,1
DA:7,0
DA:14,1
DA:15,0
LF:4
LH:2
BRF:0
BRH:0
end_of_record
TN:
SF:/Users/mohdashraf/Desktop/reactivesearch/packages/vue/src/components/shared/CancelSvg.js
FN:1,(anonymous_0)
FNF:1
FNH:0
FNDA:0,(anonymous_0)
DA:2,0
LF:1
LH:0
BRF:0
BRH:0
end_of_record
TN:
SF:/Users/mohdashraf/Desktop/reactivesearch/packages/vue/src/components/shared/DropDown.jsx
FN:17,(anonymous_0)
FN:55,(anonymous_1)
FN:76,(anonymous_2)
FN:101,(anonymous_3)
FN:155,(anonymous_4)
FN:161,(anonymous_5)
FN:246,(anonymous_6)
FN:250,(anonymous_7)
FN:254,(anonymous_8)
FN:266,(anonymous_9)
FN:270,(anonymous_10)
FN:283,(anonymous_11)
FN:288,(anonymous_12)
FN:292,(anonymous_13)
FN:301,(anonymous_14)
FN:318,(anonymous_15)
FN:328,(anonymous_16)
FNF:17
FNH:9
FNDA:12,(anonymous_0)
FNDA:12,(anonymous_1)
FNDA:24,(anonymous_2)
FNDA:12,(anonymous_3)
FNDA:20,(anonymous_4)
FNDA:0,(anonymous_5)
FNDA:0,(anonymous_6)
FNDA:0,(anonymous_7)
FNDA:0,(anonymous_8)
FNDA:0,(anonymous_9)
FNDA:20,(anonymous_10)
FNDA:0,(anonymous_11)
FNDA:0,(anonymous_12)
FNDA:18,(anonymous_13)
FNDA:2,(anonymous_14)
FNDA:0,(anonymous_15)
FNDA:2,(anonymous_16)
DA:15,2
DA:16,2
DA:18,12
DA:22,12
DA:69,12
DA:70,12
DA:72,12
DA:73,0
DA:76,12
DA:77,24
DA:78,24
DA:82,0
DA:89,24
DA:92,0
DA:94,12
DA:108,12
DA:157,20
DA:162,0
DA:165,20
DA:166,10
DA:167,20
DA:247,0
DA:251,0
DA:255,0
DA:256,0
DA:258,0
DA:261,0
DA:262,0
DA:263,0
DA:267,0
DA:271,20
DA:273,20
DA:274,0
DA:276,20
DA:277,2
DA:280,18
DA:284,0
DA:285,0
DA:289,0
DA:293,18
DA:294,18
DA:295,0
DA:296,0
DA:297,0
DA:300,18
DA:301,2
DA:302,2
DA:304,16
DA:305,12
DA:306,0
DA:308,12
DA:309,2
DA:312,10
DA:315,4
DA:320,0
DA:321,0
DA:330,2
DA:333,2
DA:349,2
DA:350,0
DA:364,2
LF:61
LH:37
BRDA:72,0,0,0
BRDA:72,0,1,12
BRDA:77,1,0,24
BRDA:77,1,1,0
BRDA:78,2,0,0
BRDA:78,2,1,24
BRDA:79,3,0,24
BRDA:79,3,1,4
BRDA:117,4,0,12
BRDA:117,4,1,12
BRDA:119,5,0,7
BRDA:119,5,1,5
BRDA:124,6,0,0
BRDA:124,6,1,12
BRDA:128,7,0,7
BRDA:128,7,1,5
BRDA:136,8,0,2
BRDA:136,8,1,10
BRDA:144,9,0,10
BRDA:144,9,1,0
BRDA:144,10,0,10
BRDA:144,10,1,10
BRDA:147,11,0,0
BRDA:147,11,1,10
BRDA:150,12,0,2
BRDA:150,12,1,8
BRDA:153,13,0,0
BRDA:153,13,1,10
BRDA:153,14,0,10
BRDA:153,14,1,10
BRDA:157,15,0,20
BRDA:157,15,1,10
BRDA:157,15,2,10
BRDA:157,15,3,9
BRDA:157,15,4,0
BRDA:165,16,0,10
BRDA:165,16,1,10
BRDA:178,17,0,2
BRDA:178,17,1,18
BRDA:186,18,0,4
BRDA:186,18,1,16
BRDA:191,19,0,4
BRDA:191,19,1,0
BRDA:195,20,0,16
BRDA:195,20,1,0
BRDA:205,21,0,16
BRDA:205,21,1,12
BRDA:205,21,2,12
BRDA:209,22,0,12
BRDA:209,22,1,12
BRDA:222,23,0,1
BRDA:222,23,1,19
BRDA:222,24,0,20
BRDA:222,24,1,2
BRDA:225,25,0,1
BRDA:225,25,1,1
BRDA:255,26,0,0
BRDA:255,26,1,0
BRDA:261,27,0,0
BRDA:261,27,1,0
BRDA:273,28,0,0
BRDA:273,28,1,20
BRDA:274,29,0,0
BRDA:274,29,1,0
BRDA:276,30,0,2
BRDA:276,30,1,18
BRDA:277,31,0,0
BRDA:277,31,1,2
BRDA:280,32,0,0
BRDA:280,32,1,18
BRDA:294,33,0,0
BRDA:294,33,1,18
BRDA:296,34,0,0
BRDA:296,34,1,0
BRDA:300,35,0,2
BRDA:300,35,1,16
BRDA:300,36,0,18
BRDA:300,36,1,2
BRDA:304,37,0,12
BRDA:304,37,1,4
BRDA:304,38,0,16
BRDA:304,38,1,16
BRDA:305,39,0,0
BRDA:305,39,1,12
BRDA:308,40,0,2
BRDA:308,40,1,10
BRDA:320,41,0,0
BRDA:320,41,1,0
BRDA:322,42,0,0
BRDA:322,42,1,0
BRDA:323,43,0,0
BRDA:323,43,1,0
BRDA:349,44,0,0
BRDA:349,44,1,2
BRDA:353,45,0,0
BRDA:353,45,1,0
BRF:96
BRH:64
end_of_record
TN:
SF:/Users/mohdashraf/Desktop/reactivesearch/packages/vue/src/styles/Base.js
FN:3,(anonymous_0)
FN:9,(anonymous_1)
FN:10,(anonymous_2)
FN:11,(anonymous_3)
FN:18,(anonymous_4)
FNF:5
FNH:5
FNDA:53,(anonymous_0)
FNDA:53,(anonymous_1)
FNDA:53,(anonymous_2)
FNDA:53,(anonymous_3)
FNDA:53,(anonymous_4)
DA:3,8
DA:4,53
DA:5,53
DA:9,53
DA:10,53
DA:11,53
DA:18,53
LF:7
LH:7
BRDA:3,0,0,0
BRF:1
BRH:0
end_of_record
TN:
SF:/Users/mohdashraf/Desktop/reactivesearch/packages/vue/src/styles/Button.js
FN:5,(anonymous_0)
FN:73,(anonymous_1)
FN:83,(anonymous_2)
FN:88,(anonymous_3)
FN:113,(anonymous_4)
FN:114,(anonymous_5)
FN:121,(anonymous_6)
FN:127,(anonymous_7)
FN:128,(anonymous_8)
FN:131,(anonymous_9)
FN:132,(anonymous_10)
FN:133,(anonymous_11)
FNF:12
FNH:10
FNDA:0,(anonymous_0)
FNDA:5,(anonymous_1)
FNDA:0,(anonymous_2)
FNDA:5,(anonymous_3)
FNDA:35,(anonymous_4)
FNDA:35,(anonymous_5)
FNDA:35,(anonymous_6)
FNDA:35,(anonymous_7)
FNDA:35,(anonymous_8)
FNDA:35,(anonymous_9)
FNDA:35,(anonymous_10)
FNDA:35,(anonymous_11)
DA:5,3
DA:44,3
DA:54,3
DA:63,3
DA:73,5
DA:83,3
DA:88,5
DA:103,3
DA:113,35
DA:114,35
DA:122,35
DA:127,35
DA:128,35
DA:131,35
DA:132,35
DA:133,35
DA:136,3
LF:17
LH:17
BRDA:30,0,0,0
BRDA:30,0,1,0
BRDA:89,1,0,0
BRDA:89,1,1,5
BRDA:97,2,0,0
BRDA:97,2,1,5
BRDA:113,3,0,35
BRDA:113,3,1,35
BRDA:122,4,0,0
BRDA:122,4,1,35
BRDA:131,5,0,5
BRDA:131,5,1,30
BRDA:132,6,0,5
BRDA:132,6,1,30
BRDA:133,7,0,35
BRDA:133,7,1,0
BRF:16
BRH:10
end_of_record
TN:
SF:/Users/mohdashraf/Desktop/reactivesearch/packages/vue/src/styles/Card.js
FN:23,(anonymous_0)
FN:37,(anonymous_1)
FN:47,(anonymous_2)
FN:48,(anonymous_3)
FNF:4
FNH:4
FNDA:25,(anonymous_0)
FNDA:25,(anonymous_1)
FNDA:25,(anonymous_2)
FNDA:25,(anonymous_3)
DA:7,1
DA:19,1
DA:23,25
DA:29,1
DA:38,25
DA:47,25
DA:48,25
LF:7
LH:7
BRDA:23,0,0,25
BRDA:23,0,1,25
BRDA:38,1,0,0
BRDA:38,1,1,25
BRDA:48,2,0,0
BRDA:48,2,1,25
BRF:6
BRH:4
end_of_record
TN:
SF:/Users/mohdashraf/Desktop/reactivesearch/packages/vue/src/styles/Chevron.js
FN:23,(anonymous_0)
FNF:1
FNH:1
FNDA:12,(anonymous_0)
DA:4,2
DA:9,2
DA:23,12
LF:3
LH:3
BRDA:23,0,0,12
BRDA:23,0,1,0
BRF:2
BRH:1
end_of_record
TN:
SF:/Users/mohdashraf/Desktop/reactivesearch/packages/vue/src/styles/Container.js
FN:4,(anonymous_0)
FNF:1
FNH:1
FNDA:49,(anonymous_0)
DA:3,7
DA:4,49
LF:2
LH:2
BRF:0
BRH:0
end_of_record
TN:
SF:/Users/mohdashraf/Desktop/reactivesearch/packages/vue/src/styles/Content.js
FN:4,(anonymous_0)
FN:9,(anonymous_1)
FNF:2
FNH:0
FNDA:0,(anonymous_0)
FNDA:0,(anonymous_1)
DA:4,1
DA:8,1
DA:9,0
LF:3
LH:2
BRDA:9,0,0,0
BRDA:9,0,1,0
BRF:2
BRH:0
end_of_record
TN:
SF:/Users/mohdashraf/Desktop/reactivesearch/packages/vue/src/styles/Flex.js
FN:23,(anonymous_0)
FN:28,(anonymous_1)
FN:29,(anonymous_2)
FN:30,(anonymous_3)
FN:31,(anonymous_4)
FN:32,(anonymous_5)
FN:33,(anonymous_6)
FN:35,(anonymous_7)
FN:40,(anonymous_8)
FN:46,(anonymous_9)
FN:51,(anonymous_10)
FN:56,(anonymous_11)
FN:64,(anonymous_12)
FN:68,(anonymous_13)
FNF:14
FNH:13
FNDA:0,(anonymous_0)
FNDA:27,(anonymous_1)
FNDA:27,(anonymous_2)
FNDA:27,(anonymous_3)
FNDA:27,(anonymous_4)
FNDA:27,(anonymous_5)
FNDA:27,(anonymous_6)
FNDA:27,(anonymous_7)
FNDA:27,(anonymous_8)
FNDA:27,(anonymous_9)
FNDA:27,(anonymous_10)
FNDA:27,(anonymous_11)
FNDA:27,(anonymous_12)
FNDA:27,(anonymous_13)
DA:5,2
DA:10,2
DA:15,2
DA:19,2
DA:23,2
DA:27,2
DA:28,27
DA:29,27
DA:30,27
DA:31,27
DA:32,27
DA:33,27
DA:36,27
DA:41,27
DA:47,27
DA:52,27
DA:57,27
DA:64,27
DA:68,27
LF:19
LH:19
BRDA:24,0,0,0
BRDA:24,0,1,0
BRDA:28,1,0,0
BRDA:28,1,1,27
BRDA:29,2,0,27
BRDA:29,2,1,16
BRDA:29,2,2,11
BRDA:30,3,0,27
BRDA:30,3,1,27
BRDA:30,3,2,0
BRDA:31,4,0,27
BRDA:31,4,1,0
BRDA:32,5,0,27
BRDA:32,5,1,0
BRDA:33,6,0,27
BRDA:33,6,1,0
BRDA:36,7,0,27
BRDA:36,7,1,4
BRDA:41,8,0,27
BRDA:41,8,1,4
BRDA:47,9,0,27
BRDA:47,9,1,12
BRDA:52,10,0,27
BRDA:52,10,1,8
BRDA:57,11,0,27
BRDA:57,11,1,0
BRDA:64,12,0,27
BRDA:64,12,1,0
BRF:28
BRH:19
end_of_record
TN:
SF:/Users/mohdashraf/Desktop/reactivesearch/packages/vue/src/styles/FormControlList.js
FN:44,(anonymous_0)
FN:114,(anonymous_1)
FN:127,(anonymous_2)
FN:141,(anonymous_3)
FN:152,(anonymous_4)
FN:168,(anonymous_5)
FN:180,(anonymous_6)
FNF:7
FNH:7
FNDA:20,(anonymous_0)
FNDA:10,(anonymous_1)
FNDA:10,(anonymous_2)
FNDA:10,(anonymous_3)
FNDA:10,(anonymous_4)
FNDA:10,(anonymous_5)
FNDA:10,(anonymous_6)
DA:5,2
DA:11,2
DA:23,2
DA:44,20
DA:112,2
DA:114,10
DA:127,10
DA:141,10
DA:150,2
DA:152,10
DA:168,10
DA:180,10
DA:192,2
LF:13
LH:13
BRDA:82,0,0,20
BRDA:82,0,1,0
BRDA:114,1,0,8
BRDA:114,1,1,2
BRDA:152,2,0,8
BRDA:152,2,1,2
BRF:6
BRH:5
end_of_record
TN:
SF:/Users/mohdashraf/Desktop/reactivesearch/packages/vue/src/styles/IconGroup.js
FN:11,(anonymous_0)
FN:22,(anonymous_1)
FNF:2
FNH:0
FNDA:0,(anonymous_0)
FNDA:0,(anonymous_1)
DA:3,2
DA:12,0
DA:13,0
DA:19,0
DA:23,0
LF:5
LH:1
BRDA:12,0,0,0
BRDA:12,0,1,0
BRDA:23,1,0,0
BRDA:23,1,1,0
BRF:4
BRH:0
end_of_record
TN:
SF:/Users/mohdashraf/Desktop/reactivesearch/packages/vue/src/styles/IconWrapper.js
FN:13,(anonymous_0)
FN:18,(anonymous_1)
FNF:2
FNH:0
FNDA:0,(anonymous_0)
FNDA:0,(anonymous_1)
DA:3,2
DA:13,0
DA:18,0
LF:3
LH:1
BRDA:18,0,0,0
BRDA:18,0,1,0
BRF:2
BRH:0
end_of_record
TN:
SF:/Users/mohdashraf/Desktop/reactivesearch/packages/vue/src/styles/Input.js
FN:4,(anonymous_0)
FN:24,(anonymous_1)
FN:28,(anonymous_2)
FN:40,(anonymous_3)
FN:42,(anonymous_4)
FN:49,(anonymous_5)
FN:56,(anonymous_6)
FN:62,(anonymous_7)
FN:69,(anonymous_8)
FN:78,(anonymous_9)
FN:86,(anonymous_10)
FN:93,(anonymous_11)
FN:103,(anonymous_12)
FN:106,(anonymous_13)
FN:161,(anonymous_14)
FNF:15
FNH:11
FNDA:0,(anonymous_0)
FNDA:0,(anonymous_1)
FNDA:0,(anonymous_2)
FNDA:22,(anonymous_3)
FNDA:22,(anonymous_4)
FNDA:22,(anonymous_5)
FNDA:22,(anonymous_6)
FNDA:22,(anonymous_7)
FNDA:22,(anonymous_8)
FNDA:22,(anonymous_9)
FNDA:22,(anonymous_10)
FNDA:22,(anonymous_11)
FNDA:22,(anonymous_12)
FNDA:10,(anonymous_13)
FNDA:0,(anonymous_14)
DA:4,5
DA:8,5
DA:24,5
DA:28,5
DA:38,5
DA:40,22
DA:43,22
DA:50,22
DA:58,22
DA:64,22
DA:71,22
DA:80,22
DA:88,22
DA:95,22
DA:103,22
DA:106,10
DA:154,5
DA:161,5
LF:18
LH:18
BRDA:40,0,0,22
BRDA:40,0,1,0
BRDA:43,1,0,22
BRDA:43,1,1,0
BRDA:43,1,2,0
BRDA:50,2,0,22
BRDA:50,2,1,0
BRDA:50,2,2,0
BRDA:58,3,0,22
BRDA:58,3,1,0
BRDA:64,4,0,22
BRDA:64,4,1,0
BRDA:71,5,0,22
BRDA:71,5,1,0
BRDA:71,5,2,0
BRDA:71,5,3,0
BRDA:80,6,0,22
BRDA:80,6,1,0
BRDA:80,6,2,0
BRDA:80,6,3,0
BRDA:88,7,0,22
BRDA:88,7,1,0
BRDA:88,7,2,0
BRDA:95,8,0,22
BRDA:95,8,1,0
BRDA:95,8,2,0
BRDA:95,8,3,0
BRDA:95,8,4,0
BRDA:103,9,0,22
BRDA:103,9,1,0
BRDA:151,10,0,10
BRDA:151,10,1,0
BRDA:151,10,2,0
BRDA:200,11,0,0
BRDA:200,11,1,0
BRDA:200,11,2,0
BRF:36
BRH:11
end_of_record
TN:
SF:/Users/mohdashraf/Desktop/reactivesearch/packages/vue/src/styles/InputWrapper.js
FNF:0
FNH:0
DA:3,2
LF:1
LH:1
BRF:0
BRH:0
end_of_record
TN:
SF:/Users/mohdashraf/Desktop/reactivesearch/packages/vue/src/styles/ListItem.js
FN:23,(anonymous_0)
FN:28,(anonymous_1)
FN:37,(anonymous_2)
FN:43,(anonymous_3)
FN:47,(anonymous_4)
FN:48,(anonymous_5)
FN:51,(anonymous_6)
FN:74,(anonymous_7)
FN:80,(anonymous_8)
FNF:9
FNH:0
FNDA:0,(anonymous_0)
FNDA:0,(anonymous_1)
FNDA:0,(anonymous_2)
FNDA:0,(anonymous_3)
FNDA:0,(anonymous_4)
FNDA:0,(anonymous_5)
FNDA:0,(anonymous_6)
FNDA:0,(anonymous_7)
FNDA:0,(anonymous_8)
DA:7,1
DA:15,1
DA:20,1
DA:23,0
DA:28,0
DA:31,1
DA:38,0
DA:44,0
DA:47,0
DA:48,0
DA:52,0
DA:75,0
DA:76,0
DA:78,0
DA:80,0
LF:15
LH:4
BRDA:23,0,0,0
BRDA:23,0,1,0
BRDA:38,1,0,0
BRDA:38,1,1,0
BRDA:44,2,0,0
BRDA:44,2,1,0
BRDA:48,3,0,0
BRDA:48,3,1,0
BRDA:52,4,0,0
BRDA:52,4,1,0
BRDA:75,5,0,0
BRDA:75,5,1,0
BRDA:76,6,0,0
BRDA:76,6,1,0
BRDA:80,7,0,0
BRDA:80,7,1,0
BRF:16
BRH:0
end_of_record
TN:
SF:/Users/mohdashraf/Desktop/reactivesearch/packages/vue/src/styles/PoweredByImage.js
FNF:0
FNH:0
DA:3,1
LF:1
LH:1
BRF:0
BRH:0
end_of_record
TN:
SF:/Users/mohdashraf/Desktop/reactivesearch/packages/vue/src/styles/Select.js
FN:12,(anonymous_0)
FN:41,(anonymous_1)
FN:56,(anonymous_2)
FN:78,(anonymous_3)
FNF:4
FNH:3
FNDA:0,(anonymous_0)
FNDA:12,(anonymous_1)
FNDA:12,(anonymous_2)
FNDA:1,(anonymous_3)
DA:4,2
DA:12,2
DA:23,2
DA:41,12
DA:56,12
DA:59,2
DA:78,1
LF:7
LH:7
BRDA:41,0,0,0
BRDA:41,0,1,12
BRDA:56,1,0,12
BRDA:56,1,1,0
BRF:4
BRH:2
end_of_record
TN:
SF:/Users/mohdashraf/Desktop/reactivesearch/packages/vue/src/styles/Slider.js
FNF:0
FNH:0
DA:3,3
LF:1
LH:1
BRF:0
BRH:0
end_of_record
TN:
SF:/Users/mohdashraf/Desktop/reactivesearch/packages/vue/src/styles/Title.js
FN:6,(anonymous_0)
FNF:1
FNH:1
FNDA:29,(anonymous_0)
DA:3,8
DA:6,29
LF:2
LH:2
BRF:0
BRH:0
end_of_record
TN:
SF:/Users/mohdashraf/Desktop/reactivesearch/packages/vue/src/styles/results.js
FNF:0
FNH:0
DA:3,1
DA:8,1
LF:2
LH:2
BRF:0
BRH:0
end_of_record
TN:
SF:/Users/mohdashraf/Desktop/reactivesearch/packages/vue/src/styles/theme.js
FN:34,getTheme
FNF:1
FNH:1
FNDA:53,getTheme
DA:1,8
DA:7,8
DA:20,8
DA:35,53
DA:36,53
DA:38,0
LF:6
LH:5
BRDA:35,0,0,53
BRDA:35,0,1,0
BRF:2
BRH:1
end_of_record
TN:
SF:/Users/mohdashraf/Desktop/reactivesearch/packages/vue/src/utils/connector.js
FN:4,(anonymous_0)
FN:7,(anonymous_1)
FN:11,(anonymous_2)
FN:13,(anonymous_3)
FN:14,(anonymous_4)
FN:21,(anonymous_5)
FN:21,(anonymous_6)
FN:29,(anonymous_7)
FN:35,(anonymous_8)
FN:38,(anonymous_9)
FN:39,(anonymous_10)
FN:41,(anonymous_11)
FN:44,(anonymous_12)
FN:54,(anonymous_13)
FN:55,(anonymous_14)
FN:61,(anonymous_15)
FNF:16
FNH:11
FNDA:0,(anonymous_0)
FNDA:26,(anonymous_1)
FNDA:0,(anonymous_2)
FNDA:0,(anonymous_3)
FNDA:0,(anonymous_4)
FNDA:26,(anonymous_5)
FNDA:26,(anonymous_6)
FNDA:162,(anonymous_7)
FNDA:1359,(anonymous_8)
FNDA:162,(anonymous_9)
FNDA:1109,(anonymous_10)
FNDA:162,(anonymous_11)
FNDA:947,(anonymous_12)
FNDA:180,(anonymous_13)
FNDA:553,(anonymous_14)
FNDA:0,(anonymous_15)
DA:4,8
DA:5,8
DA:7,8
DA:8,26
DA:10,0
DA:11,0
DA:12,0
DA:13,0
DA:14,0
DA:17,0
DA:21,26
DA:22,26
DA:24,26
DA:30,162
DA:35,1359
DA:39,1109
DA:41,162
DA:42,162
DA:44,162
DA:45,947
DA:46,947
DA:47,180
DA:48,180
DA:49,180
DA:54,162
DA:55,180
DA:56,553
DA:62,0
LF:28
LH:21
BRDA:8,0,0,26
BRDA:8,0,1,0
BRDA:10,1,0,0
BRDA:10,1,1,0
BRDA:21,2,0,0
BRDA:21,3,0,0
BRDA:31,4,0,162
BRDA:31,4,1,0
BRDA:39,5,0,1109
BRDA:39,5,1,0
BRDA:46,6,0,180
BRDA:46,6,1,767
BRF:12
BRH:5
end_of_record
TN:
SF:/Users/mohdashraf/Desktop/reactivesearch/packages/vue/src/utils/index.js
FN:14,(anonymous_0)
FN:21,(anonymous_1)
FN:39,(anonymous_2)
FN:42,parseValueArray
FN:44,(anonymous_4)
FN:47,(anonymous_5)
FN:57,(anonymous_6)
FN:68,(anonymous_7)
FN:74,(anonymous_8)
FN:75,(anonymous_9)
FN:77,(anonymous_10)
FN:80,(anonymous_11)
FN:84,(anonymous_12)
FN:94,(anonymous_13)
FN:104,(anonymous_14)
FN:114,(anonymous_15)
FN:123,(anonymous_16)
FN:125,(anonymous_17)
FN:133,(anonymous_18)
FN:135,isNumeric
FN:140,isHotkeyCombination
FN:148,getCharFromCharCode
FN:156,parseFocusShortcuts
FN:160,(anonymous_23)
FN:194,extractModifierKeysFromFocusShortcuts
FN:195,(anonymous_25)
FN:198,(anonymous_26)
FN:201,(anonymous_27)
FNF:28
FNH:9
FNDA:26,(anonymous_0)
FNDA:53,(anonymous_1)
FNDA:7,(anonymous_2)
FNDA:0,parseValueArray
FNDA:0,(anonymous_4)
FNDA:0,(anonymous_5)
FNDA:10,(anonymous_6)
FNDA:39,(anonymous_7)
FNDA:0,(anonymous_8)
FNDA:0,(anonymous_9)
FNDA:0,(anonymous_10)
FNDA:28,(anonymous_11)
FNDA:42,(anonymous_12)
FNDA:0,(anonymous_13)
FNDA:0,(anonymous_14)
FNDA:0,(anonymous_15)
FNDA:403,(anonymous_16)
FNDA:403,(anonymous_17)
FNDA:0,(anonymous_18)
FNDA:0,isNumeric
FNDA:0,isHotkeyCombination
FNDA:0,getCharFromCharCode
FNDA:0,parseFocusShortcuts
FNDA:0,(anonymous_23)
FNDA:0,extractModifierKeysFromFocusShortcuts
FNDA:0,(anonymous_25)
FNDA:0,(anonymous_26)
FNDA:0,(anonymous_27)
DA:9,8
DA:14,26
DA:19,8
DA:21,53
DA:39,8
DA:43,0
DA:44,0
DA:46,0
DA:47,0
DA:49,0
DA:57,8
DA:58,10
DA:59,10
DA:60,10
DA:61,10
DA:62,0
DA:68,8
DA:69,39
DA:70,39
DA:71,39
DA:74,8
DA:75,0
DA:77,8
DA:78,0
DA:80,8
DA:81,28
DA:84,8
DA:85,42
DA:94,8
DA:95,0
DA:97,0
DA:104,8
DA:105,0
DA:106,0
DA:107,0
DA:108,0
DA:114,8
DA:115,0
DA:116,0
DA:123,8
DA:124,403
DA:125,403
DA:126,403
DA:129,403
DA:130,403
DA:133,8
DA:136,0
DA:141,0
DA:149,0
DA:150,0
DA:151,0
DA:157,0
DA:159,0
DA:160,0
DA:161,0
DA:162,0
DA:164,0
DA:165,0
DA:167,0
DA:168,0
DA:169,0
DA:170,0
DA:172,0
DA:175,0
DA:176,0
DA:177,0
DA:178,0
DA:181,0
DA:185,0
DA:188,0
DA:191,8
DA:195,0
DA:198,8
DA:199,0
DA:201,0
DA:202,0
LF:76
LH:32
BRDA:21,0,0,0
BRDA:21,1,0,0
BRDA:44,2,0,0
BRDA:44,2,1,0
BRDA:46,3,0,0
BRDA:46,3,1,0
BRDA:57,4,0,0
BRDA:57,5,0,0
BRDA:58,6,0,10
BRDA:58,6,1,0
BRDA:59,7,0,10
BRDA:59,7,1,0
BRDA:60,8,0,10
BRDA:60,8,1,10
BRDA:61,9,0,10
BRDA:61,9,1,0
BRDA:68,10,0,0
BRDA:69,11,0,39
BRDA:69,11,1,0
BRDA:70,12,0,39
BRDA:70,12,1,0
BRDA:71,13,0,39
BRDA:71,13,1,39
BRDA:74,14,0,0
BRDA:78,15,0,0
BRDA:78,15,1,0
BRDA:78,15,2,0
BRDA:95,16,0,0
BRDA:95,16,1,0
BRDA:95,17,0,0
BRDA:95,17,1,0
BRDA:104,18,0,0
BRDA:104,19,0,0
BRDA:105,20,0,0
BRDA:105,20,1,0
BRDA:106,21,0,0
BRDA:106,21,1,0
BRDA:107,22,0,0
BRDA:107,22,1,0
BRDA:114,23,0,0
BRDA:115,24,0,0
BRDA:115,24,1,0
BRDA:116,25,0,0
BRDA:116,25,1,0
BRDA:123,26,0,0
BRDA:126,27,0,0
BRDA:126,27,1,403
BRDA:130,28,0,403
BRDA:130,28,1,0
BRDA:133,29,0,0
BRDA:133,29,1,0
BRDA:133,29,2,0
BRDA:141,30,0,0
BRDA:141,30,1,0
BRDA:151,31,0,0
BRDA:151,31,1,0
BRDA:157,32,0,0
BRDA:157,32,1,0
BRDA:161,33,0,0
BRDA:161,33,1,0
BRDA:162,34,0,0
BRDA:162,34,1,0
BRDA:169,35,0,0
BRDA:169,35,1,0
BRDA:177,36,0,0
BRDA:177,36,1,0
BRF:66
BRH:11
end_of_record
TN:
SF:/Users/mohdashraf/Desktop/reactivesearch/packages/vue/src/utils/shallowEqual.js
FN:6,is
FN:14,shallowEqual
FNF:2
FNH:2
FNDA:3099,is
FNDA:947,shallowEqual
DA:4,8
DA:7,3099
DA:8,1972
DA:11,1127
DA:15,947
DA:16,947
DA:22,0
DA:25,947
DA:26,947
DA:28,947
DA:30,947
DA:31,2152
DA:32,180
DA:36,767
LF:14
LH:13
BRDA:7,0,0,1972
BRDA:7,0,1,1127
BRDA:8,1,0,1972
BRDA:8,1,1,33
BRDA:8,1,2,33
BRDA:11,2,0,1127
BRDA:11,2,1,0
BRDA:15,3,0,0
BRDA:15,3,1,947
BRDA:16,4,0,0
BRDA:16,4,1,947
BRDA:17,5,0,947
BRDA:17,5,1,947
BRDA:17,5,2,947
BRDA:17,5,3,947
BRDA:28,6,0,0
BRDA:28,6,1,947
BRDA:31,7,0,180
BRDA:31,7,1,1972
BRDA:31,8,0,2152
BRDA:31,8,1,2152
BRF:21
BRH:17
end_of_record
TN:
SF:/Users/mohdashraf/Desktop/reactivesearch/packages/vue/src/utils/vueTypes.js
FN:13,validateLocation
FNF:1
FNH:0
FNDA:0,validateLocation
DA:4,8
DA:6,8
DA:15,0
DA:16,0
DA:18,0
DA:19,0
DA:21,0
DA:22,0
DA:24,0
DA:27,8
LF:10
LH:3
BRDA:15,0,0,0
BRDA:15,0,1,0
BRDA:18,1,0,0
BRDA:18,1,1,0
BRDA:18,2,0,0
BRDA:18,2,1,0
BRDA:18,2,2,0
BRDA:21,3,0,0
BRDA:21,3,1,0
BRDA:21,4,0,0
BRDA:21,4,1,0
BRDA:21,4,2,0
BRF:12
BRH:0
end_of_record
