TN:
SF:/Users/mohdashraf/Desktop/reactivesearch/packages/vue/src/components/Provider.js
FN:7,(anonymous_0)
FN:17,(anonymous_1)
FN:22,(anonymous_2)
FNF:3
FNH:3
FNDA:53,(anonymous_0)
FNDA:53,(anonymous_1)
FNDA:53,(anonymous_2)
DA:8,53
DA:9,0
DA:13,53
DA:18,53
DA:23,53
DA:24,0
DA:26,53
LF:7
LH:5
BRDA:8,0,0,0
BRDA:8,0,1,53
BRDA:8,1,0,53
BRDA:8,1,1,0
BRDA:8,1,2,0
BRDA:23,2,0,0
BRDA:23,2,1,53
BRF:7
BRH:3
end_of_record
TN:
SF:/Users/mohdashraf/Desktop/reactivesearch/packages/vue/src/components/URLParamsProvider.jsx
FN:19,(anonymous_0)
FN:22,(anonymous_1)
FN:28,(anonymous_2)
FN:29,(anonymous_3)
FN:34,(anonymous_4)
FN:49,(anonymous_5)
FN:55,(anonymous_6)
FN:66,(anonymous_7)
FN:67,(anonymous_8)
FN:102,(anonymous_9)
FN:103,(anonymous_10)
FN:109,(anonymous_11)
FN:118,(anonymous_12)
FN:125,(anonymous_13)
FN:133,(anonymous_14)
FN:157,(anonymous_15)
FN:163,(anonymous_16)
FN:165,(anonymous_17)
FN:175,(anonymous_18)
FN:196,(anonymous_19)
FN:209,(anonymous_20)
FN:215,(anonymous_21)
FN:225,(anonymous_22)
FNF:23
FNH:7
FNDA:53,(anonymous_0)
FNDA:0,(anonymous_1)
FNDA:0,(anonymous_2)
FNDA:0,(anonymous_3)
FNDA:0,(anonymous_4)
FNDA:0,(anonymous_5)
FNDA:22,(anonymous_6)
FNDA:20,(anonymous_7)
FNDA:0,(anonymous_8)
FNDA:20,(anonymous_9)
FNDA:0,(anonymous_10)
FNDA:0,(anonymous_11)
FNDA:0,(anonymous_12)
FNDA:53,(anonymous_13)
FNDA:0,(anonymous_14)
FNDA:0,(anonymous_15)
FNDA:0,(anonymous_16)
FNDA:0,(anonymous_17)
FNDA:0,(anonymous_18)
FNDA:0,(anonymous_19)
FNDA:53,(anonymous_20)
FNDA:564,(anonymous_21)
FNDA:0,(anonymous_22)
DA:7,8
DA:8,8
DA:10,8
DA:20,53
DA:22,53
DA:23,0
DA:24,0
DA:27,0
DA:28,0
DA:30,0
DA:34,0
DA:35,0
DA:36,0
DA:37,0
DA:40,0
DA:43,0
DA:53,0
DA:56,22
DA:57,22
DA:58,20
DA:61,20
DA:62,20
DA:63,20
DA:65,20
DA:66,20
DA:69,0
DA:73,0
DA:74,0
DA:75,0
DA:76,0
DA:84,0
DA:87,0
DA:88,0
DA:90,0
DA:95,0
DA:96,0
DA:101,20
DA:102,20
DA:104,0
DA:105,0
DA:108,20
DA:109,0
DA:110,0
DA:111,0
DA:114,0
DA:119,0
DA:120,0
DA:126,53
DA:129,53
DA:130,53
DA:137,0
DA:138,0
DA:142,0
DA:144,0
DA:145,0
DA:148,0
DA:149,0
DA:152,0
DA:158,0
DA:159,0
DA:160,0
DA:164,0
DA:165,0
DA:166,0
DA:168,0
DA:169,0
DA:170,0
DA:172,0
DA:176,0
DA:179,0
DA:180,0
DA:185,0
DA:186,0
DA:188,0
DA:189,0
DA:190,0
DA:191,0
DA:197,0
DA:198,0
DA:199,0
DA:201,0
DA:202,0
DA:203,0
DA:204,0
DA:206,0
DA:210,53
DA:211,53
DA:215,564
DA:220,8
DA:225,8
DA:226,0
LF:91
LH:24
BRDA:37,0,0,0
BRDA:37,0,1,0
BRDA:57,1,0,20
BRDA:57,1,1,2
BRDA:58,2,0,0
BRDA:58,2,1,20
BRDA:69,3,0,0
BRDA:69,3,1,0
BRDA:70,4,0,0
BRDA:70,4,1,0
BRDA:74,5,0,0
BRDA:74,5,1,0
BRDA:75,6,0,0
BRDA:75,6,1,0
BRDA:90,7,0,0
BRDA:90,7,1,0
BRDA:91,8,0,0
BRDA:91,8,1,0
BRDA:108,9,0,0
BRDA:108,9,1,20
BRDA:110,10,0,0
BRDA:110,10,1,0
BRDA:110,11,0,0
BRDA:110,11,1,0
BRDA:119,12,0,0
BRDA:119,12,1,0
BRDA:126,13,0,0
BRDA:126,13,1,53
BRDA:130,14,0,53
BRDA:130,14,1,0
BRDA:137,15,0,0
BRDA:137,15,1,0
BRDA:138,16,0,0
BRDA:138,16,1,0
BRDA:142,17,0,0
BRDA:142,17,1,0
BRDA:144,18,0,0
BRDA:144,18,1,0
BRDA:158,19,0,0
BRDA:158,19,1,0
BRDA:159,20,0,0
BRDA:159,20,1,0
BRDA:164,21,0,0
BRDA:164,21,1,0
BRDA:164,22,0,0
BRDA:164,22,1,0
BRDA:166,23,0,0
BRDA:166,23,1,0
BRDA:166,24,0,0
BRDA:166,24,1,0
BRDA:168,25,0,0
BRDA:168,25,1,0
BRDA:169,26,0,0
BRDA:169,26,1,0
BRDA:170,27,0,0
BRDA:170,27,1,0
BRDA:170,27,2,0
BRDA:176,28,0,0
BRDA:176,28,1,0
BRDA:180,29,0,0
BRDA:180,29,1,0
BRDA:181,30,0,0
BRDA:181,30,1,0
BRDA:181,30,2,0
BRDA:181,30,3,0
BRDA:181,30,4,0
BRDA:189,31,0,0
BRDA:189,31,1,0
BRDA:197,32,0,0
BRDA:197,32,1,0
BRDA:201,33,0,0
BRDA:201,33,1,0
BRDA:203,34,0,0
BRDA:203,34,1,0
BRF:74
BRH:6
end_of_record
TN:
SF:/Users/mohdashraf/Desktop/reactivesearch/packages/vue/src/components/ReactiveBase/index.jsx
FN:16,(anonymous_0)
FN:22,(anonymous_1)
FN:25,(anonymous_2)
FN:58,(anonymous_3)
FN:68,(anonymous_4)
FN:71,(anonymous_5)
FN:74,(anonymous_6)
FN:77,(anonymous_7)
FN:80,(anonymous_8)
FN:83,(anonymous_9)
FN:86,(anonymous_10)
FN:93,(anonymous_11)
FN:100,(anonymous_12)
FN:105,(anonymous_13)
FN:119,(anonymous_14)
FN:123,(anonymous_15)
FN:158,(anonymous_16)
FN:211,(anonymous_17)
FN:230,(anonymous_18)
FNF:19
FNH:7
FNDA:53,(anonymous_0)
FNDA:53,(anonymous_1)
FNDA:53,(anonymous_2)
FNDA:53,(anonymous_3)
FNDA:0,(anonymous_4)
FNDA:0,(anonymous_5)
FNDA:0,(anonymous_6)
FNDA:0,(anonymous_7)
FNDA:0,(anonymous_8)
FNDA:0,(anonymous_9)
FNDA:0,(anonymous_10)
FNDA:0,(anonymous_11)
FNDA:0,(anonymous_12)
FNDA:53,(anonymous_13)
FNDA:0,(anonymous_14)
FNDA:53,(anonymous_15)
FNDA:0,(anonymous_16)
FNDA:53,(anonymous_17)
FNDA:0,(anonymous_18)
DA:14,8
DA:17,53
DA:20,53
DA:23,53
DA:26,53
DA:28,53
DA:29,0
DA:59,53
DA:69,0
DA:72,0
DA:75,0
DA:78,0
DA:81,0
DA:84,0
DA:87,0
DA:88,0
DA:89,0
DA:94,0
DA:95,0
DA:96,0
DA:101,0
DA:106,53
DA:107,53
DA:108,53
DA:120,0
DA:121,0
DA:125,53
DA:128,53
DA:132,53
DA:146,53
DA:148,53
DA:149,53
DA:151,0
DA:154,53
DA:155,53
DA:156,53
DA:158,53
DA:159,0
DA:160,0
DA:161,0
DA:162,0
DA:163,0
DA:165,0
DA:167,0
DA:168,0
DA:169,0
DA:173,0
DA:182,53
DA:184,53
DA:186,53
DA:187,0
DA:190,53
DA:191,0
DA:194,53
DA:208,53
DA:212,53
DA:213,53
DA:214,53
DA:230,8
DA:231,0
LF:60
LH:30
BRDA:28,0,0,0
BRDA:28,0,1,53
BRDA:87,1,0,0
BRDA:87,1,1,0
BRDA:88,2,0,0
BRDA:88,2,1,0
BRDA:94,3,0,0
BRDA:94,3,1,0
BRDA:95,4,0,0
BRDA:95,4,1,0
BRDA:107,5,0,53
BRDA:107,5,1,0
BRDA:109,6,0,53
BRDA:109,6,1,0
BRDA:109,6,2,0
BRDA:112,7,0,0
BRDA:112,7,1,0
BRDA:125,8,0,53
BRDA:125,8,1,0
BRDA:125,9,0,53
BRDA:125,9,1,53
BRDA:125,9,2,53
BRDA:133,10,0,53
BRDA:133,10,1,0
BRDA:133,11,0,53
BRDA:133,11,1,53
BRDA:136,12,0,0
BRDA:136,12,1,53
BRDA:140,13,0,53
BRDA:140,13,1,0
BRDA:148,14,0,53
BRDA:148,14,1,0
BRDA:151,15,0,0
BRDA:151,15,1,0
BRDA:162,16,0,0
BRDA:162,16,1,0
BRDA:167,17,0,0
BRDA:167,17,1,0
BRDA:186,18,0,0
BRDA:186,18,1,53
BRDA:190,19,0,0
BRDA:190,19,1,53
BRF:42
BRH:15
end_of_record
TN:
SF:/Users/mohdashraf/Desktop/reactivesearch/packages/vue/src/components/basic/ComponentWrapper.jsx
FN:30,(anonymous_0)
FN:41,(anonymous_1)
FN:46,(anonymous_2)
FN:60,(anonymous_3)
FN:70,(anonymous_4)
FN:74,(anonymous_5)
FN:103,(anonymous_6)
FN:109,(anonymous_7)
FN:121,(anonymous_8)
FN:123,(anonymous_9)
FN:133,(anonymous_10)
FN:134,(anonymous_11)
FN:138,(anonymous_12)
FN:154,(anonymous_13)
FN:163,(anonymous_14)
FN:176,(anonymous_15)
FNF:16
FNH:8
FNDA:8,(anonymous_0)
FNDA:52,(anonymous_1)
FNDA:403,(anonymous_2)
FNDA:52,(anonymous_3)
FNDA:0,(anonymous_4)
FNDA:0,(anonymous_5)
FNDA:52,(anonymous_6)
FNDA:0,(anonymous_7)
FNDA:0,(anonymous_8)
FNDA:0,(anonymous_9)
FNDA:0,(anonymous_10)
FNDA:0,(anonymous_11)
FNDA:0,(anonymous_12)
FNDA:52,(anonymous_13)
FNDA:485,(anonymous_14)
FNDA:8,(anonymous_15)
DA:15,7
DA:17,7
DA:30,7
DA:36,8
DA:43,52
DA:45,52
DA:46,52
DA:47,403
DA:49,52
DA:50,52
DA:51,52
DA:53,52
DA:54,38
DA:61,52
DA:62,52
DA:63,52
DA:67,52
DA:69,48
DA:70,48
DA:71,0
DA:72,0
DA:74,48
DA:75,0
DA:77,48
DA:79,48
DA:83,52
DA:88,39
DA:91,52
DA:95,39
DA:96,39
DA:104,52
DA:106,0
DA:110,0
DA:112,0
DA:113,0
DA:114,0
DA:122,0
DA:123,0
DA:124,0
DA:125,0
DA:134,0
DA:139,0
DA:140,0
DA:141,0
DA:142,0
DA:143,0
DA:145,0
DA:150,0
DA:155,52
DA:163,485
DA:167,7
DA:177,8
LF:52
LH:32
BRDA:32,0,0,0
BRDA:53,1,0,38
BRDA:53,1,1,14
BRDA:62,2,0,52
BRDA:62,2,1,0
BRDA:67,3,0,48
BRDA:67,3,1,4
BRDA:67,4,0,52
BRDA:67,4,1,52
BRDA:83,5,0,39
BRDA:83,5,1,13
BRDA:84,6,0,52
BRDA:84,6,1,13
BRDA:84,6,2,0
BRDA:91,7,0,39
BRDA:91,7,1,13
BRDA:92,8,0,52
BRDA:92,8,1,39
BRDA:92,8,2,39
BRDA:104,9,0,0
BRDA:104,9,1,52
BRDA:104,10,0,52
BRDA:104,10,1,39
BRDA:110,11,0,0
BRDA:110,11,1,0
BRDA:113,12,0,0
BRDA:113,12,1,0
BRDA:140,13,0,0
BRDA:140,13,1,0
BRDA:141,14,0,0
BRDA:141,14,1,0
BRDA:176,15,0,0
BRF:32
BRH:19
end_of_record
TN:
SF:/Users/mohdashraf/Desktop/reactivesearch/packages/vue/src/components/basic/DownShift.jsx
FN:14,(anonymous_0)
FN:22,(anonymous_1)
FN:24,(anonymous_2)
FN:32,(anonymous_3)
FN:37,(anonymous_4)
FN:42,(anonymous_5)
FN:48,(anonymous_6)
FN:52,(anonymous_7)
FN:72,(anonymous_8)
FN:87,(anonymous_9)
FN:102,(anonymous_10)
FN:109,(anonymous_11)
FN:114,(anonymous_12)
FN:118,(anonymous_13)
FN:128,(anonymous_14)
FN:133,getInputValue
FN:148,(anonymous_16)
FN:172,(anonymous_17)
FN:181,(anonymous_18)
FN:191,(anonymous_19)
FN:209,(anonymous_20)
FN:217,(anonymous_21)
FN:221,(anonymous_22)
FN:228,(anonymous_23)
FN:240,(anonymous_24)
FN:242,(anonymous_25)
FN:251,(anonymous_26)
FN:259,(anonymous_27)
FN:264,(anonymous_28)
FN:272,(anonymous_29)
FN:274,(anonymous_30)
FN:283,(anonymous_31)
FN:288,(anonymous_32)
FN:296,(anonymous_33)
FN:301,(anonymous_34)
FN:306,(anonymous_35)
FN:317,(anonymous_36)
FN:338,(anonymous_37)
FN:342,(anonymous_38)
FN:344,(anonymous_39)
FN:358,(anonymous_40)
FNF:41
FNH:11
FNDA:12,(anonymous_0)
FNDA:12,(anonymous_1)
FNDA:84,(anonymous_2)
FNDA:0,(anonymous_3)
FNDA:12,(anonymous_4)
FNDA:0,(anonymous_5)
FNDA:0,(anonymous_6)
FNDA:0,(anonymous_7)
FNDA:0,(anonymous_8)
FNDA:0,(anonymous_9)
FNDA:0,(anonymous_10)
FNDA:0,(anonymous_11)
FNDA:0,(anonymous_12)
FNDA:0,(anonymous_13)
FNDA:0,(anonymous_14)
FNDA:0,getInputValue
FNDA:0,(anonymous_16)
FNDA:0,(anonymous_17)
FNDA:0,(anonymous_18)
FNDA:20,(anonymous_19)
FNDA:20,(anonymous_20)
FNDA:0,(anonymous_21)
FNDA:0,(anonymous_22)
FNDA:0,(anonymous_23)
FNDA:12,(anonymous_24)
FNDA:0,(anonymous_25)
FNDA:0,(anonymous_26)
FNDA:0,(anonymous_27)
FNDA:0,(anonymous_28)
FNDA:2,(anonymous_29)
FNDA:0,(anonymous_30)
FNDA:0,(anonymous_31)
FNDA:0,(anonymous_32)
FNDA:0,(anonymous_33)
FNDA:0,(anonymous_34)
FNDA:0,(anonymous_35)
FNDA:12,(anonymous_36)
FNDA:84,(anonymous_37)
FNDA:0,(anonymous_38)
FNDA:0,(anonymous_39)
FNDA:12,(anonymous_40)
DA:14,12
DA:23,12
DA:24,84
DA:33,0
DA:38,12
DA:39,12
DA:43,0
DA:44,0
DA:49,0
DA:53,0
DA:55,0
DA:61,0
DA:62,0
DA:63,0
DA:64,0
DA:73,0
DA:74,0
DA:76,0
DA:77,0
DA:79,0
DA:83,0
DA:88,0
DA:89,0
DA:91,0
DA:92,0
DA:94,0
DA:98,0
DA:103,0
DA:104,0
DA:105,0
DA:110,0
DA:111,0
DA:115,0
DA:119,0
DA:121,0
DA:122,0
DA:125,0
DA:129,0
DA:130,0
DA:134,0
DA:135,0
DA:137,0
DA:140,0
DA:149,0
DA:150,0
DA:153,0
DA:155,0
DA:157,0
DA:158,0
DA:161,0
DA:163,0
DA:164,0
DA:165,0
DA:166,0
DA:169,0
DA:173,0
DA:176,0
DA:177,0
DA:182,0
DA:184,0
DA:192,20
DA:193,20
DA:194,20
DA:195,0
DA:197,20
DA:199,20
DA:201,0
DA:204,20
DA:210,20
DA:211,20
DA:212,20
DA:215,20
DA:216,20
DA:218,0
DA:222,0
DA:223,0
DA:229,0
DA:230,0
DA:231,0
DA:235,0
DA:241,12
DA:243,0
DA:247,0
DA:248,0
DA:252,0
DA:253,0
DA:255,0
DA:256,0
DA:260,0
DA:261,0
DA:265,0
DA:266,0
DA:273,2
DA:275,0
DA:279,0
DA:280,0
DA:284,0
DA:285,0
DA:289,0
DA:290,0
DA:292,0
DA:293,0
DA:297,0
DA:298,0
DA:302,0
DA:303,0
DA:307,0
DA:308,0
DA:325,12
DA:327,12
DA:339,84
DA:344,0
DA:346,0
DA:347,0
DA:348,0
DA:350,0
DA:353,0
DA:354,0
DA:359,12
DA:361,12
LF:120
LH:23
BRDA:26,0,0,48
BRDA:26,0,1,36
BRDA:55,1,0,0
BRDA:55,1,1,0
BRDA:56,2,0,0
BRDA:56,2,1,0
BRDA:56,2,2,0
BRDA:61,3,0,0
BRDA:61,3,1,0
BRDA:63,4,0,0
BRDA:63,4,1,0
BRDA:74,5,0,0
BRDA:74,5,1,0
BRDA:76,6,0,0
BRDA:76,6,1,0
BRDA:89,7,0,0
BRDA:89,7,1,0
BRDA:91,8,0,0
BRDA:91,8,1,0
BRDA:103,9,0,0
BRDA:103,9,1,0
BRDA:121,10,0,0
BRDA:121,10,1,0
BRDA:129,11,0,0
BRDA:129,11,1,0
BRDA:134,12,0,0
BRDA:134,12,1,0
BRDA:137,13,0,0
BRDA:137,13,1,0
BRDA:137,14,0,0
BRDA:137,14,1,0
BRDA:149,15,0,0
BRDA:149,15,1,0
BRDA:157,16,0,0
BRDA:157,16,1,0
BRDA:158,17,0,0
BRDA:158,17,1,0
BRDA:163,18,0,0
BRDA:163,18,1,0
BRDA:165,19,0,0
BRDA:165,19,1,0
BRDA:172,20,0,0
BRDA:193,21,0,20
BRDA:193,21,1,0
BRDA:194,22,0,0
BRDA:194,22,1,20
BRDA:211,23,0,20
BRDA:211,23,1,0
BRDA:230,24,0,0
BRDA:230,24,1,0
BRDA:247,25,0,0
BRDA:247,25,1,0
BRDA:252,26,0,0
BRDA:252,26,1,0
BRDA:252,27,0,0
BRDA:252,27,1,0
BRDA:255,28,0,0
BRDA:255,28,1,0
BRDA:260,29,0,0
BRDA:260,29,1,0
BRDA:265,30,0,0
BRDA:265,30,1,0
BRDA:279,31,0,0
BRDA:279,31,1,0
BRDA:284,32,0,0
BRDA:284,32,1,0
BRDA:289,33,0,0
BRDA:289,33,1,0
BRDA:289,34,0,0
BRDA:289,34,1,0
BRDA:292,35,0,0
BRDA:292,35,1,0
BRDA:297,36,0,0
BRDA:297,36,1,0
BRDA:302,37,0,0
BRDA:302,37,1,0
BRDA:307,38,0,0
BRDA:307,38,1,0
BRDA:346,39,0,0
BRDA:346,39,1,0
BRDA:363,40,0,12
BRDA:363,40,1,12
BRF:82
BRH:7
end_of_record
TN:
SF:/Users/mohdashraf/Desktop/reactivesearch/packages/vue/src/components/basic/utils.js
FN:8,(anonymous_0)
FN:18,(anonymous_1)
FNF:2
FNH:0
FNDA:0,(anonymous_0)
FNDA:0,(anonymous_1)
DA:8,2
DA:9,0
DA:10,0
DA:13,0
DA:18,0
DA:19,0
DA:20,0
LF:7
LH:1
BRDA:9,0,0,0
BRDA:9,0,1,0
BRF:2
BRH:0
end_of_record
TN:
SF:/Users/mohdashraf/Desktop/reactivesearch/packages/vue/src/components/list/MultiDropdownList.jsx
FN:39,(anonymous_0)
FN:89,(anonymous_1)
FN:103,(anonymous_2)
FN:115,(anonymous_3)
FN:118,(anonymous_4)
FN:127,(anonymous_5)
FN:129,(anonymous_6)
FN:137,(anonymous_7)
FN:158,(anonymous_8)
FN:161,(anonymous_9)
FN:164,(anonymous_10)
FN:168,(anonymous_11)
FN:171,(anonymous_12)
FN:176,(anonymous_13)
FN:181,(anonymous_14)
FN:188,(anonymous_15)
FN:231,(anonymous_16)
FN:232,(anonymous_17)
FN:269,(anonymous_18)
FN:279,(anonymous_19)
FN:289,(anonymous_20)
FN:299,(anonymous_21)
FN:330,(anonymous_22)
FN:345,(anonymous_23)
FN:366,(anonymous_24)
FN:387,(anonymous_25)
FN:398,(anonymous_26)
FN:420,(anonymous_27)
FN:423,(anonymous_28)
FN:439,(anonymous_29)
FN:445,(anonymous_30)
FN:471,(anonymous_31)
FN:498,(anonymous_32)
FN:526,(anonymous_33)
FN:534,(anonymous_34)
FN:564,(anonymous_35)
FNF:36
FNH:17
FNDA:7,(anonymous_0)
FNDA:7,(anonymous_1)
FNDA:7,(anonymous_2)
FNDA:1,(anonymous_3)
FNDA:0,(anonymous_4)
FNDA:0,(anonymous_5)
FNDA:0,(anonymous_6)
FNDA:0,(anonymous_7)
FNDA:0,(anonymous_8)
FNDA:0,(anonymous_9)
FNDA:0,(anonymous_10)
FNDA:0,(anonymous_11)
FNDA:0,(anonymous_12)
FNDA:0,(anonymous_13)
FNDA:0,(anonymous_14)
FNDA:7,(anonymous_15)
FNDA:12,(anonymous_16)
FNDA:12,(anonymous_17)
FNDA:0,(anonymous_18)
FNDA:1,(anonymous_19)
FNDA:0,(anonymous_20)
FNDA:1,(anonymous_21)
FNDA:1,(anonymous_22)
FNDA:0,(anonymous_23)
FNDA:1,(anonymous_24)
FNDA:0,(anonymous_25)
FNDA:7,(anonymous_26)
FNDA:0,(anonymous_27)
FNDA:1,(anonymous_28)
FNDA:7,(anonymous_29)
FNDA:1,(anonymous_30)
FNDA:0,(anonymous_31)
FNDA:0,(anonymous_32)
FNDA:7,(anonymous_33)
FNDA:25,(anonymous_34)
FNDA:0,(anonymous_35)
DA:27,1
DA:36,1
DA:37,1
DA:40,7
DA:41,7
DA:48,7
DA:49,7
DA:90,7
DA:91,0
DA:95,7
DA:96,7
DA:100,7
DA:101,7
DA:104,7
DA:106,7
DA:107,0
DA:108,7
DA:109,0
DA:110,7
DA:111,1
DA:116,1
DA:117,1
DA:118,0
DA:119,0
DA:120,0
DA:123,1
DA:124,0
DA:128,0
DA:129,0
DA:130,0
DA:131,0
DA:132,0
DA:134,0
DA:135,0
DA:137,0
DA:142,0
DA:143,0
DA:144,0
DA:147,0
DA:148,0
DA:150,0
DA:159,0
DA:162,0
DA:165,0
DA:166,0
DA:169,0
DA:172,0
DA:173,0
DA:177,0
DA:178,0
DA:182,0
DA:183,0
DA:189,7
DA:190,7
DA:191,7
DA:192,7
DA:193,7
DA:194,7
DA:195,7
DA:197,7
DA:198,0
DA:201,7
DA:202,1
DA:203,1
DA:204,0
DA:205,0
DA:207,0
DA:211,6
DA:212,0
DA:219,6
DA:231,12
DA:232,12
DA:270,0
DA:271,0
DA:272,0
DA:274,0
DA:275,0
DA:280,1
DA:281,1
DA:282,1
DA:284,1
DA:285,0
DA:286,0
DA:287,0
DA:289,0
DA:290,0
DA:292,0
DA:293,0
DA:295,1
DA:296,1
DA:297,1
DA:298,1
DA:299,1
DA:300,1
DA:304,1
DA:305,0
DA:306,0
DA:311,0
DA:312,0
DA:313,0
DA:317,0
DA:320,0
DA:321,0
DA:322,0
DA:327,0
DA:330,1
DA:331,1
DA:332,1
DA:333,1
DA:334,1
DA:337,1
DA:347,0
DA:348,0
DA:349,0
DA:350,0
DA:351,0
DA:353,0
DA:355,0
DA:357,0
DA:358,0
DA:367,1
DA:368,1
DA:370,1
DA:371,0
DA:372,0
DA:373,0
DA:375,1
DA:376,1
DA:388,0
DA:389,0
DA:400,7
DA:401,0
DA:404,7
DA:408,7
DA:409,0
DA:410,0
DA:411,0
DA:416,7
DA:421,0
DA:424,1
DA:425,1
DA:434,1
DA:440,7
DA:445,1
DA:446,1
DA:447,1
DA:449,1
DA:450,0
DA:453,1
DA:454,0
DA:455,0
DA:457,0
DA:463,1
DA:465,1
DA:466,1
DA:467,0
DA:468,0
DA:471,0
DA:475,0
DA:476,0
DA:484,0
DA:490,1
DA:498,0
DA:503,0
DA:510,1
DA:513,1
DA:514,0
DA:523,1
DA:526,1
DA:527,7
DA:528,7
DA:534,25
DA:551,1
DA:559,1
DA:564,1
DA:565,0
DA:569,1
LF:177
LH:85
BRDA:90,0,0,0
BRDA:90,0,1,7
BRDA:90,1,0,7
BRDA:90,1,1,7
BRDA:96,2,0,6
BRDA:96,2,1,1
BRDA:96,3,0,7
BRDA:96,3,1,6
BRDA:106,4,0,0
BRDA:106,4,1,7
BRDA:108,5,0,0
BRDA:108,5,1,7
BRDA:110,6,0,1
BRDA:110,6,1,6
BRDA:117,7,0,0
BRDA:117,7,1,1
BRDA:119,8,0,0
BRDA:119,8,1,0
BRDA:123,9,0,0
BRDA:123,9,1,1
BRDA:124,10,0,0
BRDA:124,10,1,0
BRDA:128,11,0,0
BRDA:128,11,1,0
BRDA:132,12,0,0
BRDA:132,12,1,0
BRDA:150,13,0,0
BRDA:150,13,1,0
BRDA:172,14,0,0
BRDA:172,14,1,0
BRDA:177,15,0,0
BRDA:177,15,1,0
BRDA:182,16,0,0
BRDA:182,16,1,0
BRDA:190,17,0,7
BRDA:190,17,1,7
BRDA:191,18,0,7
BRDA:191,18,1,7
BRDA:192,19,0,7
BRDA:192,19,1,7
BRDA:194,20,0,7
BRDA:194,20,1,7
BRDA:197,21,0,0
BRDA:197,21,1,7
BRDA:197,22,0,7
BRDA:197,22,1,0
BRDA:198,23,0,0
BRDA:198,23,1,0
BRDA:201,24,0,1
BRDA:201,24,1,6
BRDA:201,25,0,7
BRDA:201,25,1,6
BRDA:201,25,2,1
BRDA:202,26,0,1
BRDA:202,26,1,0
BRDA:202,27,0,1
BRDA:202,27,1,1
BRDA:204,28,0,0
BRDA:204,28,1,0
BRDA:204,29,0,0
BRDA:204,29,1,0
BRDA:211,30,0,0
BRDA:211,30,1,6
BRDA:221,31,0,6
BRDA:221,31,1,0
BRDA:222,32,0,0
BRDA:222,32,1,0
BRDA:247,33,0,6
BRDA:247,33,1,6
BRDA:253,34,0,6
BRDA:253,34,1,0
BRDA:253,34,2,0
BRDA:271,35,0,0
BRDA:271,35,1,0
BRDA:279,36,0,0
BRDA:279,37,0,1
BRDA:284,38,0,0
BRDA:284,38,1,1
BRDA:284,39,0,1
BRDA:284,39,1,0
BRDA:285,40,0,0
BRDA:285,40,1,0
BRDA:295,41,0,1
BRDA:295,41,1,0
BRDA:298,42,0,1
BRDA:298,42,1,0
BRDA:304,43,0,0
BRDA:304,43,1,1
BRDA:304,44,0,1
BRDA:304,44,1,0
BRDA:311,45,0,0
BRDA:311,45,1,0
BRDA:320,46,0,0
BRDA:320,46,1,0
BRDA:320,47,0,0
BRDA:320,47,1,0
BRDA:348,48,0,0
BRDA:348,48,1,0
BRDA:349,49,0,0
BRDA:349,49,1,0
BRDA:350,50,0,0
BRDA:350,50,1,0
BRDA:370,51,0,0
BRDA:370,51,1,1
BRDA:371,52,0,0
BRDA:371,52,1,0
BRDA:389,53,0,0
BRDA:389,53,1,0
BRDA:398,54,0,7
BRDA:400,55,0,0
BRDA:400,55,1,7
BRDA:400,56,0,7
BRDA:400,56,1,0
BRDA:406,57,0,0
BRDA:406,57,1,7
BRDA:408,58,0,0
BRDA:408,58,1,7
BRDA:423,59,0,0
BRDA:429,60,0,1
BRDA:429,60,1,0
BRDA:447,61,0,1
BRDA:447,61,1,0
BRDA:449,62,0,0
BRDA:449,62,1,1
BRDA:449,63,0,1
BRDA:449,63,1,1
BRDA:453,64,0,0
BRDA:453,64,1,1
BRDA:453,65,0,1
BRDA:453,65,1,0
BRDA:454,66,0,0
BRDA:454,66,1,0
BRDA:463,67,0,1
BRDA:463,67,1,0
BRDA:465,68,0,1
BRDA:465,68,1,0
BRDA:466,69,0,0
BRDA:466,69,1,1
BRDA:475,70,0,0
BRDA:475,70,1,0
BRDA:510,71,0,1
BRDA:510,71,1,0
BRDA:513,72,0,0
BRDA:513,72,1,1
BRDA:513,73,0,1
BRDA:513,73,1,1
BRDA:528,74,0,0
BRDA:528,74,1,7
BRDA:536,75,0,0
BRDA:536,75,1,25
BRDA:536,76,0,25
BRDA:536,76,1,0
BRDA:542,77,0,25
BRDA:542,77,1,3
BRDA:542,77,2,22
BRF:155
BRH:69
end_of_record
TN:
SF:/Users/mohdashraf/Desktop/reactivesearch/packages/vue/src/components/list/MultiList.jsx
FN:62,(anonymous_0)
FN:72,(anonymous_1)
FN:87,(anonymous_2)
FN:92,(anonymous_3)
FN:99,(anonymous_4)
FN:106,(anonymous_5)
FN:109,(anonymous_6)
FN:112,(anonymous_7)
FN:116,(anonymous_8)
FN:121,(anonymous_9)
FN:126,(anonymous_10)
FN:129,(anonymous_11)
FN:144,(anonymous_12)
FN:149,(anonymous_13)
FN:155,(anonymous_14)
FN:179,(anonymous_15)
FN:234,(anonymous_16)
FN:291,(anonymous_17)
FN:304,(anonymous_18)
FN:315,(anonymous_19)
FN:333,(anonymous_20)
FN:350,(anonymous_21)
FN:364,(anonymous_22)
FN:385,(anonymous_23)
FN:407,(anonymous_24)
FN:412,(anonymous_25)
FN:426,(anonymous_26)
FN:431,(anonymous_27)
FN:450,(anonymous_28)
FN:463,(anonymous_29)
FN:481,(anonymous_30)
FN:492,(anonymous_31)
FN:497,(anonymous_32)
FN:523,(anonymous_33)
FN:550,(anonymous_34)
FN:578,(anonymous_35)
FN:582,(anonymous_36)
FN:611,(anonymous_37)
FNF:38
FNH:20
FNDA:7,(anonymous_0)
FNDA:7,(anonymous_1)
FNDA:7,(anonymous_2)
FNDA:7,(anonymous_3)
FNDA:0,(anonymous_4)
FNDA:0,(anonymous_5)
FNDA:0,(anonymous_6)
FNDA:0,(anonymous_7)
FNDA:0,(anonymous_8)
FNDA:0,(anonymous_9)
FNDA:1,(anonymous_10)
FNDA:0,(anonymous_11)
FNDA:0,(anonymous_12)
FNDA:0,(anonymous_13)
FNDA:7,(anonymous_14)
FNDA:12,(anonymous_15)
FNDA:10,(anonymous_16)
FNDA:7,(anonymous_17)
FNDA:0,(anonymous_18)
FNDA:1,(anonymous_19)
FNDA:0,(anonymous_20)
FNDA:7,(anonymous_21)
FNDA:0,(anonymous_22)
FNDA:7,(anonymous_23)
FNDA:0,(anonymous_24)
FNDA:7,(anonymous_25)
FNDA:0,(anonymous_26)
FNDA:7,(anonymous_27)
FNDA:0,(anonymous_28)
FNDA:1,(anonymous_29)
FNDA:2,(anonymous_30)
FNDA:7,(anonymous_31)
FNDA:7,(anonymous_32)
FNDA:0,(anonymous_33)
FNDA:0,(anonymous_34)
FNDA:7,(anonymous_35)
FNDA:49,(anonymous_36)
FNDA:0,(anonymous_37)
DA:24,1
DA:25,1
DA:27,1
DA:63,7
DA:64,7
DA:69,7
DA:70,7
DA:73,7
DA:74,0
DA:78,7
DA:79,7
DA:84,7
DA:85,7
DA:88,7
DA:89,7
DA:90,7
DA:93,7
DA:94,7
DA:95,0
DA:100,0
DA:101,0
DA:107,0
DA:110,0
DA:113,0
DA:114,0
DA:117,0
DA:118,0
DA:122,0
DA:123,0
DA:127,1
DA:128,1
DA:129,0
DA:131,0
DA:132,0
DA:136,1
DA:137,0
DA:138,0
DA:140,0
DA:145,0
DA:146,0
DA:150,0
DA:151,0
DA:156,7
DA:158,7
DA:159,7
DA:161,7
DA:162,0
DA:165,7
DA:166,1
DA:167,1
DA:169,0
DA:173,7
DA:175,7
DA:176,0
DA:179,7
DA:180,12
DA:181,12
DA:182,0
DA:186,12
DA:188,0
DA:191,7
DA:235,10
DA:292,7
DA:293,7
DA:294,7
DA:295,7
DA:300,0
DA:301,0
DA:302,0
DA:304,0
DA:305,0
DA:307,0
DA:308,0
DA:310,7
DA:311,7
DA:312,7
DA:314,7
DA:315,1
DA:316,1
DA:320,7
DA:321,0
DA:322,0
DA:327,0
DA:328,0
DA:329,0
DA:332,0
DA:333,0
DA:334,0
DA:337,0
DA:340,0
DA:341,0
DA:342,0
DA:347,0
DA:350,7
DA:351,7
DA:352,7
DA:353,7
DA:354,7
DA:356,7
DA:366,0
DA:367,0
DA:368,0
DA:369,0
DA:370,0
DA:372,0
DA:374,0
DA:376,0
DA:377,0
DA:386,7
DA:387,7
DA:389,7
DA:390,0
DA:391,0
DA:392,0
DA:394,7
DA:396,7
DA:408,0
DA:409,0
DA:413,7
DA:414,7
DA:415,0
DA:416,0
DA:417,0
DA:422,7
DA:427,0
DA:428,0
DA:432,7
DA:433,6
DA:447,1
DA:451,0
DA:452,0
DA:453,0
DA:455,0
DA:456,0
DA:457,0
DA:459,0
DA:460,0
DA:464,1
DA:465,1
DA:466,1
DA:467,1
DA:468,0
DA:470,1
DA:478,1
DA:483,2
DA:484,2
DA:493,7
DA:497,1
DA:498,7
DA:499,7
DA:501,7
DA:502,6
DA:505,1
DA:506,0
DA:507,0
DA:509,0
DA:515,1
DA:517,1
DA:518,1
DA:519,0
DA:520,0
DA:523,0
DA:527,0
DA:528,0
DA:536,0
DA:542,1
DA:550,0
DA:555,0
DA:562,1
DA:565,1
DA:566,0
DA:576,1
DA:578,1
DA:579,7
DA:580,7
DA:582,49
DA:599,1
DA:606,1
DA:611,1
DA:612,0
DA:616,1
LF:181
LH:93
BRDA:73,0,0,0
BRDA:73,0,1,7
BRDA:73,1,0,7
BRDA:73,1,1,7
BRDA:80,2,0,6
BRDA:80,2,1,1
BRDA:80,3,0,7
BRDA:80,3,1,6
BRDA:89,4,0,7
BRDA:89,4,1,7
BRDA:89,4,2,7
BRDA:94,5,0,0
BRDA:94,5,1,7
BRDA:94,6,0,7
BRDA:94,6,1,0
BRDA:100,7,0,0
BRDA:100,7,1,0
BRDA:101,8,0,0
BRDA:101,8,1,0
BRDA:117,9,0,0
BRDA:117,9,1,0
BRDA:122,10,0,0
BRDA:122,10,1,0
BRDA:128,11,0,0
BRDA:128,11,1,1
BRDA:131,12,0,0
BRDA:131,12,1,0
BRDA:136,13,0,0
BRDA:136,13,1,1
BRDA:137,14,0,0
BRDA:137,14,1,0
BRDA:145,15,0,0
BRDA:145,15,1,0
BRDA:150,16,0,0
BRDA:150,16,1,0
BRDA:158,17,0,7
BRDA:158,17,1,7
BRDA:159,18,0,7
BRDA:159,18,1,7
BRDA:161,19,0,0
BRDA:161,19,1,7
BRDA:161,20,0,7
BRDA:161,20,1,0
BRDA:162,21,0,0
BRDA:162,21,1,0
BRDA:165,22,0,1
BRDA:165,22,1,6
BRDA:165,23,0,7
BRDA:165,23,1,6
BRDA:165,23,2,1
BRDA:166,24,0,1
BRDA:166,24,1,0
BRDA:175,25,0,0
BRDA:175,25,1,7
BRDA:180,26,0,12
BRDA:180,26,1,0
BRDA:181,27,0,0
BRDA:181,27,1,12
BRDA:181,28,0,12
BRDA:181,28,1,10
BRDA:193,29,0,7
BRDA:193,29,1,0
BRDA:199,30,0,1
BRDA:199,30,1,6
BRDA:203,31,0,0
BRDA:203,31,1,6
BRDA:206,32,0,0
BRDA:206,32,1,0
BRDA:230,33,0,1
BRDA:230,33,1,5
BRDA:230,34,0,6
BRDA:230,34,1,6
BRDA:230,34,2,1
BRDA:238,35,0,1
BRDA:238,35,1,9
BRDA:259,36,0,2
BRDA:259,36,1,8
BRDA:268,37,0,8
BRDA:268,37,1,6
BRDA:291,38,0,0
BRDA:291,39,0,7
BRDA:295,40,0,0
BRDA:295,40,1,7
BRDA:296,41,0,7
BRDA:296,41,1,0
BRDA:296,41,2,0
BRDA:296,41,3,0
BRDA:296,41,4,0
BRDA:300,42,0,0
BRDA:300,42,1,0
BRDA:310,43,0,7
BRDA:310,43,1,0
BRDA:314,44,0,1
BRDA:314,44,1,6
BRDA:314,45,0,7
BRDA:314,45,1,1
BRDA:320,46,0,0
BRDA:320,46,1,7
BRDA:320,47,0,7
BRDA:320,47,1,0
BRDA:327,48,0,0
BRDA:327,48,1,0
BRDA:332,49,0,0
BRDA:332,49,1,0
BRDA:340,50,0,0
BRDA:340,50,1,0
BRDA:340,51,0,0
BRDA:340,51,1,0
BRDA:367,52,0,0
BRDA:367,52,1,0
BRDA:368,53,0,0
BRDA:368,53,1,0
BRDA:369,54,0,0
BRDA:369,54,1,0
BRDA:389,55,0,0
BRDA:389,55,1,7
BRDA:390,56,0,0
BRDA:390,56,1,0
BRDA:414,57,0,0
BRDA:414,57,1,7
BRDA:432,58,0,6
BRDA:432,58,1,1
BRDA:435,59,0,6
BRDA:435,59,1,6
BRDA:452,60,0,0
BRDA:452,60,1,0
BRDA:456,61,0,0
BRDA:456,61,1,0
BRDA:459,62,0,0
BRDA:459,62,1,0
BRDA:467,63,0,0
BRDA:467,63,1,1
BRDA:483,64,0,2
BRDA:483,64,1,2
BRDA:485,65,0,2
BRDA:485,65,1,2
BRDA:486,66,0,2
BRDA:486,66,1,0
BRDA:499,67,0,7
BRDA:499,67,1,0
BRDA:501,68,0,6
BRDA:501,68,1,1
BRDA:501,69,0,7
BRDA:501,69,1,1
BRDA:505,70,0,0
BRDA:505,70,1,1
BRDA:505,71,0,1
BRDA:505,71,1,0
BRDA:506,72,0,0
BRDA:506,72,1,0
BRDA:515,73,0,1
BRDA:515,73,1,0
BRDA:517,74,0,1
BRDA:517,74,1,0
BRDA:518,75,0,0
BRDA:518,75,1,1
BRDA:527,76,0,0
BRDA:527,76,1,0
BRDA:562,77,0,1
BRDA:562,77,1,0
BRDA:565,78,0,0
BRDA:565,78,1,1
BRDA:565,79,0,1
BRDA:565,79,1,1
BRDA:584,80,0,0
BRDA:584,80,1,49
BRDA:584,81,0,49
BRDA:584,81,1,0
BRDA:590,82,0,49
BRDA:590,82,1,21
BRDA:590,82,2,46
BRF:171
BRH:87
end_of_record
TN:
SF:/Users/mohdashraf/Desktop/reactivesearch/packages/vue/src/components/list/SingleDropdownList.jsx
FN:38,(anonymous_0)
FN:87,(anonymous_1)
FN:101,(anonymous_2)
FN:113,(anonymous_3)
FN:115,(anonymous_4)
FN:123,(anonymous_5)
FN:144,(anonymous_6)
FN:147,(anonymous_7)
FN:150,(anonymous_8)
FN:154,(anonymous_9)
FN:157,(anonymous_10)
FN:162,(anonymous_11)
FN:167,(anonymous_12)
FN:172,(anonymous_13)
FN:179,(anonymous_14)
FN:222,(anonymous_15)
FN:223,(anonymous_16)
FN:258,(anonymous_17)
FN:259,(anonymous_18)
FN:269,(anonymous_19)
FN:278,(anonymous_20)
FN:299,(anonymous_21)
FN:320,(anonymous_22)
FN:329,(anonymous_23)
FN:351,(anonymous_24)
FN:354,(anonymous_25)
FN:369,(anonymous_26)
FN:374,(anonymous_27)
FN:415,(anonymous_28)
FN:424,(anonymous_29)
FN:454,(anonymous_30)
FNF:31
FNH:16
FNDA:7,(anonymous_0)
FNDA:7,(anonymous_1)
FNDA:7,(anonymous_2)
FNDA:0,(anonymous_3)
FNDA:0,(anonymous_4)
FNDA:0,(anonymous_5)
FNDA:0,(anonymous_6)
FNDA:0,(anonymous_7)
FNDA:0,(anonymous_8)
FNDA:0,(anonymous_9)
FNDA:0,(anonymous_10)
FNDA:1,(anonymous_11)
FNDA:0,(anonymous_12)
FNDA:0,(anonymous_13)
FNDA:7,(anonymous_14)
FNDA:12,(anonymous_15)
FNDA:12,(anonymous_16)
FNDA:1,(anonymous_17)
FNDA:1,(anonymous_18)
FNDA:0,(anonymous_19)
FNDA:0,(anonymous_20)
FNDA:1,(anonymous_21)
FNDA:0,(anonymous_22)
FNDA:7,(anonymous_23)
FNDA:0,(anonymous_24)
FNDA:1,(anonymous_25)
FNDA:7,(anonymous_26)
FNDA:1,(anonymous_27)
FNDA:7,(anonymous_28)
FNDA:25,(anonymous_29)
FNDA:0,(anonymous_30)
DA:26,1
DA:35,1
DA:36,1
DA:39,7
DA:40,7
DA:47,7
DA:48,7
DA:88,7
DA:89,0
DA:93,7
DA:94,7
DA:98,7
DA:99,7
DA:102,7
DA:104,7
DA:105,0
DA:106,7
DA:107,0
DA:108,7
DA:109,1
DA:114,0
DA:115,0
DA:116,0
DA:117,0
DA:118,0
DA:120,0
DA:121,0
DA:123,0
DA:128,0
DA:129,0
DA:130,0
DA:133,0
DA:134,0
DA:136,0
DA:145,0
DA:148,0
DA:151,0
DA:152,0
DA:155,0
DA:158,0
DA:159,0
DA:163,1
DA:164,0
DA:168,0
DA:169,0
DA:173,0
DA:174,0
DA:180,7
DA:181,7
DA:182,7
DA:183,7
DA:184,7
DA:185,7
DA:186,7
DA:188,7
DA:189,0
DA:192,7
DA:193,1
DA:194,1
DA:195,0
DA:196,0
DA:198,0
DA:202,6
DA:203,0
DA:210,6
DA:222,12
DA:223,12
DA:259,1
DA:260,1
DA:261,1
DA:262,1
DA:263,1
DA:266,1
DA:270,0
DA:271,0
DA:272,0
DA:274,0
DA:280,0
DA:281,0
DA:282,0
DA:283,0
DA:284,0
DA:286,0
DA:288,0
DA:290,0
DA:291,0
DA:300,1
DA:301,1
DA:303,1
DA:304,0
DA:305,0
DA:306,0
DA:308,1
DA:309,1
DA:321,0
DA:322,0
DA:331,7
DA:332,0
DA:335,7
DA:339,7
DA:340,0
DA:341,0
DA:342,0
DA:347,7
DA:352,0
DA:355,1
DA:356,1
DA:365,1
DA:370,7
DA:374,1
DA:375,1
DA:376,1
DA:377,0
DA:378,0
DA:380,0
DA:385,1
DA:386,1
DA:387,0
DA:395,1
DA:402,1
DA:403,0
DA:413,1
DA:415,1
DA:416,7
DA:417,7
DA:424,25
DA:441,1
DA:449,1
DA:454,1
DA:455,0
DA:459,1
LF:131
LH:68
BRDA:88,0,0,0
BRDA:88,0,1,7
BRDA:88,1,0,7
BRDA:88,1,1,7
BRDA:94,2,0,6
BRDA:94,2,1,1
BRDA:94,3,0,7
BRDA:94,3,1,6
BRDA:104,4,0,0
BRDA:104,4,1,7
BRDA:106,5,0,0
BRDA:106,5,1,7
BRDA:108,6,0,1
BRDA:108,6,1,6
BRDA:114,7,0,0
BRDA:114,7,1,0
BRDA:118,8,0,0
BRDA:118,8,1,0
BRDA:136,9,0,0
BRDA:136,9,1,0
BRDA:158,10,0,0
BRDA:158,10,1,0
BRDA:163,11,0,0
BRDA:163,11,1,1
BRDA:164,12,0,0
BRDA:164,12,1,0
BRDA:168,13,0,0
BRDA:168,13,1,0
BRDA:173,14,0,0
BRDA:173,14,1,0
BRDA:183,15,0,7
BRDA:183,15,1,7
BRDA:184,16,0,7
BRDA:184,16,1,7
BRDA:185,17,0,7
BRDA:185,17,1,7
BRDA:186,18,0,7
BRDA:186,18,1,7
BRDA:188,19,0,0
BRDA:188,19,1,7
BRDA:188,20,0,7
BRDA:188,20,1,0
BRDA:189,21,0,0
BRDA:189,21,1,0
BRDA:192,22,0,1
BRDA:192,22,1,6
BRDA:192,23,0,7
BRDA:192,23,1,6
BRDA:192,23,2,1
BRDA:193,24,0,1
BRDA:193,24,1,0
BRDA:193,25,0,1
BRDA:193,25,1,1
BRDA:195,26,0,0
BRDA:195,26,1,0
BRDA:195,27,0,0
BRDA:195,27,1,0
BRDA:202,28,0,0
BRDA:202,28,1,6
BRDA:212,29,0,6
BRDA:212,29,1,0
BRDA:213,30,0,0
BRDA:213,30,1,0
BRDA:236,31,0,6
BRDA:236,31,1,6
BRDA:243,32,0,6
BRDA:243,32,1,0
BRDA:243,32,2,0
BRDA:258,33,0,1
BRDA:271,34,0,0
BRDA:271,34,1,0
BRDA:281,35,0,0
BRDA:281,35,1,0
BRDA:282,36,0,0
BRDA:282,36,1,0
BRDA:283,37,0,0
BRDA:283,37,1,0
BRDA:303,38,0,0
BRDA:303,38,1,1
BRDA:304,39,0,0
BRDA:304,39,1,0
BRDA:322,40,0,0
BRDA:322,40,1,0
BRDA:329,41,0,7
BRDA:331,42,0,0
BRDA:331,42,1,7
BRDA:331,43,0,7
BRDA:331,43,1,0
BRDA:337,44,0,0
BRDA:337,44,1,7
BRDA:339,45,0,0
BRDA:339,45,1,7
BRDA:354,46,0,0
BRDA:360,47,0,1
BRDA:360,47,1,0
BRDA:376,48,0,0
BRDA:376,48,1,1
BRDA:376,49,0,1
BRDA:376,49,1,0
BRDA:377,50,0,0
BRDA:377,50,1,0
BRDA:385,51,0,1
BRDA:385,51,1,0
BRDA:386,52,0,0
BRDA:386,52,1,1
BRDA:386,53,0,1
BRDA:386,53,1,0
BRDA:402,54,0,0
BRDA:402,54,1,1
BRDA:402,55,0,1
BRDA:402,55,1,1
BRDA:417,56,0,0
BRDA:417,56,1,7
BRDA:426,57,0,0
BRDA:426,57,1,25
BRDA:426,58,0,25
BRDA:426,58,1,0
BRDA:432,59,0,25
BRDA:432,59,1,3
BRDA:432,59,2,22
BRF:120
BRH:57
end_of_record
TN:
SF:/Users/mohdashraf/Desktop/reactivesearch/packages/vue/src/components/list/SingleList.jsx
FN:60,(anonymous_0)
FN:70,(anonymous_1)
FN:84,(anonymous_2)
FN:96,(anonymous_3)
FN:103,(anonymous_4)
FN:106,(anonymous_5)
FN:109,(anonymous_6)
FN:113,(anonymous_7)
FN:116,(anonymous_8)
FN:121,(anonymous_9)
FN:126,(anonymous_10)
FN:131,(anonymous_11)
FN:137,(anonymous_12)
FN:164,(anonymous_13)
FN:221,(anonymous_14)
FN:285,(anonymous_15)
FN:291,(anonymous_16)
FN:301,(anonymous_17)
FN:322,(anonymous_18)
FN:343,(anonymous_19)
FN:348,(anonymous_20)
FN:362,(anonymous_21)
FN:367,(anonymous_22)
FN:386,(anonymous_23)
FN:404,(anonymous_24)
FN:421,(anonymous_25)
FN:432,(anonymous_26)
FN:438,(anonymous_27)
FN:442,(anonymous_28)
FN:484,(anonymous_29)
FN:513,(anonymous_30)
FNF:31
FNH:18
FNDA:7,(anonymous_0)
FNDA:7,(anonymous_1)
FNDA:7,(anonymous_2)
FNDA:0,(anonymous_3)
FNDA:0,(anonymous_4)
FNDA:0,(anonymous_5)
FNDA:0,(anonymous_6)
FNDA:0,(anonymous_7)
FNDA:0,(anonymous_8)
FNDA:1,(anonymous_9)
FNDA:0,(anonymous_10)
FNDA:0,(anonymous_11)
FNDA:7,(anonymous_12)
FNDA:12,(anonymous_13)
FNDA:10,(anonymous_14)
FNDA:1,(anonymous_15)
FNDA:1,(anonymous_16)
FNDA:0,(anonymous_17)
FNDA:1,(anonymous_18)
FNDA:0,(anonymous_19)
FNDA:7,(anonymous_20)
FNDA:0,(anonymous_21)
FNDA:7,(anonymous_22)
FNDA:1,(anonymous_23)
FNDA:0,(anonymous_24)
FNDA:2,(anonymous_25)
FNDA:7,(anonymous_26)
FNDA:7,(anonymous_27)
FNDA:1,(anonymous_28)
FNDA:25,(anonymous_29)
FNDA:0,(anonymous_30)
DA:23,1
DA:24,1
DA:26,1
DA:61,7
DA:62,7
DA:67,7
DA:68,7
DA:71,7
DA:72,0
DA:76,7
DA:77,7
DA:81,7
DA:82,7
DA:85,7
DA:87,7
DA:88,0
DA:89,7
DA:90,0
DA:91,7
DA:92,1
DA:97,0
DA:98,0
DA:104,0
DA:107,0
DA:110,0
DA:111,0
DA:114,0
DA:117,0
DA:118,0
DA:122,1
DA:123,0
DA:127,0
DA:128,0
DA:132,0
DA:133,0
DA:142,7
DA:143,7
DA:144,7
DA:146,7
DA:147,0
DA:150,7
DA:151,1
DA:152,1
DA:154,0
DA:158,7
DA:160,7
DA:161,0
DA:164,7
DA:165,12
DA:166,12
DA:167,0
DA:171,12
DA:173,0
DA:176,7
DA:222,10
DA:286,1
DA:288,1
DA:289,0
DA:291,1
DA:292,1
DA:293,1
DA:294,1
DA:295,1
DA:298,1
DA:303,0
DA:304,0
DA:305,0
DA:306,0
DA:307,0
DA:309,0
DA:311,0
DA:313,0
DA:314,0
DA:323,1
DA:324,1
DA:326,1
DA:327,0
DA:328,0
DA:329,0
DA:331,1
DA:332,1
DA:344,0
DA:345,0
DA:349,7
DA:350,7
DA:351,0
DA:352,0
DA:353,0
DA:358,7
DA:363,0
DA:364,0
DA:368,7
DA:369,6
DA:383,1
DA:387,1
DA:388,1
DA:389,1
DA:390,1
DA:391,0
DA:393,1
DA:401,1
DA:405,0
DA:406,0
DA:407,0
DA:409,0
DA:410,0
DA:412,0
DA:413,0
DA:414,0
DA:416,0
DA:418,0
DA:423,2
DA:424,2
DA:433,7
DA:438,1
DA:439,7
DA:440,7
DA:442,1
DA:443,1
DA:444,1
DA:445,0
DA:446,0
DA:448,0
DA:454,1
DA:455,1
DA:460,1
DA:461,0
DA:471,1
DA:472,0
DA:482,1
DA:484,25
DA:501,1
DA:508,1
DA:513,1
DA:514,0
DA:518,1
LF:136
LH:77
BRDA:71,0,0,0
BRDA:71,0,1,7
BRDA:71,1,0,7
BRDA:71,1,1,7
BRDA:77,2,0,6
BRDA:77,2,1,1
BRDA:77,3,0,7
BRDA:77,3,1,6
BRDA:87,4,0,0
BRDA:87,4,1,7
BRDA:89,5,0,0
BRDA:89,5,1,7
BRDA:91,6,0,1
BRDA:91,6,1,6
BRDA:97,7,0,0
BRDA:97,7,1,0
BRDA:98,8,0,0
BRDA:98,8,1,0
BRDA:117,9,0,0
BRDA:117,9,1,0
BRDA:122,10,0,0
BRDA:122,10,1,1
BRDA:123,11,0,0
BRDA:123,11,1,0
BRDA:127,12,0,0
BRDA:127,12,1,0
BRDA:132,13,0,0
BRDA:132,13,1,0
BRDA:143,14,0,7
BRDA:143,14,1,7
BRDA:144,15,0,7
BRDA:144,15,1,7
BRDA:146,16,0,0
BRDA:146,16,1,7
BRDA:146,17,0,7
BRDA:146,17,1,0
BRDA:147,18,0,0
BRDA:147,18,1,0
BRDA:150,19,0,1
BRDA:150,19,1,6
BRDA:150,20,0,7
BRDA:150,20,1,6
BRDA:150,20,2,1
BRDA:151,21,0,1
BRDA:151,21,1,0
BRDA:160,22,0,0
BRDA:160,22,1,7
BRDA:165,23,0,12
BRDA:165,23,1,0
BRDA:166,24,0,0
BRDA:166,24,1,12
BRDA:166,25,0,12
BRDA:166,25,1,10
BRDA:178,26,0,7
BRDA:178,26,1,0
BRDA:179,27,0,0
BRDA:179,27,1,0
BRDA:184,28,0,1
BRDA:184,28,1,6
BRDA:187,29,0,6
BRDA:187,29,1,6
BRDA:188,30,0,0
BRDA:188,30,1,6
BRDA:192,31,0,0
BRDA:192,31,1,0
BRDA:210,32,0,0
BRDA:210,32,1,0
BRDA:217,33,0,1
BRDA:217,33,1,5
BRDA:217,34,0,6
BRDA:217,34,1,6
BRDA:217,34,2,1
BRDA:225,35,0,1
BRDA:225,35,1,9
BRDA:245,36,0,10
BRDA:245,36,1,10
BRDA:250,37,0,2
BRDA:250,37,1,8
BRDA:260,38,0,8
BRDA:260,38,1,6
BRDA:263,39,0,6
BRDA:263,39,1,6
BRDA:285,40,0,1
BRDA:288,41,0,0
BRDA:288,41,1,1
BRDA:304,42,0,0
BRDA:304,42,1,0
BRDA:305,43,0,0
BRDA:305,43,1,0
BRDA:306,44,0,0
BRDA:306,44,1,0
BRDA:326,45,0,0
BRDA:326,45,1,1
BRDA:327,46,0,0
BRDA:327,46,1,0
BRDA:350,47,0,0
BRDA:350,47,1,7
BRDA:368,48,0,6
BRDA:368,48,1,1
BRDA:371,49,0,6
BRDA:371,49,1,6
BRDA:390,50,0,0
BRDA:390,50,1,1
BRDA:406,51,0,0
BRDA:406,51,1,0
BRDA:409,52,0,0
BRDA:409,52,1,0
BRDA:409,53,0,0
BRDA:409,53,1,0
BRDA:413,54,0,0
BRDA:413,54,1,0
BRDA:423,55,0,2
BRDA:423,55,1,2
BRDA:425,56,0,2
BRDA:425,56,1,2
BRDA:426,57,0,2
BRDA:426,57,1,0
BRDA:444,58,0,0
BRDA:444,58,1,1
BRDA:444,59,0,1
BRDA:444,59,1,0
BRDA:445,60,0,0
BRDA:445,60,1,0
BRDA:454,61,0,1
BRDA:454,61,1,0
BRDA:460,62,0,0
BRDA:460,62,1,1
BRDA:460,63,0,1
BRDA:460,63,1,0
BRDA:471,64,0,0
BRDA:471,64,1,1
BRDA:471,65,0,1
BRDA:471,65,1,1
BRDA:486,66,0,0
BRDA:486,66,1,25
BRDA:486,67,0,25
BRDA:486,67,1,0
BRDA:492,68,0,25
BRDA:492,68,1,3
BRDA:492,68,2,22
BRF:140
BRH:77
end_of_record
TN:
SF:/Users/mohdashraf/Desktop/reactivesearch/packages/vue/src/components/list/utils.js
FN:5,(anonymous_0)
FN:21,(anonymous_1)
FNF:2
FNH:2
FNDA:28,(anonymous_0)
FNDA:28,(anonymous_1)
DA:3,4
DA:5,4
DA:6,28
DA:7,28
DA:8,0
DA:9,0
DA:10,0
DA:11,0
DA:13,0
DA:14,0
DA:18,28
DA:21,4
DA:22,28
DA:23,28
DA:24,28
DA:25,28
DA:36,28
DA:37,0
DA:46,28
LF:19
LH:12
BRDA:7,0,0,0
BRDA:7,0,1,28
BRDA:9,1,0,0
BRDA:9,1,1,0
BRDA:10,2,0,0
BRDA:10,2,1,0
BRDA:13,3,0,0
BRDA:13,3,1,0
BRDA:30,4,0,28
BRDA:30,4,1,0
BRDA:31,5,0,0
BRDA:31,5,1,28
BRDA:36,6,0,0
BRDA:36,6,1,28
BRF:14
BRH:4
end_of_record
TN:
SF:/Users/mohdashraf/Desktop/reactivesearch/packages/vue/src/components/range/DynamicRangeSlider.jsx
FN:58,(anonymous_0)
FN:67,(anonymous_1)
FN:68,(anonymous_2)
FN:88,(anonymous_3)
FN:93,(anonymous_4)
FN:125,(anonymous_5)
FN:131,(anonymous_6)
FN:139,(anonymous_7)
FN:145,(anonymous_8)
FN:159,(anonymous_9)
FN:169,(anonymous_10)
FN:176,(anonymous_11)
FN:195,(anonymous_12)
FN:208,(anonymous_13)
FN:215,(anonymous_14)
FN:233,(anonymous_15)
FN:264,(anonymous_16)
FN:273,(anonymous_17)
FN:282,(anonymous_18)
FN:284,(anonymous_19)
FN:298,(anonymous_20)
FN:302,(anonymous_21)
FN:313,(anonymous_22)
FN:324,(anonymous_23)
FN:329,(anonymous_24)
FN:336,(anonymous_25)
FN:348,(anonymous_26)
FN:393,(anonymous_27)
FN:422,(anonymous_28)
FN:429,(anonymous_29)
FN:487,(anonymous_30)
FNF:31
FNH:18
FNDA:5,(anonymous_0)
FNDA:5,(anonymous_1)
FNDA:0,(anonymous_2)
FNDA:5,(anonymous_3)
FNDA:5,(anonymous_4)
FNDA:5,(anonymous_5)
FNDA:0,(anonymous_6)
FNDA:3,(anonymous_7)
FNDA:5,(anonymous_8)
FNDA:0,(anonymous_9)
FNDA:0,(anonymous_10)
FNDA:0,(anonymous_11)
FNDA:0,(anonymous_12)
FNDA:7,(anonymous_13)
FNDA:7,(anonymous_14)
FNDA:7,(anonymous_15)
FNDA:10,(anonymous_16)
FNDA:8,(anonymous_17)
FNDA:0,(anonymous_18)
FNDA:0,(anonymous_19)
FNDA:0,(anonymous_20)
FNDA:7,(anonymous_21)
FNDA:10,(anonymous_22)
FNDA:0,(anonymous_23)
FNDA:0,(anonymous_24)
FNDA:10,(anonymous_25)
FNDA:10,(anonymous_26)
FNDA:7,(anonymous_27)
FNDA:0,(anonymous_28)
FNDA:53,(anonymous_29)
FNDA:0,(anonymous_30)
DA:23,1
DA:26,1
DA:28,1
DA:59,5
DA:61,5
DA:68,5
DA:69,0
DA:70,0
DA:72,5
DA:74,5
DA:75,5
DA:80,5
DA:81,0
DA:86,5
DA:89,5
DA:90,0
DA:94,5
DA:95,5
DA:96,5
DA:98,5
DA:99,5
DA:100,5
DA:101,5
DA:102,5
DA:103,0
DA:104,5
DA:105,0
DA:106,5
DA:107,0
DA:109,5
DA:110,5
DA:114,5
DA:120,0
DA:126,5
DA:127,0
DA:132,0
DA:133,0
DA:134,0
DA:140,3
DA:141,0
DA:143,3
DA:146,5
DA:147,2
DA:151,2
DA:152,3
DA:153,0
DA:155,3
DA:160,0
DA:161,0
DA:162,0
DA:164,0
DA:165,0
DA:170,0
DA:177,0
DA:179,0
DA:180,0
DA:189,0
DA:192,0
DA:196,0
DA:197,0
DA:198,0
DA:199,0
DA:201,0
DA:210,7
DA:215,7
DA:216,7
DA:217,7
DA:218,7
DA:219,7
DA:222,7
DA:234,7
DA:237,7
DA:238,0
DA:239,0
DA:242,0
DA:245,7
DA:246,7
DA:248,7
DA:249,7
DA:251,7
DA:265,10
DA:266,10
DA:268,0
DA:274,8
DA:275,6
DA:283,0
DA:284,0
DA:285,0
DA:290,0
DA:299,0
DA:303,7
DA:305,0
DA:309,0
DA:310,0
DA:314,10
DA:316,5
DA:317,5
DA:319,5
DA:320,5
DA:322,5
DA:325,0
DA:326,0
DA:330,0
DA:331,0
DA:337,10
DA:338,0
DA:340,10
DA:341,10
DA:349,10
DA:393,1
DA:394,7
DA:396,7
DA:397,7
DA:408,7
DA:409,0
DA:419,7
DA:422,1
DA:423,0
DA:424,0
DA:426,0
DA:429,1
DA:430,53
DA:431,53
DA:433,53
DA:434,53
DA:436,53
DA:437,0
DA:443,0
DA:451,53
DA:455,53
DA:461,53
DA:472,1
DA:485,1
DA:487,1
DA:488,0
DA:492,1
LF:136
LH:82
BRDA:80,0,0,0
BRDA:80,0,1,5
BRDA:80,1,0,5
BRDA:80,1,1,5
BRDA:89,2,0,0
BRDA:89,2,1,5
BRDA:95,3,0,5
BRDA:95,3,1,0
BRDA:99,4,0,5
BRDA:99,4,1,0
BRDA:99,5,0,5
BRDA:99,5,1,5
BRDA:102,6,0,0
BRDA:102,6,1,5
BRDA:104,7,0,0
BRDA:104,7,1,5
BRDA:106,8,0,0
BRDA:106,8,1,5
BRDA:109,9,0,5
BRDA:109,9,1,0
BRDA:126,10,0,0
BRDA:126,10,1,5
BRDA:132,11,0,0
BRDA:132,11,1,0
BRDA:140,12,0,0
BRDA:140,12,1,3
BRDA:140,13,0,3
BRDA:140,13,1,0
BRDA:146,14,0,2
BRDA:146,14,1,3
BRDA:152,15,0,0
BRDA:152,15,1,3
BRDA:160,16,0,0
BRDA:160,16,1,0
BRDA:179,17,0,0
BRDA:179,17,1,0
BRDA:198,18,0,0
BRDA:198,18,1,0
BRDA:211,19,0,7
BRDA:211,19,1,0
BRDA:212,20,0,7
BRDA:212,20,1,0
BRDA:237,21,0,0
BRDA:237,21,1,7
BRDA:238,22,0,0
BRDA:238,22,1,0
BRDA:245,23,0,7
BRDA:245,23,1,0
BRDA:248,24,0,7
BRDA:248,24,1,3
BRDA:256,25,0,7
BRDA:256,25,1,7
BRDA:265,26,0,10
BRDA:265,26,1,0
BRDA:274,27,0,2
BRDA:274,27,1,6
BRDA:303,28,0,7
BRDA:303,28,1,0
BRDA:305,29,0,0
BRDA:305,29,1,0
BRDA:314,30,0,5
BRDA:314,30,1,5
BRDA:314,31,0,10
BRDA:314,31,1,5
BRDA:316,32,0,5
BRDA:316,32,1,0
BRDA:317,33,0,5
BRDA:317,33,1,5
BRDA:319,34,0,0
BRDA:319,34,1,5
BRDA:320,35,0,0
BRDA:320,35,1,5
BRDA:325,36,0,0
BRDA:325,36,1,0
BRDA:330,37,0,0
BRDA:330,37,1,0
BRDA:337,38,0,0
BRDA:337,38,1,10
BRDA:337,39,0,10
BRDA:337,39,1,10
BRDA:343,40,0,10
BRDA:343,40,1,2
BRDA:366,41,0,6
BRDA:366,41,1,4
BRDA:370,42,0,6
BRDA:370,42,1,6
BRDA:378,43,0,6
BRDA:378,43,1,6
BRDA:396,44,0,7
BRDA:396,44,1,0
BRDA:396,45,0,7
BRDA:396,45,1,7
BRDA:408,46,0,0
BRDA:408,46,1,7
BRDA:408,47,0,7
BRDA:408,47,1,7
BRDA:423,48,0,0
BRDA:423,48,1,0
BRDA:424,49,0,0
BRDA:424,49,1,0
BRDA:433,50,0,53
BRDA:433,50,1,0
BRDA:436,51,0,0
BRDA:436,51,1,53
BRDA:438,52,0,0
BRDA:438,52,1,0
BRDA:438,53,0,0
BRDA:438,53,1,0
BRDA:438,53,2,0
BRDA:444,54,0,0
BRDA:444,54,1,0
BRDA:444,55,0,0
BRDA:444,55,1,0
BRDA:452,56,0,0
BRDA:452,56,1,53
BRDA:452,57,0,53
BRDA:452,57,1,0
BRDA:456,58,0,33
BRDA:456,58,1,20
BRDA:456,59,0,53
BRDA:456,59,1,33
BRDA:464,60,0,23
BRDA:464,60,1,30
BRF:123
BRH:66
end_of_record
TN:
SF:/Users/mohdashraf/Desktop/reactivesearch/packages/vue/src/components/range/RangeInput.jsx
FN:25,(anonymous_0)
FN:49,(anonymous_1)
FN:75,(anonymous_2)
FN:85,(anonymous_3)
FN:91,(anonymous_4)
FN:115,(anonymous_5)
FN:118,(anonymous_6)
FN:121,(anonymous_7)
FN:151,(anonymous_8)
FN:156,(anonymous_9)
FN:164,(anonymous_10)
FN:172,(anonymous_11)
FN:275,(anonymous_12)
FN:283,(anonymous_13)
FNF:14
FNH:8
FNDA:4,(anonymous_0)
FNDA:0,(anonymous_1)
FNDA:5,(anonymous_2)
FNDA:4,(anonymous_3)
FNDA:5,(anonymous_4)
FNDA:0,(anonymous_5)
FNDA:4,(anonymous_6)
FNDA:0,(anonymous_7)
FNDA:0,(anonymous_8)
FNDA:0,(anonymous_9)
FNDA:4,(anonymous_10)
FNDA:4,(anonymous_11)
FNDA:24,(anonymous_12)
FNDA:0,(anonymous_13)
DA:13,1
DA:15,1
DA:26,4
DA:34,4
DA:50,0
DA:76,5
DA:77,5
DA:78,0
DA:80,5
DA:81,5
DA:83,0
DA:86,4
DA:87,0
DA:89,4
DA:92,5
DA:93,5
DA:94,1
DA:96,0
DA:97,0
DA:102,0
DA:103,0
DA:104,0
DA:106,0
DA:107,0
DA:108,0
DA:110,1
DA:111,1
DA:116,0
DA:119,4
DA:122,0
DA:123,0
DA:124,0
DA:125,0
DA:127,0
DA:129,0
DA:130,0
DA:131,0
DA:132,0
DA:135,0
DA:136,0
DA:137,0
DA:142,0
DA:152,0
DA:153,0
DA:157,0
DA:158,0
DA:159,0
DA:165,4
DA:166,1
DA:168,4
DA:169,0
DA:195,4
DA:196,4
DA:275,24
DA:279,1
DA:283,1
DA:284,0
DA:288,1
LF:58
LH:25
BRDA:28,0,0,4
BRDA:28,0,1,0
BRDA:29,1,0,4
BRDA:29,1,1,0
BRDA:77,2,0,0
BRDA:77,2,1,5
BRDA:77,3,0,5
BRDA:77,3,1,0
BRDA:80,4,0,5
BRDA:80,4,1,0
BRDA:86,5,0,0
BRDA:86,5,1,4
BRDA:86,6,0,4
BRDA:86,6,1,0
BRDA:93,7,0,1
BRDA:93,7,1,4
BRDA:93,8,0,5
BRDA:93,8,1,5
BRDA:94,9,0,0
BRDA:94,9,1,0
BRDA:94,9,2,1
BRDA:96,10,0,0
BRDA:96,10,1,0
BRDA:98,11,0,0
BRDA:98,11,1,0
BRDA:99,12,0,0
BRDA:99,12,1,0
BRDA:116,13,0,0
BRDA:116,13,1,0
BRDA:123,14,0,0
BRDA:123,14,1,0
BRDA:124,15,0,0
BRDA:124,15,1,0
BRDA:129,16,0,0
BRDA:129,16,1,0
BRDA:129,17,0,0
BRDA:129,17,1,0
BRDA:131,18,0,0
BRDA:131,18,1,0
BRDA:131,19,0,0
BRDA:131,19,1,0
BRDA:135,20,0,0
BRDA:135,20,1,0
BRDA:135,21,0,0
BRDA:135,21,1,0
BRDA:136,22,0,0
BRDA:136,22,1,0
BRDA:152,23,0,0
BRDA:152,23,1,0
BRDA:152,24,0,0
BRDA:152,24,1,0
BRDA:157,25,0,0
BRDA:157,25,1,0
BRDA:158,26,0,0
BRDA:158,26,1,0
BRDA:165,27,0,1
BRDA:165,27,1,3
BRDA:165,28,0,4
BRDA:165,28,1,1
BRDA:165,28,2,1
BRDA:168,29,0,0
BRDA:168,29,1,4
BRDA:223,30,0,4
BRDA:223,30,1,4
BRDA:233,31,0,4
BRDA:233,31,1,0
BRDA:234,32,0,4
BRDA:234,32,1,4
BRDA:243,33,0,4
BRDA:243,33,1,0
BRDA:257,34,0,4
BRDA:257,34,1,0
BRDA:258,35,0,4
BRDA:258,35,1,4
BRDA:267,36,0,4
BRDA:267,36,1,0
BRF:76
BRH:28
end_of_record
TN:
SF:/Users/mohdashraf/Desktop/reactivesearch/packages/vue/src/components/range/RangeSlider.jsx
FN:25,(anonymous_0)
FN:59,(anonymous_1)
FN:70,(anonymous_2)
FN:74,(anonymous_3)
FN:75,(anonymous_4)
FN:93,(anonymous_5)
FN:128,(anonymous_6)
FN:136,(anonymous_7)
FN:140,(anonymous_8)
FN:146,(anonymous_9)
FN:153,(anonymous_10)
FN:160,(anonymous_11)
FN:175,(anonymous_12)
FN:190,(anonymous_13)
FN:199,(anonymous_14)
FN:241,(anonymous_15)
FN:267,(anonymous_16)
FN:277,(anonymous_17)
FN:302,(anonymous_18)
FNF:19
FNH:13
FNDA:9,(anonymous_0)
FNDA:0,(anonymous_1)
FNDA:0,(anonymous_2)
FNDA:5,(anonymous_3)
FNDA:5,(anonymous_4)
FNDA:5,(anonymous_5)
FNDA:9,(anonymous_6)
FNDA:0,(anonymous_7)
FNDA:0,(anonymous_8)
FNDA:5,(anonymous_9)
FNDA:0,(anonymous_10)
FNDA:9,(anonymous_11)
FNDA:9,(anonymous_12)
FNDA:9,(anonymous_13)
FNDA:9,(anonymous_14)
FNDA:5,(anonymous_15)
FNDA:5,(anonymous_16)
FNDA:38,(anonymous_17)
FNDA:0,(anonymous_18)
DA:13,2
DA:15,2
DA:17,2
DA:26,9
DA:30,9
DA:60,0
DA:61,0
DA:62,0
DA:64,0
DA:71,0
DA:72,0
DA:75,5
DA:76,5
DA:77,5
DA:78,5
DA:79,5
DA:82,5
DA:94,5
DA:95,5
DA:97,5
DA:98,0
DA:99,0
DA:100,0
DA:110,5
DA:111,5
DA:113,5
DA:114,5
DA:115,5
DA:129,9
DA:130,9
DA:132,0
DA:137,0
DA:141,0
DA:142,0
DA:147,5
DA:148,0
DA:149,0
DA:154,0
DA:155,0
DA:161,9
DA:162,0
DA:167,9
DA:168,0
DA:173,9
DA:176,9
DA:177,9
DA:178,9
DA:179,9
DA:180,0
DA:181,9
DA:182,0
DA:183,9
DA:184,4
DA:185,5
DA:186,1
DA:191,9
DA:200,9
DA:241,2
DA:242,5
DA:243,5
DA:244,5
DA:254,5
DA:255,0
DA:264,5
DA:267,2
DA:268,5
DA:269,5
DA:271,0
DA:272,0
DA:274,0
DA:277,38
DA:289,2
DA:295,2
DA:302,2
DA:303,0
DA:307,2
LF:76
LH:50
BRDA:27,0,0,9
BRDA:27,0,1,0
BRDA:61,1,0,0
BRDA:61,1,1,0
BRDA:74,2,0,5
BRDA:97,3,0,0
BRDA:97,3,1,5
BRDA:98,4,0,0
BRDA:98,4,1,0
BRDA:113,5,0,5
BRDA:113,5,1,3
BRDA:120,6,0,5
BRDA:120,6,1,5
BRDA:129,7,0,9
BRDA:129,7,1,0
BRDA:141,8,0,0
BRDA:141,8,1,0
BRDA:147,9,0,0
BRDA:147,9,1,5
BRDA:154,10,0,0
BRDA:154,10,1,0
BRDA:161,11,0,0
BRDA:161,11,1,9
BRDA:167,12,0,0
BRDA:167,12,1,9
BRDA:167,13,0,9
BRDA:167,13,1,9
BRDA:178,14,0,9
BRDA:178,14,1,0
BRDA:179,15,0,0
BRDA:179,15,1,9
BRDA:181,16,0,0
BRDA:181,16,1,9
BRDA:183,17,0,4
BRDA:183,17,1,5
BRDA:185,18,0,1
BRDA:185,18,1,4
BRDA:193,19,0,9
BRDA:193,19,1,2
BRDA:198,20,0,9
BRDA:198,20,1,0
BRDA:213,21,0,9
BRDA:213,21,1,5
BRDA:217,22,0,5
BRDA:217,22,1,5
BRDA:225,23,0,5
BRDA:225,23,1,5
BRDA:243,24,0,5
BRDA:243,24,1,0
BRDA:243,25,0,5
BRDA:243,25,1,5
BRDA:254,26,0,0
BRDA:254,26,1,5
BRDA:254,27,0,5
BRDA:254,27,1,5
BRDA:268,28,0,5
BRDA:268,28,1,0
BRDA:269,29,0,0
BRDA:269,29,1,5
BRDA:271,30,0,0
BRDA:271,30,1,0
BRDA:278,31,0,0
BRDA:278,31,1,38
BRDA:279,32,0,0
BRDA:279,32,1,0
BRDA:282,33,0,15
BRDA:282,33,1,23
BRF:67
BRH:40
end_of_record
TN:
SF:/Users/mohdashraf/Desktop/reactivesearch/packages/vue/src/components/range/addons/ssr.js
FN:8,(anonymous_0)
FNF:1
FNH:1
FNDA:3,(anonymous_0)
DA:8,3
DA:9,3
DA:10,3
DA:11,0
DA:14,0
DA:16,0
DA:19,3
LF:7
LH:4
BRDA:10,0,0,0
BRDA:10,0,1,3
BRF:2
BRH:1
end_of_record
TN:
SF:/Users/mohdashraf/Desktop/reactivesearch/packages/vue/src/components/result/ReactiveList.jsx
FN:49,(anonymous_0)
FN:64,(anonymous_1)
FN:97,(anonymous_2)
FN:151,(anonymous_3)
FN:154,(anonymous_4)
FN:157,(anonymous_5)
FN:160,(anonymous_6)
FN:163,(anonymous_7)
FN:170,(anonymous_8)
FN:173,(anonymous_9)
FN:177,(anonymous_10)
FN:183,(anonymous_11)
FN:185,(anonymous_12)
FN:194,(anonymous_13)
FN:199,(anonymous_14)
FN:204,(anonymous_15)
FN:209,(anonymous_16)
FN:214,(anonymous_17)
FN:219,(anonymous_18)
FN:224,(anonymous_19)
FN:257,(anonymous_20)
FN:262,(anonymous_21)
FN:267,(anonymous_22)
FN:272,(anonymous_23)
FN:296,(anonymous_24)
FN:301,(anonymous_25)
FN:306,(anonymous_26)
FN:315,(anonymous_27)
FN:321,(anonymous_28)
FN:405,(anonymous_29)
FN:411,(anonymous_30)
FN:482,(anonymous_31)
FN:489,(anonymous_32)
FN:503,(anonymous_33)
FN:506,(anonymous_34)
FN:519,(anonymous_35)
FN:525,(anonymous_36)
FN:551,(anonymous_37)
FN:565,(anonymous_38)
FN:574,(anonymous_39)
FN:604,(anonymous_40)
FN:632,(anonymous_41)
FN:654,(anonymous_42)
FN:667,(anonymous_43)
FN:694,(anonymous_44)
FN:698,(anonymous_45)
FN:705,(anonymous_46)
FN:714,(anonymous_47)
FN:722,(anonymous_48)
FN:724,(anonymous_49)
FN:730,(anonymous_50)
FN:745,(anonymous_51)
FN:756,(anonymous_52)
FN:772,(anonymous_53)
FN:805,(anonymous_54)
FN:818,(anonymous_55)
FN:820,(anonymous_56)
FN:859,(anonymous_57)
FNF:58
FNH:21
FNDA:11,(anonymous_0)
FNDA:11,(anonymous_1)
FNDA:0,(anonymous_2)
FNDA:11,(anonymous_3)
FNDA:2,(anonymous_4)
FNDA:0,(anonymous_5)
FNDA:0,(anonymous_6)
FNDA:10,(anonymous_7)
FNDA:11,(anonymous_8)
FNDA:11,(anonymous_9)
FNDA:11,(anonymous_10)
FNDA:0,(anonymous_11)
FNDA:0,(anonymous_12)
FNDA:0,(anonymous_13)
FNDA:0,(anonymous_14)
FNDA:0,(anonymous_15)
FNDA:0,(anonymous_16)
FNDA:0,(anonymous_17)
FNDA:0,(anonymous_18)
FNDA:0,(anonymous_19)
FNDA:0,(anonymous_20)
FNDA:0,(anonymous_21)
FNDA:0,(anonymous_22)
FNDA:0,(anonymous_23)
FNDA:0,(anonymous_24)
FNDA:0,(anonymous_25)
FNDA:0,(anonymous_26)
FNDA:0,(anonymous_27)
FNDA:11,(anonymous_28)
FNDA:0,(anonymous_29)
FNDA:11,(anonymous_30)
FNDA:11,(anonymous_31)
FNDA:11,(anonymous_32)
FNDA:25,(anonymous_33)
FNDA:0,(anonymous_34)
FNDA:0,(anonymous_35)
FNDA:0,(anonymous_36)
FNDA:11,(anonymous_37)
FNDA:0,(anonymous_38)
FNDA:0,(anonymous_39)
FNDA:0,(anonymous_40)
FNDA:9,(anonymous_41)
FNDA:1,(anonymous_42)
FNDA:0,(anonymous_43)
FNDA:0,(anonymous_44)
FNDA:0,(anonymous_45)
FNDA:0,(anonymous_46)
FNDA:0,(anonymous_47)
FNDA:12,(anonymous_48)
FNDA:0,(anonymous_49)
FNDA:18,(anonymous_50)
FNDA:6,(anonymous_51)
FNDA:6,(anonymous_52)
FNDA:55,(anonymous_53)
FNDA:0,(anonymous_54)
FNDA:0,(anonymous_55)
FNDA:0,(anonymous_56)
FNDA:0,(anonymous_57)
DA:31,1
DA:41,1
DA:43,1
DA:50,11
DA:51,11
DA:52,11
DA:53,0
DA:54,11
DA:55,0
DA:58,11
DA:62,11
DA:65,11
DA:67,11
DA:68,0
DA:72,11
DA:73,0
DA:77,11
DA:78,0
DA:82,11
DA:83,0
DA:87,11
DA:88,11
DA:89,0
DA:90,0
DA:92,11
DA:94,11
DA:95,11
DA:96,0
DA:97,0
DA:101,11
DA:106,11
DA:152,11
DA:155,2
DA:158,0
DA:161,0
DA:164,10
DA:171,11
DA:175,11
DA:178,11
DA:179,11
DA:180,11
DA:182,11
DA:183,0
DA:184,0
DA:185,0
DA:188,0
DA:190,11
DA:195,0
DA:196,0
DA:200,0
DA:201,0
DA:205,0
DA:206,0
DA:210,0
DA:211,0
DA:215,0
DA:216,0
DA:220,0
DA:221,0
DA:225,0
DA:226,0
DA:227,0
DA:228,0
DA:229,0
DA:231,0
DA:232,0
DA:234,0
DA:235,0
DA:236,0
DA:239,0
DA:240,0
DA:246,0
DA:253,0
DA:254,0
DA:258,0
DA:259,0
DA:263,0
DA:264,0
DA:268,0
DA:269,0
DA:273,0
DA:274,0
DA:276,0
DA:277,0
DA:278,0
DA:279,0
DA:280,0
DA:281,0
DA:284,0
DA:285,0
DA:286,0
DA:288,0
DA:289,0
DA:291,0
DA:297,0
DA:298,0
DA:302,0
DA:303,0
DA:307,0
DA:308,0
DA:309,0
DA:311,0
DA:316,0
DA:317,0
DA:322,11
DA:323,0
DA:331,11
DA:332,11
DA:334,11
DA:335,0
DA:336,0
DA:337,0
DA:345,0
DA:350,11
DA:351,0
DA:360,11
DA:362,11
DA:363,0
DA:364,0
DA:366,0
DA:367,0
DA:370,0
DA:373,11
DA:375,11
DA:376,11
DA:382,11
DA:383,0
DA:391,11
DA:400,11
DA:401,7
DA:406,0
DA:407,0
DA:412,11
DA:413,11
DA:414,11
DA:483,11
DA:484,11
DA:485,0
DA:487,11
DA:490,11
DA:492,11
DA:494,11
DA:504,25
DA:507,0
DA:513,11
DA:520,0
DA:521,0
DA:523,0
DA:524,0
DA:525,0
DA:527,0
DA:528,0
DA:536,0
DA:537,0
DA:545,0
DA:552,11
DA:553,11
DA:554,11
DA:555,11
DA:556,0
DA:562,11
DA:566,0
DA:570,0
DA:575,0
DA:576,0
DA:577,0
DA:586,0
DA:587,0
DA:589,0
DA:590,0
DA:592,0
DA:593,0
DA:606,0
DA:607,0
DA:608,0
DA:609,0
DA:610,0
DA:611,0
DA:612,0
DA:613,0
DA:614,0
DA:622,0
DA:634,9
DA:635,9
DA:636,1
DA:638,8
DA:639,5
DA:651,3
DA:656,1
DA:657,1
DA:658,0
DA:660,1
DA:668,0
DA:669,0
DA:671,0
DA:672,0
DA:673,0
DA:674,0
DA:675,0
DA:682,0
DA:684,0
DA:689,0
DA:690,0
DA:691,0
DA:695,0
DA:696,0
DA:697,0
DA:698,0
DA:699,0
DA:700,0
DA:703,0
DA:706,0
DA:715,0
DA:723,12
DA:724,12
DA:731,18
DA:732,18
DA:733,18
DA:734,18
DA:735,18
DA:746,6
DA:747,6
DA:757,6
DA:758,6
DA:768,6
DA:772,55
DA:795,1
DA:805,1
DA:806,0
DA:814,0
DA:815,0
DA:816,0
DA:818,0
DA:819,0
DA:820,0
DA:821,0
DA:822,0
DA:829,0
DA:836,0
DA:837,0
DA:838,0
DA:839,0
DA:848,0
DA:851,1
DA:859,1
DA:860,0
DA:861,0
DA:862,0
DA:865,1
LF:249
LH:88
BRDA:51,0,0,11
BRDA:51,0,1,11
BRDA:52,1,0,0
BRDA:52,1,1,11
BRDA:54,2,0,0
BRDA:54,2,1,11
BRDA:67,3,0,0
BRDA:67,3,1,11
BRDA:67,4,0,11
BRDA:67,4,1,4
BRDA:72,5,0,0
BRDA:72,5,1,11
BRDA:72,6,0,11
BRDA:72,6,1,0
BRDA:72,6,2,0
BRDA:77,7,0,0
BRDA:77,7,1,11
BRDA:77,8,0,11
BRDA:77,8,1,11
BRDA:77,8,2,11
BRDA:82,9,0,0
BRDA:82,9,1,11
BRDA:82,10,0,11
BRDA:82,10,1,11
BRDA:87,11,0,11
BRDA:87,11,1,11
BRDA:88,12,0,0
BRDA:88,12,1,11
BRDA:95,13,0,0
BRDA:95,13,1,11
BRDA:95,14,0,11
BRDA:95,14,1,0
BRDA:95,14,2,0
BRDA:152,15,0,11
BRDA:152,15,1,4
BRDA:155,16,0,2
BRDA:155,16,1,0
BRDA:158,17,0,0
BRDA:158,17,1,0
BRDA:161,18,0,0
BRDA:161,18,1,0
BRDA:175,19,0,11
BRDA:175,19,1,11
BRDA:178,20,0,11
BRDA:178,20,1,0
BRDA:179,21,0,11
BRDA:179,21,1,11
BRDA:182,22,0,0
BRDA:182,22,1,11
BRDA:184,23,0,0
BRDA:184,23,1,0
BRDA:195,24,0,0
BRDA:195,24,1,0
BRDA:200,25,0,0
BRDA:200,25,1,0
BRDA:205,26,0,0
BRDA:205,26,1,0
BRDA:210,27,0,0
BRDA:210,27,1,0
BRDA:215,28,0,0
BRDA:215,28,1,0
BRDA:220,29,0,0
BRDA:220,29,1,0
BRDA:225,30,0,0
BRDA:225,30,1,0
BRDA:229,31,0,0
BRDA:229,31,1,0
BRDA:231,32,0,0
BRDA:231,32,1,0
BRDA:235,33,0,0
BRDA:235,33,1,0
BRDA:258,34,0,0
BRDA:258,34,1,0
BRDA:263,35,0,0
BRDA:263,35,1,0
BRDA:268,36,0,0
BRDA:268,36,1,0
BRDA:274,37,0,0
BRDA:274,37,1,0
BRDA:276,38,0,0
BRDA:276,38,1,0
BRDA:276,39,0,0
BRDA:276,39,1,0
BRDA:276,39,2,0
BRDA:277,40,0,0
BRDA:277,40,1,0
BRDA:280,41,0,0
BRDA:280,41,1,0
BRDA:284,42,0,0
BRDA:284,42,1,0
BRDA:284,43,0,0
BRDA:284,43,1,0
BRDA:285,44,0,0
BRDA:285,44,1,0
BRDA:285,45,0,0
BRDA:285,45,1,0
BRDA:286,46,0,0
BRDA:286,46,1,0
BRDA:288,47,0,0
BRDA:288,47,1,0
BRDA:297,48,0,0
BRDA:297,48,1,0
BRDA:302,49,0,0
BRDA:302,49,1,0
BRDA:302,50,0,0
BRDA:302,50,1,0
BRDA:302,50,2,0
BRDA:307,51,0,0
BRDA:307,51,1,0
BRDA:308,52,0,0
BRDA:308,52,1,0
BRDA:316,53,0,0
BRDA:316,53,1,0
BRDA:316,54,0,0
BRDA:316,54,1,0
BRDA:317,55,0,0
BRDA:317,55,1,0
BRDA:322,56,0,0
BRDA:322,56,1,11
BRDA:322,57,0,11
BRDA:322,57,1,0
BRDA:334,58,0,0
BRDA:334,58,1,11
BRDA:334,59,0,11
BRDA:334,59,1,0
BRDA:350,60,0,0
BRDA:350,60,1,11
BRDA:362,61,0,0
BRDA:362,61,1,11
BRDA:366,62,0,0
BRDA:366,62,1,0
BRDA:373,63,0,11
BRDA:373,63,1,11
BRDA:382,64,0,0
BRDA:382,64,1,11
BRDA:400,65,0,7
BRDA:400,65,1,4
BRDA:406,66,0,0
BRDA:406,66,1,0
BRDA:413,67,0,11
BRDA:413,67,1,0
BRDA:416,68,0,11
BRDA:416,68,1,0
BRDA:416,68,2,0
BRDA:416,68,3,0
BRDA:416,68,4,0
BRDA:422,69,0,0
BRDA:422,69,1,11
BRDA:425,70,0,0
BRDA:425,70,1,11
BRDA:426,71,0,9
BRDA:426,71,1,2
BRDA:426,72,0,11
BRDA:426,72,1,10
BRDA:428,73,0,1
BRDA:428,73,1,10
BRDA:428,74,0,11
BRDA:428,74,1,11
BRDA:429,75,0,2
BRDA:429,75,1,9
BRDA:429,76,0,11
BRDA:429,76,1,4
BRDA:429,76,2,3
BRDA:442,77,0,0
BRDA:442,77,1,11
BRDA:442,78,0,11
BRDA:442,78,1,0
BRDA:443,79,0,0
BRDA:443,79,1,0
BRDA:443,79,2,0
BRDA:456,80,0,3
BRDA:456,80,1,8
BRDA:456,81,0,11
BRDA:456,81,1,4
BRDA:456,81,2,2
BRDA:469,82,0,0
BRDA:469,82,1,11
BRDA:469,83,0,11
BRDA:469,83,1,0
BRDA:483,84,0,11
BRDA:483,84,1,11
BRDA:484,85,0,0
BRDA:484,85,1,11
BRDA:484,86,0,11
BRDA:484,86,1,0
BRDA:484,86,2,0
BRDA:485,87,0,0
BRDA:485,87,1,0
BRDA:492,88,0,11
BRDA:492,88,1,11
BRDA:494,89,0,6
BRDA:494,89,1,5
BRDA:513,90,0,0
BRDA:513,90,1,11
BRDA:523,91,0,0
BRDA:523,91,1,0
BRDA:523,92,0,0
BRDA:523,92,1,0
BRDA:524,93,0,0
BRDA:524,93,1,0
BRDA:527,94,0,0
BRDA:527,94,1,0
BRDA:536,95,0,0
BRDA:536,95,1,0
BRDA:555,96,0,0
BRDA:555,96,1,11
BRDA:558,97,0,0
BRDA:558,97,1,0
BRDA:566,98,0,0
BRDA:566,98,1,0
BRDA:567,99,0,0
BRDA:567,99,1,0
BRDA:575,100,0,0
BRDA:575,100,1,0
BRDA:575,101,0,0
BRDA:575,101,1,0
BRDA:576,102,0,0
BRDA:576,102,1,0
BRDA:576,103,0,0
BRDA:576,103,1,0
BRDA:576,103,2,0
BRDA:586,104,0,0
BRDA:586,104,1,0
BRDA:606,105,0,0
BRDA:606,105,1,0
BRDA:634,106,0,9
BRDA:634,106,1,9
BRDA:635,107,0,1
BRDA:635,107,1,8
BRDA:635,108,0,9
BRDA:635,108,1,1
BRDA:638,109,0,5
BRDA:638,109,1,3
BRDA:646,110,0,5
BRDA:646,110,1,5
BRDA:656,111,0,1
BRDA:656,111,1,1
BRDA:657,112,0,0
BRDA:657,112,1,1
BRDA:658,113,0,0
BRDA:658,113,1,0
BRDA:661,114,0,1
BRDA:661,114,1,1
BRDA:662,115,0,0
BRDA:662,115,1,1
BRDA:669,116,0,0
BRDA:669,116,1,0
BRDA:669,117,0,0
BRDA:669,117,1,0
BRDA:696,118,0,0
BRDA:696,118,1,0
BRDA:699,119,0,0
BRDA:699,119,1,0
BRDA:699,120,0,0
BRDA:699,120,1,0
BRDA:732,121,0,18
BRDA:732,121,1,0
BRDA:733,122,0,18
BRDA:733,122,1,18
BRDA:737,123,0,18
BRDA:737,123,1,18
BRDA:749,124,0,6
BRDA:749,124,1,6
BRDA:750,125,0,6
BRDA:750,125,1,0
BRDA:760,126,0,6
BRDA:760,126,1,6
BRDA:774,127,0,55
BRDA:774,127,1,0
BRDA:776,128,0,55
BRDA:776,128,1,55
BRDA:781,129,0,55
BRDA:781,129,1,55
BRDA:782,130,0,55
BRDA:782,130,1,55
BRDA:783,131,0,55
BRDA:783,131,1,55
BRDA:784,132,0,55
BRDA:784,132,1,55
BRDA:789,133,0,55
BRDA:789,133,1,0
BRDA:789,133,2,0
BRDA:815,134,0,0
BRDA:815,134,1,0
BRDA:815,135,0,0
BRDA:815,135,1,0
BRDA:816,136,0,0
BRDA:816,136,1,0
BRDA:819,137,0,0
BRDA:819,137,1,0
BRDA:821,138,0,0
BRDA:821,138,1,0
BRDA:836,139,0,0
BRDA:836,139,1,0
BRDA:838,140,0,0
BRDA:838,140,1,0
BRF:296
BRH:115
end_of_record
TN:
SF:/Users/mohdashraf/Desktop/reactivesearch/packages/vue/src/components/result/ResultCard.jsx
FN:19,(anonymous_0)
FN:35,(anonymous_1)
FNF:2
FNH:1
FNDA:25,(anonymous_0)
FNDA:0,(anonymous_1)
DA:8,1
DA:20,25
DA:21,25
DA:22,25
DA:35,1
DA:36,0
DA:37,0
DA:38,0
DA:39,0
LF:9
LH:5
BRDA:26,0,0,25
BRDA:26,0,1,0
BRF:2
BRH:1
end_of_record
TN:
SF:/Users/mohdashraf/Desktop/reactivesearch/packages/vue/src/components/result/addons/ImpressionTracker.jsx
FN:9,(anonymous_0)
FN:12,(anonymous_1)
FN:23,(anonymous_2)
FN:35,(anonymous_3)
FN:42,(anonymous_4)
FN:47,(anonymous_5)
FN:50,(anonymous_6)
FN:51,(anonymous_7)
FN:59,(anonymous_8)
FN:68,(anonymous_9)
FN:79,(anonymous_10)
FN:82,(anonymous_11)
FN:91,(anonymous_12)
FN:106,(anonymous_13)
FN:113,(anonymous_14)
FN:118,(anonymous_15)
FN:128,(anonymous_16)
FN:131,(anonymous_17)
FN:138,(anonymous_18)
FN:142,(anonymous_19)
FN:143,(anonymous_20)
FN:143,(anonymous_21)
FN:146,(anonymous_22)
FN:156,(anonymous_23)
FNF:24
FNH:0
FNDA:0,(anonymous_0)
FNDA:0,(anonymous_1)
FNDA:0,(anonymous_2)
FNDA:0,(anonymous_3)
FNDA:0,(anonymous_4)
FNDA:0,(anonymous_5)
FNDA:0,(anonymous_6)
FNDA:0,(anonymous_7)
FNDA:0,(anonymous_8)
FNDA:0,(anonymous_9)
FNDA:0,(anonymous_10)
FNDA:0,(anonymous_11)
FNDA:0,(anonymous_12)
FNDA:0,(anonymous_13)
FNDA:0,(anonymous_14)
FNDA:0,(anonymous_15)
FNDA:0,(anonymous_16)
FNDA:0,(anonymous_17)
FNDA:0,(anonymous_18)
FNDA:0,(anonymous_19)
FNDA:0,(anonymous_20)
FNDA:0,(anonymous_21)
FNDA:0,(anonymous_22)
FNDA:0,(anonymous_23)
DA:5,1
DA:7,1
DA:9,1
DA:10,0
DA:12,0
DA:13,0
DA:17,1
DA:25,0
DA:29,0
DA:33,0
DA:36,0
DA:38,0
DA:39,0
DA:44,0
DA:48,0
DA:50,0
DA:51,0
DA:52,0
DA:53,0
DA:60,0
DA:61,0
DA:69,0
DA:71,0
DA:72,0
DA:73,0
DA:76,0
DA:80,0
DA:81,0
DA:82,0
DA:83,0
DA:84,0
DA:86,0
DA:92,0
DA:93,0
DA:94,0
DA:99,0
DA:100,0
DA:102,0
DA:107,0
DA:108,0
DA:109,0
DA:112,0
DA:113,0
DA:114,0
DA:115,0
DA:116,0
DA:118,0
DA:119,0
DA:121,0
DA:126,0
DA:129,0
DA:132,0
DA:133,0
DA:135,0
DA:139,0
DA:140,0
DA:143,0
DA:147,0
DA:151,1
DA:156,0
LF:60
LH:5
BRDA:38,0,0,0
BRDA:38,0,1,0
BRDA:48,1,0,0
BRDA:48,1,1,0
BRDA:48,2,0,0
BRDA:48,2,1,0
BRDA:52,3,0,0
BRDA:52,3,1,0
BRDA:62,4,0,0
BRDA:62,4,1,0
BRDA:62,4,2,0
BRDA:62,4,3,0
BRDA:64,5,0,0
BRDA:64,5,1,0
BRDA:65,6,0,0
BRDA:65,6,1,0
BRDA:72,7,0,0
BRDA:72,7,1,0
BRDA:72,8,0,0
BRDA:72,8,1,0
BRDA:80,9,0,0
BRDA:80,9,1,0
BRDA:83,10,0,0
BRDA:83,10,1,0
BRDA:83,11,0,0
BRDA:83,11,1,0
BRDA:93,12,0,0
BRDA:93,12,1,0
BRDA:93,13,0,0
BRDA:93,13,1,0
BRDA:99,14,0,0
BRDA:99,14,1,0
BRDA:107,15,0,0
BRDA:107,15,1,0
BRDA:112,16,0,0
BRDA:112,16,1,0
BRDA:112,17,0,0
BRDA:112,17,1,0
BRDA:115,18,0,0
BRDA:115,18,1,0
BRDA:116,19,0,0
BRDA:116,19,1,0
BRDA:132,20,0,0
BRDA:132,20,1,0
BRDA:139,21,0,0
BRDA:139,21,1,0
BRDA:140,22,0,0
BRDA:140,22,1,0
BRF:48
BRH:0
end_of_record
TN:
SF:/Users/mohdashraf/Desktop/reactivesearch/packages/vue/src/components/result/addons/Pagination.jsx
FN:7,getStartPage
FN:26,(anonymous_1)
FN:29,(anonymous_2)
FN:35,(anonymous_3)
FN:50,(anonymous_4)
FN:81,(anonymous_5)
FN:81,(anonymous_6)
FN:83,(anonymous_7)
FN:96,(anonymous_8)
FN:110,(anonymous_9)
FN:120,(anonymous_10)
FN:120,(anonymous_11)
FN:121,(anonymous_12)
FN:141,(anonymous_13)
FN:151,(anonymous_14)
FNF:15
FNH:4
FNDA:5,getStartPage
FNDA:5,(anonymous_1)
FNDA:0,(anonymous_2)
FNDA:0,(anonymous_3)
FNDA:5,(anonymous_4)
FNDA:0,(anonymous_5)
FNDA:0,(anonymous_6)
FNDA:0,(anonymous_7)
FNDA:5,(anonymous_8)
FNDA:0,(anonymous_9)
FNDA:0,(anonymous_10)
FNDA:0,(anonymous_11)
FNDA:0,(anonymous_12)
FNDA:0,(anonymous_13)
FNDA:0,(anonymous_14)
DA:6,1
DA:8,5
DA:9,5
DA:10,5
DA:13,1
DA:27,5
DA:29,5
DA:30,0
DA:31,0
DA:35,5
DA:36,0
DA:37,0
DA:41,5
DA:42,0
DA:45,5
DA:46,5
DA:48,5
DA:50,5
DA:51,5
DA:53,5
DA:56,5
DA:57,5
DA:58,5
DA:59,5
DA:60,0
DA:65,5
DA:66,0
DA:67,0
DA:69,5
DA:70,20
DA:72,20
DA:77,20
DA:81,0
DA:83,0
DA:88,20
DA:89,20
DA:93,5
DA:96,5
DA:97,5
DA:98,5
DA:99,0
DA:100,0
DA:102,0
DA:105,5
DA:110,0
DA:120,0
DA:121,0
DA:141,0
DA:151,1
DA:152,0
LF:50
LH:32
BRDA:9,0,0,0
BRDA:9,0,1,5
BRDA:10,1,0,0
BRDA:10,1,1,5
BRDA:30,2,0,0
BRDA:30,2,1,0
BRDA:36,3,0,0
BRDA:36,3,1,0
BRDA:41,4,0,0
BRDA:41,4,1,5
BRDA:48,5,0,5
BRDA:48,5,1,0
BRDA:48,6,0,5
BRDA:48,6,1,5
BRDA:48,7,0,5
BRDA:48,7,1,0
BRDA:53,8,0,5
BRDA:53,8,1,0
BRDA:57,9,0,5
BRDA:57,9,1,0
BRDA:58,10,0,5
BRDA:58,10,1,0
BRDA:59,11,0,0
BRDA:59,11,1,5
BRDA:61,12,0,0
BRDA:61,12,1,0
BRDA:65,13,0,0
BRDA:65,13,1,5
BRDA:72,14,0,0
BRDA:72,14,1,20
BRDA:72,15,0,20
BRDA:72,15,1,20
BRDA:73,16,0,0
BRDA:73,16,1,0
BRDA:88,17,0,20
BRDA:88,17,1,0
BRDA:98,18,0,5
BRDA:98,18,1,0
BRDA:99,19,0,0
BRDA:99,19,1,0
BRDA:99,20,0,0
BRDA:99,20,1,0
BRDA:108,21,0,5
BRDA:108,21,1,5
BRDA:114,22,0,5
BRDA:114,22,1,5
BRDA:127,23,0,0
BRDA:127,23,1,5
BRDA:127,24,0,5
BRDA:127,24,1,0
BRDA:132,25,0,0
BRDA:132,25,1,5
BRDA:132,26,0,5
BRDA:132,26,1,0
BRDA:132,26,2,0
BRDA:137,27,0,5
BRDA:137,27,1,0
BRDA:137,27,2,0
BRDA:139,28,0,5
BRDA:139,28,1,5
BRDA:145,29,0,5
BRDA:145,29,1,5
BRF:62
BRH:30
end_of_record
TN:
SF:/Users/mohdashraf/Desktop/reactivesearch/packages/vue/src/components/result/addons/PoweredBy.jsx
FN:3,(anonymous_0)
FNF:1
FNH:0
FNDA:0,(anonymous_0)
DA:3,1
DA:4,0
LF:2
LH:1
BRF:0
BRH:0
end_of_record
TN:
SF:/Users/mohdashraf/Desktop/reactivesearch/packages/vue/src/components/result/addons/ResultCardDescription.jsx
FN:4,(anonymous_0)
FN:8,(anonymous_1)
FNF:2
FNH:1
FNDA:25,(anonymous_0)
FNDA:0,(anonymous_1)
DA:1,1
DA:5,25
DA:8,1
DA:9,0
LF:4
LH:3
BRF:0
BRH:0
end_of_record
TN:
SF:/Users/mohdashraf/Desktop/reactivesearch/packages/vue/src/components/result/addons/ResultCardImage.jsx
FN:9,(anonymous_0)
FN:14,(anonymous_1)
FNF:2
FNH:1
FNDA:25,(anonymous_0)
FNDA:0,(anonymous_1)
DA:4,1
DA:10,25
DA:11,25
DA:14,1
DA:15,0
LF:5
LH:4
BRF:0
BRH:0
end_of_record
TN:
SF:/Users/mohdashraf/Desktop/reactivesearch/packages/vue/src/components/result/addons/ResultCardTitle.jsx
FN:5,(anonymous_0)
FN:10,(anonymous_1)
FNF:2
FNH:1
FNDA:25,(anonymous_0)
FNDA:0,(anonymous_1)
DA:3,1
DA:6,25
DA:7,25
DA:10,1
DA:11,0
LF:5
LH:4
BRF:0
BRH:0
end_of_record
TN:
SF:/Users/mohdashraf/Desktop/reactivesearch/packages/vue/src/components/result/addons/ResultCardsWrapper.jsx
FN:6,(anonymous_0)
FN:14,(anonymous_1)
FNF:2
FNH:0
FNDA:0,(anonymous_0)
FNDA:0,(anonymous_1)
DA:3,1
DA:7,0
DA:14,1
DA:15,0
LF:4
LH:2
BRF:0
BRH:0
end_of_record
TN:
SF:/Users/mohdashraf/Desktop/reactivesearch/packages/vue/src/components/result/addons/ResultListWrapper.jsx
FN:6,(anonymous_0)
FN:14,(anonymous_1)
FNF:2
FNH:0
FNDA:0,(anonymous_0)
FNDA:0,(anonymous_1)
DA:3,1
DA:7,0
DA:14,1
DA:15,0
LF:4
LH:2
BRF:0
BRH:0
end_of_record
TN:
SF:/Users/mohdashraf/Desktop/reactivesearch/packages/vue/src/components/shared/CancelSvg.js
FN:1,(anonymous_0)
FNF:1
FNH:0
FNDA:0,(anonymous_0)
DA:2,0
LF:1
LH:0
BRF:0
BRH:0
end_of_record
TN:
SF:/Users/mohdashraf/Desktop/reactivesearch/packages/vue/src/components/shared/DropDown.jsx
FN:17,(anonymous_0)
FN:55,(anonymous_1)
FN:76,(anonymous_2)
FN:101,(anonymous_3)
FN:162,(anonymous_4)
FN:168,(anonymous_5)
FN:253,(anonymous_6)
FN:257,(anonymous_7)
FN:261,(anonymous_8)
FN:273,(anonymous_9)
FN:277,(anonymous_10)
FN:290,(anonymous_11)
FN:295,(anonymous_12)
FN:299,(anonymous_13)
FN:308,(anonymous_14)
FN:325,(anonymous_15)
FN:335,(anonymous_16)
FNF:17
FNH:9
FNDA:12,(anonymous_0)
FNDA:12,(anonymous_1)
FNDA:24,(anonymous_2)
FNDA:12,(anonymous_3)
FNDA:20,(anonymous_4)
FNDA:0,(anonymous_5)
FNDA:0,(anonymous_6)
FNDA:0,(anonymous_7)
FNDA:0,(anonymous_8)
FNDA:0,(anonymous_9)
FNDA:20,(anonymous_10)
FNDA:0,(anonymous_11)
FNDA:0,(anonymous_12)
FNDA:18,(anonymous_13)
FNDA:2,(anonymous_14)
FNDA:0,(anonymous_15)
FNDA:2,(anonymous_16)
DA:15,2
DA:16,2
DA:18,12
DA:22,12
DA:69,12
DA:70,12
DA:72,12
DA:73,0
DA:76,12
DA:77,24
DA:78,24
DA:82,0
DA:89,24
DA:92,0
DA:94,12
DA:109,12
DA:164,20
DA:169,0
DA:172,20
DA:173,10
DA:174,20
DA:254,0
DA:258,0
DA:262,0
DA:263,0
DA:265,0
DA:268,0
DA:269,0
DA:270,0
DA:274,0
DA:278,20
DA:280,20
DA:281,0
DA:283,20
DA:284,2
DA:287,18
DA:291,0
DA:292,0
DA:296,0
DA:300,18
DA:301,18
DA:302,0
DA:303,0
DA:304,0
DA:307,18
DA:308,2
DA:309,2
DA:311,16
DA:312,12
DA:313,0
DA:315,12
DA:316,2
DA:319,10
DA:322,4
DA:327,0
DA:328,0
DA:337,2
DA:340,2
DA:356,2
DA:357,0
DA:371,2
LF:61
LH:37
BRDA:72,0,0,0
BRDA:72,0,1,12
BRDA:77,1,0,24
BRDA:77,1,1,0
BRDA:78,2,0,0
BRDA:78,2,1,24
BRDA:79,3,0,24
BRDA:79,3,1,4
BRDA:118,4,0,12
BRDA:118,4,1,12
BRDA:120,5,0,7
BRDA:120,5,1,5
BRDA:125,6,0,0
BRDA:125,6,1,12
BRDA:129,7,0,7
BRDA:129,7,1,5
BRDA:137,8,0,2
BRDA:137,8,1,10
BRDA:145,9,0,10
BRDA:145,9,1,0
BRDA:145,10,0,10
BRDA:145,10,1,10
BRDA:148,11,0,0
BRDA:148,11,1,10
BRDA:151,12,0,2
BRDA:151,12,1,8
BRDA:160,13,0,0
BRDA:160,13,1,10
BRDA:160,14,0,10
BRDA:160,14,1,10
BRDA:164,15,0,20
BRDA:164,15,1,10
BRDA:164,15,2,10
BRDA:164,15,3,9
BRDA:164,15,4,0
BRDA:172,16,0,10
BRDA:172,16,1,10
BRDA:185,17,0,2
BRDA:185,17,1,18
BRDA:193,18,0,4
BRDA:193,18,1,16
BRDA:198,19,0,4
BRDA:198,19,1,0
BRDA:202,20,0,16
BRDA:202,20,1,0
BRDA:212,21,0,16
BRDA:212,21,1,12
BRDA:212,21,2,12
BRDA:216,22,0,12
BRDA:216,22,1,12
BRDA:229,23,0,1
BRDA:229,23,1,19
BRDA:229,24,0,20
BRDA:229,24,1,2
BRDA:232,25,0,1
BRDA:232,25,1,1
BRDA:262,26,0,0
BRDA:262,26,1,0
BRDA:268,27,0,0
BRDA:268,27,1,0
BRDA:280,28,0,0
BRDA:280,28,1,20
BRDA:281,29,0,0
BRDA:281,29,1,0
BRDA:283,30,0,2
BRDA:283,30,1,18
BRDA:284,31,0,0
BRDA:284,31,1,2
BRDA:287,32,0,0
BRDA:287,32,1,18
BRDA:301,33,0,0
BRDA:301,33,1,18
BRDA:303,34,0,0
BRDA:303,34,1,0
BRDA:307,35,0,2
BRDA:307,35,1,16
BRDA:307,36,0,18
BRDA:307,36,1,2
BRDA:311,37,0,12
BRDA:311,37,1,4
BRDA:311,38,0,16
BRDA:311,38,1,16
BRDA:312,39,0,0
BRDA:312,39,1,12
BRDA:315,40,0,2
BRDA:315,40,1,10
BRDA:327,41,0,0
BRDA:327,41,1,0
BRDA:329,42,0,0
BRDA:329,42,1,0
BRDA:330,43,0,0
BRDA:330,43,1,0
BRDA:356,44,0,0
BRDA:356,44,1,2
BRDA:360,45,0,0
BRDA:360,45,1,0
BRF:96
BRH:64
end_of_record
TN:
SF:/Users/mohdashraf/Desktop/reactivesearch/packages/vue/src/styles/Base.js
FN:3,(anonymous_0)
FN:9,(anonymous_1)
FN:10,(anonymous_2)
FN:11,(anonymous_3)
FN:18,(anonymous_4)
FNF:5
FNH:5
FNDA:53,(anonymous_0)
FNDA:53,(anonymous_1)
FNDA:53,(anonymous_2)
FNDA:53,(anonymous_3)
FNDA:53,(anonymous_4)
DA:3,8
DA:4,53
DA:5,53
DA:9,53
DA:10,53
DA:11,53
DA:18,53
LF:7
LH:7
BRDA:3,0,0,0
BRF:1
BRH:0
end_of_record
TN:
SF:/Users/mohdashraf/Desktop/reactivesearch/packages/vue/src/styles/Button.js
FN:5,(anonymous_0)
FN:73,(anonymous_1)
FN:83,(anonymous_2)
FN:88,(anonymous_3)
FN:113,(anonymous_4)
FN:114,(anonymous_5)
FN:121,(anonymous_6)
FN:127,(anonymous_7)
FN:128,(anonymous_8)
FN:131,(anonymous_9)
FN:132,(anonymous_10)
FN:133,(anonymous_11)
FNF:12
FNH:10
FNDA:0,(anonymous_0)
FNDA:5,(anonymous_1)
FNDA:0,(anonymous_2)
FNDA:5,(anonymous_3)
FNDA:35,(anonymous_4)
FNDA:35,(anonymous_5)
FNDA:35,(anonymous_6)
FNDA:35,(anonymous_7)
FNDA:35,(anonymous_8)
FNDA:35,(anonymous_9)
FNDA:35,(anonymous_10)
FNDA:35,(anonymous_11)
DA:5,3
DA:44,3
DA:54,3
DA:63,3
DA:73,5
DA:83,3
DA:88,5
DA:103,3
DA:113,35
DA:114,35
DA:122,35
DA:127,35
DA:128,35
DA:131,35
DA:132,35
DA:133,35
DA:136,3
LF:17
LH:17
BRDA:30,0,0,0
BRDA:30,0,1,0
BRDA:89,1,0,0
BRDA:89,1,1,5
BRDA:97,2,0,0
BRDA:97,2,1,5
BRDA:113,3,0,35
BRDA:113,3,1,35
BRDA:122,4,0,0
BRDA:122,4,1,35
BRDA:131,5,0,5
BRDA:131,5,1,30
BRDA:132,6,0,5
BRDA:132,6,1,30
BRDA:133,7,0,35
BRDA:133,7,1,0
BRF:16
BRH:10
end_of_record
TN:
SF:/Users/mohdashraf/Desktop/reactivesearch/packages/vue/src/styles/Card.js
FN:23,(anonymous_0)
FN:37,(anonymous_1)
FN:47,(anonymous_2)
FN:48,(anonymous_3)
FNF:4
FNH:4
FNDA:25,(anonymous_0)
FNDA:25,(anonymous_1)
FNDA:25,(anonymous_2)
FNDA:25,(anonymous_3)
DA:7,1
DA:19,1
DA:23,25
DA:29,1
DA:38,25
DA:47,25
DA:48,25
LF:7
LH:7
BRDA:23,0,0,25
BRDA:23,0,1,25
BRDA:38,1,0,0
BRDA:38,1,1,25
BRDA:48,2,0,0
BRDA:48,2,1,25
BRF:6
BRH:4
end_of_record
TN:
SF:/Users/mohdashraf/Desktop/reactivesearch/packages/vue/src/styles/Chevron.js
FN:23,(anonymous_0)
FNF:1
FNH:1
FNDA:12,(anonymous_0)
DA:4,2
DA:9,2
DA:23,12
LF:3
LH:3
BRDA:23,0,0,12
BRDA:23,0,1,0
BRF:2
BRH:1
end_of_record
TN:
SF:/Users/mohdashraf/Desktop/reactivesearch/packages/vue/src/styles/Container.js
FN:4,(anonymous_0)
FNF:1
FNH:1
FNDA:49,(anonymous_0)
DA:3,7
DA:4,49
LF:2
LH:2
BRF:0
BRH:0
end_of_record
TN:
SF:/Users/mohdashraf/Desktop/reactivesearch/packages/vue/src/styles/Content.js
FN:4,(anonymous_0)
FN:9,(anonymous_1)
FNF:2
FNH:0
FNDA:0,(anonymous_0)
FNDA:0,(anonymous_1)
DA:4,1
DA:8,1
DA:9,0
LF:3
LH:2
BRDA:9,0,0,0
BRDA:9,0,1,0
BRF:2
BRH:0
end_of_record
TN:
SF:/Users/mohdashraf/Desktop/reactivesearch/packages/vue/src/styles/Flex.js
FN:23,(anonymous_0)
FN:28,(anonymous_1)
FN:29,(anonymous_2)
FN:30,(anonymous_3)
FN:31,(anonymous_4)
FN:32,(anonymous_5)
FN:33,(anonymous_6)
FN:35,(anonymous_7)
FN:40,(anonymous_8)
FN:46,(anonymous_9)
FN:51,(anonymous_10)
FN:56,(anonymous_11)
FN:64,(anonymous_12)
FN:68,(anonymous_13)
FNF:14
FNH:13
FNDA:0,(anonymous_0)
FNDA:27,(anonymous_1)
FNDA:27,(anonymous_2)
FNDA:27,(anonymous_3)
FNDA:27,(anonymous_4)
FNDA:27,(anonymous_5)
FNDA:27,(anonymous_6)
FNDA:27,(anonymous_7)
FNDA:27,(anonymous_8)
FNDA:27,(anonymous_9)
FNDA:27,(anonymous_10)
FNDA:27,(anonymous_11)
FNDA:27,(anonymous_12)
FNDA:27,(anonymous_13)
DA:5,2
DA:10,2
DA:15,2
DA:19,2
DA:23,2
DA:27,2
DA:28,27
DA:29,27
DA:30,27
DA:31,27
DA:32,27
DA:33,27
DA:36,27
DA:41,27
DA:47,27
DA:52,27
DA:57,27
DA:64,27
DA:68,27
LF:19
LH:19
BRDA:24,0,0,0
BRDA:24,0,1,0
BRDA:28,1,0,0
BRDA:28,1,1,27
BRDA:29,2,0,27
BRDA:29,2,1,16
BRDA:29,2,2,11
BRDA:30,3,0,27
BRDA:30,3,1,27
BRDA:30,3,2,0
BRDA:31,4,0,27
BRDA:31,4,1,0
BRDA:32,5,0,27
BRDA:32,5,1,0
BRDA:33,6,0,27
BRDA:33,6,1,0
BRDA:36,7,0,27
BRDA:36,7,1,4
BRDA:41,8,0,27
BRDA:41,8,1,4
BRDA:47,9,0,27
BRDA:47,9,1,12
BRDA:52,10,0,27
BRDA:52,10,1,8
BRDA:57,11,0,27
BRDA:57,11,1,0
BRDA:64,12,0,27
BRDA:64,12,1,0
BRF:28
BRH:19
end_of_record
TN:
SF:/Users/mohdashraf/Desktop/reactivesearch/packages/vue/src/styles/FormControlList.js
FN:44,(anonymous_0)
FN:114,(anonymous_1)
FN:127,(anonymous_2)
FN:141,(anonymous_3)
FN:152,(anonymous_4)
FN:168,(anonymous_5)
FN:180,(anonymous_6)
FNF:7
FNH:7
FNDA:20,(anonymous_0)
FNDA:10,(anonymous_1)
FNDA:10,(anonymous_2)
FNDA:10,(anonymous_3)
FNDA:10,(anonymous_4)
FNDA:10,(anonymous_5)
FNDA:10,(anonymous_6)
DA:5,2
DA:11,2
DA:23,2
DA:44,20
DA:112,2
DA:114,10
DA:127,10
DA:141,10
DA:150,2
DA:152,10
DA:168,10
DA:180,10
DA:192,2
LF:13
LH:13
BRDA:82,0,0,20
BRDA:82,0,1,0
BRDA:114,1,0,8
BRDA:114,1,1,2
BRDA:152,2,0,8
BRDA:152,2,1,2
BRF:6
BRH:5
end_of_record
TN:
SF:/Users/mohdashraf/Desktop/reactivesearch/packages/vue/src/styles/IconGroup.js
FN:11,(anonymous_0)
FN:22,(anonymous_1)
FNF:2
FNH:0
FNDA:0,(anonymous_0)
FNDA:0,(anonymous_1)
DA:3,2
DA:12,0
DA:13,0
DA:19,0
DA:23,0
LF:5
LH:1
BRDA:12,0,0,0
BRDA:12,0,1,0
BRDA:23,1,0,0
BRDA:23,1,1,0
BRF:4
BRH:0
end_of_record
TN:
SF:/Users/mohdashraf/Desktop/reactivesearch/packages/vue/src/styles/IconWrapper.js
FN:13,(anonymous_0)
FN:18,(anonymous_1)
FNF:2
FNH:0
FNDA:0,(anonymous_0)
FNDA:0,(anonymous_1)
DA:3,2
DA:13,0
DA:18,0
LF:3
LH:1
BRDA:18,0,0,0
BRDA:18,0,1,0
BRF:2
BRH:0
end_of_record
TN:
SF:/Users/mohdashraf/Desktop/reactivesearch/packages/vue/src/styles/Input.js
FN:4,(anonymous_0)
FN:24,(anonymous_1)
FN:28,(anonymous_2)
FN:40,(anonymous_3)
FN:42,(anonymous_4)
FN:49,(anonymous_5)
FN:56,(anonymous_6)
FN:62,(anonymous_7)
FN:69,(anonymous_8)
FN:78,(anonymous_9)
FN:86,(anonymous_10)
FN:93,(anonymous_11)
FN:103,(anonymous_12)
FN:106,(anonymous_13)
FN:161,(anonymous_14)
FNF:15
FNH:11
FNDA:0,(anonymous_0)
FNDA:0,(anonymous_1)
FNDA:0,(anonymous_2)
FNDA:22,(anonymous_3)
FNDA:22,(anonymous_4)
FNDA:22,(anonymous_5)
FNDA:22,(anonymous_6)
FNDA:22,(anonymous_7)
FNDA:22,(anonymous_8)
FNDA:22,(anonymous_9)
FNDA:22,(anonymous_10)
FNDA:22,(anonymous_11)
FNDA:22,(anonymous_12)
FNDA:10,(anonymous_13)
FNDA:0,(anonymous_14)
DA:4,5
DA:8,5
DA:24,5
DA:28,5
DA:38,5
DA:40,22
DA:43,22
DA:50,22
DA:58,22
DA:64,22
DA:71,22
DA:80,22
DA:88,22
DA:95,22
DA:103,22
DA:106,10
DA:154,5
DA:161,5
LF:18
LH:18
BRDA:40,0,0,22
BRDA:40,0,1,0
BRDA:43,1,0,22
BRDA:43,1,1,0
BRDA:43,1,2,0
BRDA:50,2,0,22
BRDA:50,2,1,0
BRDA:50,2,2,0
BRDA:58,3,0,22
BRDA:58,3,1,0
BRDA:64,4,0,22
BRDA:64,4,1,0
BRDA:71,5,0,22
BRDA:71,5,1,0
BRDA:71,5,2,0
BRDA:71,5,3,0
BRDA:80,6,0,22
BRDA:80,6,1,0
BRDA:80,6,2,0
BRDA:80,6,3,0
BRDA:88,7,0,22
BRDA:88,7,1,0
BRDA:88,7,2,0
BRDA:95,8,0,22
BRDA:95,8,1,0
BRDA:95,8,2,0
BRDA:95,8,3,0
BRDA:95,8,4,0
BRDA:103,9,0,22
BRDA:103,9,1,0
BRDA:151,10,0,10
BRDA:151,10,1,0
BRDA:151,10,2,0
BRDA:200,11,0,0
BRDA:200,11,1,0
BRDA:200,11,2,0
BRF:36
BRH:11
end_of_record
TN:
SF:/Users/mohdashraf/Desktop/reactivesearch/packages/vue/src/styles/InputWrapper.js
FNF:0
FNH:0
DA:3,2
LF:1
LH:1
BRF:0
BRH:0
end_of_record
TN:
SF:/Users/mohdashraf/Desktop/reactivesearch/packages/vue/src/styles/ListItem.js
FN:23,(anonymous_0)
FN:28,(anonymous_1)
FN:37,(anonymous_2)
FN:43,(anonymous_3)
FN:47,(anonymous_4)
FN:48,(anonymous_5)
FN:51,(anonymous_6)
FN:74,(anonymous_7)
FN:80,(anonymous_8)
FNF:9
FNH:0
FNDA:0,(anonymous_0)
FNDA:0,(anonymous_1)
FNDA:0,(anonymous_2)
FNDA:0,(anonymous_3)
FNDA:0,(anonymous_4)
FNDA:0,(anonymous_5)
FNDA:0,(anonymous_6)
FNDA:0,(anonymous_7)
FNDA:0,(anonymous_8)
DA:7,1
DA:15,1
DA:20,1
DA:23,0
DA:28,0
DA:31,1
DA:38,0
DA:44,0
DA:47,0
DA:48,0
DA:52,0
DA:75,0
DA:76,0
DA:78,0
DA:80,0
LF:15
LH:4
BRDA:23,0,0,0
BRDA:23,0,1,0
BRDA:38,1,0,0
BRDA:38,1,1,0
BRDA:44,2,0,0
BRDA:44,2,1,0
BRDA:48,3,0,0
BRDA:48,3,1,0
BRDA:52,4,0,0
BRDA:52,4,1,0
BRDA:75,5,0,0
BRDA:75,5,1,0
BRDA:76,6,0,0
BRDA:76,6,1,0
BRDA:80,7,0,0
BRDA:80,7,1,0
BRF:16
BRH:0
end_of_record
TN:
SF:/Users/mohdashraf/Desktop/reactivesearch/packages/vue/src/styles/PoweredByImage.js
FNF:0
FNH:0
DA:3,1
LF:1
LH:1
BRF:0
BRH:0
end_of_record
TN:
SF:/Users/mohdashraf/Desktop/reactivesearch/packages/vue/src/styles/Select.js
FN:12,(anonymous_0)
FN:41,(anonymous_1)
FN:56,(anonymous_2)
FN:78,(anonymous_3)
FNF:4
FNH:3
FNDA:0,(anonymous_0)
FNDA:12,(anonymous_1)
FNDA:12,(anonymous_2)
FNDA:1,(anonymous_3)
DA:4,2
DA:12,2
DA:23,2
DA:41,12
DA:56,12
DA:59,2
DA:78,1
LF:7
LH:7
BRDA:41,0,0,0
BRDA:41,0,1,12
BRDA:56,1,0,12
BRDA:56,1,1,0
BRF:4
BRH:2
end_of_record
TN:
SF:/Users/mohdashraf/Desktop/reactivesearch/packages/vue/src/styles/Slider.js
FNF:0
FNH:0
DA:3,3
LF:1
LH:1
BRF:0
BRH:0
end_of_record
TN:
SF:/Users/mohdashraf/Desktop/reactivesearch/packages/vue/src/styles/Title.js
FN:6,(anonymous_0)
FNF:1
FNH:1
FNDA:29,(anonymous_0)
DA:3,8
DA:6,29
LF:2
LH:2
BRF:0
BRH:0
end_of_record
TN:
SF:/Users/mohdashraf/Desktop/reactivesearch/packages/vue/src/styles/results.js
FNF:0
FNH:0
DA:3,1
DA:8,1
LF:2
LH:2
BRF:0
BRH:0
end_of_record
TN:
SF:/Users/mohdashraf/Desktop/reactivesearch/packages/vue/src/styles/theme.js
FN:34,getTheme
FNF:1
FNH:1
FNDA:53,getTheme
DA:1,8
DA:7,8
DA:20,8
DA:35,53
DA:36,53
DA:38,0
LF:6
LH:5
BRDA:35,0,0,53
BRDA:35,0,1,0
BRF:2
BRH:1
end_of_record
TN:
SF:/Users/mohdashraf/Desktop/reactivesearch/packages/vue/src/utils/connector.js
FN:4,(anonymous_0)
FN:7,(anonymous_1)
FN:11,(anonymous_2)
FN:13,(anonymous_3)
FN:14,(anonymous_4)
FN:21,(anonymous_5)
FN:21,(anonymous_6)
FN:29,(anonymous_7)
FN:35,(anonymous_8)
FN:38,(anonymous_9)
FN:39,(anonymous_10)
FN:41,(anonymous_11)
FN:44,(anonymous_12)
FN:54,(anonymous_13)
FN:55,(anonymous_14)
FN:61,(anonymous_15)
FNF:16
FNH:11
FNDA:0,(anonymous_0)
FNDA:26,(anonymous_1)
FNDA:0,(anonymous_2)
FNDA:0,(anonymous_3)
FNDA:0,(anonymous_4)
FNDA:26,(anonymous_5)
FNDA:26,(anonymous_6)
FNDA:162,(anonymous_7)
FNDA:1359,(anonymous_8)
FNDA:162,(anonymous_9)
FNDA:1181,(anonymous_10)
FNDA:162,(anonymous_11)
FNDA:1019,(anonymous_12)
FNDA:186,(anonymous_13)
FNDA:565,(anonymous_14)
FNDA:0,(anonymous_15)
DA:4,8
DA:5,8
DA:7,8
DA:8,26
DA:10,0
DA:11,0
DA:12,0
DA:13,0
DA:14,0
DA:17,0
DA:21,26
DA:22,26
DA:24,26
DA:30,162
DA:35,1359
DA:39,1181
DA:41,162
DA:42,162
DA:44,162
DA:45,1019
DA:46,1019
DA:47,186
DA:48,186
DA:49,186
DA:54,162
DA:55,186
DA:56,565
DA:62,0
LF:28
LH:21
BRDA:8,0,0,26
BRDA:8,0,1,0
BRDA:10,1,0,0
BRDA:10,1,1,0
BRDA:21,2,0,0
BRDA:21,3,0,0
BRDA:31,4,0,162
BRDA:31,4,1,0
BRDA:39,5,0,1181
BRDA:39,5,1,0
BRDA:46,6,0,186
BRDA:46,6,1,833
BRF:12
BRH:5
end_of_record
TN:
SF:/Users/mohdashraf/Desktop/reactivesearch/packages/vue/src/utils/index.js
FN:14,(anonymous_0)
FN:21,(anonymous_1)
FN:39,(anonymous_2)
FN:42,parseValueArray
FN:48,(anonymous_4)
FN:52,(anonymous_5)
FN:62,(anonymous_6)
FN:73,(anonymous_7)
FN:79,(anonymous_8)
FN:80,(anonymous_9)
FN:82,(anonymous_10)
FN:85,(anonymous_11)
FN:89,(anonymous_12)
FN:99,(anonymous_13)
FN:109,(anonymous_14)
FN:119,(anonymous_15)
FN:128,(anonymous_16)
FN:130,(anonymous_17)
FN:138,(anonymous_18)
FN:140,isNumeric
FN:145,isHotkeyCombination
FN:153,getCharFromCharCode
FN:161,parseFocusShortcuts
FN:165,(anonymous_23)
FN:199,extractModifierKeysFromFocusShortcuts
FN:200,(anonymous_25)
FN:203,(anonymous_26)
FN:206,(anonymous_27)
FNF:28
FNH:9
FNDA:26,(anonymous_0)
FNDA:53,(anonymous_1)
FNDA:7,(anonymous_2)
FNDA:0,parseValueArray
FNDA:0,(anonymous_4)
FNDA:0,(anonymous_5)
FNDA:10,(anonymous_6)
FNDA:39,(anonymous_7)
FNDA:0,(anonymous_8)
FNDA:0,(anonymous_9)
FNDA:0,(anonymous_10)
FNDA:28,(anonymous_11)
FNDA:42,(anonymous_12)
FNDA:0,(anonymous_13)
FNDA:0,(anonymous_14)
FNDA:0,(anonymous_15)
FNDA:403,(anonymous_16)
FNDA:403,(anonymous_17)
FNDA:0,(anonymous_18)
FNDA:0,isNumeric
FNDA:0,isHotkeyCombination
FNDA:0,getCharFromCharCode
FNDA:0,parseFocusShortcuts
FNDA:0,(anonymous_23)
FNDA:0,extractModifierKeysFromFocusShortcuts
FNDA:0,(anonymous_25)
FNDA:0,(anonymous_26)
FNDA:0,(anonymous_27)
DA:9,8
DA:14,26
DA:19,8
DA:21,53
DA:39,8
DA:44,0
DA:45,0
DA:47,0
DA:48,0
DA:51,0
DA:52,0
DA:54,0
DA:62,8
DA:63,10
DA:64,10
DA:65,10
DA:66,10
DA:67,0
DA:73,8
DA:74,39
DA:75,39
DA:76,39
DA:79,8
DA:80,0
DA:82,8
DA:83,0
DA:85,8
DA:86,28
DA:89,8
DA:90,42
DA:99,8
DA:100,0
DA:102,0
DA:109,8
DA:110,0
DA:111,0
DA:112,0
DA:113,0
DA:119,8
DA:120,0
DA:121,0
DA:128,8
DA:129,403
DA:130,403
DA:131,403
DA:134,403
DA:135,403
DA:138,8
DA:141,0
DA:146,0
DA:154,0
DA:155,0
DA:156,0
DA:162,0
DA:164,0
DA:165,0
DA:166,0
DA:167,0
DA:169,0
DA:170,0
DA:172,0
DA:173,0
DA:174,0
DA:175,0
DA:177,0
DA:180,0
DA:181,0
DA:182,0
DA:183,0
DA:186,0
DA:190,0
DA:193,0
DA:196,8
DA:200,0
DA:203,8
DA:204,0
DA:206,0
DA:207,0
LF:78
LH:32
BRDA:21,0,0,0
BRDA:21,1,0,0
BRDA:44,2,0,0
BRDA:44,2,1,0
BRDA:48,3,0,0
BRDA:48,3,1,0
BRDA:51,4,0,0
BRDA:51,4,1,0
BRDA:62,5,0,0
BRDA:62,6,0,0
BRDA:63,7,0,10
BRDA:63,7,1,0
BRDA:64,8,0,10
BRDA:64,8,1,0
BRDA:65,9,0,10
BRDA:65,9,1,10
BRDA:66,10,0,10
BRDA:66,10,1,0
BRDA:73,11,0,0
BRDA:74,12,0,39
BRDA:74,12,1,0
BRDA:75,13,0,39
BRDA:75,13,1,0
BRDA:76,14,0,39
BRDA:76,14,1,39
BRDA:79,15,0,0
BRDA:83,16,0,0
BRDA:83,16,1,0
BRDA:83,16,2,0
BRDA:100,17,0,0
BRDA:100,17,1,0
BRDA:100,18,0,0
BRDA:100,18,1,0
BRDA:109,19,0,0
BRDA:109,20,0,0
BRDA:110,21,0,0
BRDA:110,21,1,0
BRDA:111,22,0,0
BRDA:111,22,1,0
BRDA:112,23,0,0
BRDA:112,23,1,0
BRDA:119,24,0,0
BRDA:120,25,0,0
BRDA:120,25,1,0
BRDA:121,26,0,0
BRDA:121,26,1,0
BRDA:128,27,0,0
BRDA:131,28,0,0
BRDA:131,28,1,403
BRDA:135,29,0,403
BRDA:135,29,1,0
BRDA:138,30,0,0
BRDA:138,30,1,0
BRDA:138,30,2,0
BRDA:146,31,0,0
BRDA:146,31,1,0
BRDA:156,32,0,0
BRDA:156,32,1,0
BRDA:162,33,0,0
BRDA:162,33,1,0
BRDA:166,34,0,0
BRDA:166,34,1,0
BRDA:167,35,0,0
BRDA:167,35,1,0
BRDA:174,36,0,0
BRDA:174,36,1,0
BRDA:182,37,0,0
BRDA:182,37,1,0
BRF:68
BRH:11
end_of_record
TN:
SF:/Users/mohdashraf/Desktop/reactivesearch/packages/vue/src/utils/shallowEqual.js
FN:6,is
FN:14,shallowEqual
FNF:2
FNH:2
FNDA:3429,is
FNDA:1019,shallowEqual
DA:4,8
DA:7,3429
DA:8,2224
DA:11,1205
DA:15,1019
DA:16,1019
DA:22,0
DA:25,1019
DA:26,1019
DA:28,1019
DA:30,1019
DA:31,2410
DA:32,186
DA:36,833
LF:14
LH:13
BRDA:7,0,0,2224
BRDA:7,0,1,1205
BRDA:8,1,0,2224
BRDA:8,1,1,33
BRDA:8,1,2,33
BRDA:11,2,0,1205
BRDA:11,2,1,0
BRDA:15,3,0,0
BRDA:15,3,1,1019
BRDA:16,4,0,0
BRDA:16,4,1,1019
BRDA:17,5,0,1019
BRDA:17,5,1,1019
BRDA:17,5,2,1019
BRDA:17,5,3,1019
BRDA:28,6,0,0
BRDA:28,6,1,1019
BRDA:31,7,0,186
BRDA:31,7,1,2224
BRDA:31,8,0,2410
BRDA:31,8,1,2410
BRF:21
BRH:17
end_of_record
TN:
SF:/Users/mohdashraf/Desktop/reactivesearch/packages/vue/src/utils/vueTypes.js
FN:13,validateLocation
FNF:1
FNH:0
FNDA:0,validateLocation
DA:4,8
DA:6,8
DA:15,0
DA:16,0
DA:18,0
DA:19,0
DA:21,0
DA:22,0
DA:24,0
DA:27,8
LF:10
LH:3
BRDA:15,0,0,0
BRDA:15,0,1,0
BRDA:18,1,0,0
BRDA:18,1,1,0
BRDA:18,2,0,0
BRDA:18,2,1,0
BRDA:18,2,2,0
BRDA:21,3,0,0
BRDA:21,3,1,0
BRDA:21,4,0,0
BRDA:21,4,1,0
BRDA:21,4,2,0
BRF:12
BRH:0
end_of_record
